CRITICAL - 2022-04-03 11:51:28 --> Call to undefined method CodeIgniter\Database\MySQLi\Builder::getNextRow()
#0 A:\kodein\kodein.codes\app\Controllers\Home.php(228): App\Models\KelasModel->kelasSoal('html-1', '2')
#1 A:\kodein\kodein.codes\system\CodeIgniter.php(918): App\Controllers\Home->mulaiKelas('html-1', '2')
#2 A:\kodein\kodein.codes\system\CodeIgniter.php(404): CodeIgniter\CodeIgniter->runController(Object(App\Controllers\Home))
#3 A:\kodein\kodein.codes\system\CodeIgniter.php(312): CodeIgniter\CodeIgniter->handleRequest(NULL, Object(Config\Cache), false)
#4 A:\kodein\kodein.codes\public\index.php(45): CodeIgniter\CodeIgniter->run()
#5 A:\kodein\kodein.codes\system\Commands\Server\rewrite.php(34): require_once('A:\\kodein\\kodei...')
#6 {main}
CRITICAL - 2022-04-03 11:54:53 --> Call to undefined method CodeIgniter\Database\MySQLi\Builder::getNextRow()
#0 A:\kodein\kodein.codes\app\Controllers\Home.php(228): App\Models\KelasModel->kelasSoal('html-1', '2')
#1 A:\kodein\kodein.codes\system\CodeIgniter.php(918): App\Controllers\Home->mulaiKelas('html-1', '2')
#2 A:\kodein\kodein.codes\system\CodeIgniter.php(404): CodeIgniter\CodeIgniter->runController(Object(App\Controllers\Home))
#3 A:\kodein\kodein.codes\system\CodeIgniter.php(312): CodeIgniter\CodeIgniter->handleRequest(NULL, Object(Config\Cache), false)
#4 A:\kodein\kodein.codes\public\index.php(45): CodeIgniter\CodeIgniter->run()
#5 A:\kodein\kodein.codes\system\Commands\Server\rewrite.php(34): require_once('A:\\kodein\\kodei...')
#6 {main}
CRITICAL - 2022-04-03 12:00:26 --> Call to undefined method CodeIgniter\Database\MySQLi\Builder::getNextRow()
#0 A:\kodein\kodein.codes\app\Controllers\Home.php(228): App\Models\KelasModel->kelasSoal('html-1', '2')
#1 A:\kodein\kodein.codes\system\CodeIgniter.php(918): App\Controllers\Home->mulaiKelas('html-1', '2')
#2 A:\kodein\kodein.codes\system\CodeIgniter.php(404): CodeIgniter\CodeIgniter->runController(Object(App\Controllers\Home))
#3 A:\kodein\kodein.codes\system\CodeIgniter.php(312): CodeIgniter\CodeIgniter->handleRequest(NULL, Object(Config\Cache), false)
#4 A:\kodein\kodein.codes\public\index.php(45): CodeIgniter\CodeIgniter->run()
#5 A:\kodein\kodein.codes\system\Commands\Server\rewrite.php(34): require_once('A:\\kodein\\kodei...')
#6 {main}
CRITICAL - 2022-04-03 12:00:27 --> Call to undefined method CodeIgniter\Database\MySQLi\Builder::getNextRow()
#0 A:\kodein\kodein.codes\app\Controllers\Home.php(228): App\Models\KelasModel->kelasSoal('html-1', '2')
#1 A:\kodein\kodein.codes\system\CodeIgniter.php(918): App\Controllers\Home->mulaiKelas('html-1', '2')
#2 A:\kodein\kodein.codes\system\CodeIgniter.php(404): CodeIgniter\CodeIgniter->runController(Object(App\Controllers\Home))
#3 A:\kodein\kodein.codes\system\CodeIgniter.php(312): CodeIgniter\CodeIgniter->handleRequest(NULL, Object(Config\Cache), false)
#4 A:\kodein\kodein.codes\public\index.php(45): CodeIgniter\CodeIgniter->run()
#5 A:\kodein\kodein.codes\system\Commands\Server\rewrite.php(34): require_once('A:\\kodein\\kodei...')
#6 {main}
CRITICAL - 2022-04-03 12:05:08 --> Call to undefined method CodeIgniter\Database\MySQLi\Builder::getNextRow()
#0 A:\kodein\kodein.codes\app\Controllers\Home.php(228): App\Models\KelasModel->kelasSoal('html-1', '2')
#1 A:\kodein\kodein.codes\system\CodeIgniter.php(918): App\Controllers\Home->mulaiKelas('html-1', '2')
#2 A:\kodein\kodein.codes\system\CodeIgniter.php(404): CodeIgniter\CodeIgniter->runController(Object(App\Controllers\Home))
#3 A:\kodein\kodein.codes\system\CodeIgniter.php(312): CodeIgniter\CodeIgniter->handleRequest(NULL, Object(Config\Cache), false)
#4 A:\kodein\kodein.codes\public\index.php(45): CodeIgniter\CodeIgniter->run()
#5 A:\kodein\kodein.codes\system\Commands\Server\rewrite.php(34): require_once('A:\\kodein\\kodei...')
#6 {main}
CRITICAL - 2022-04-03 12:05:15 --> Call to undefined method CodeIgniter\Database\MySQLi\Builder::getNextRow()
#0 A:\kodein\kodein.codes\app\Controllers\Home.php(228): App\Models\KelasModel->kelasSoal('html-1', '2')
#1 A:\kodein\kodein.codes\system\CodeIgniter.php(918): App\Controllers\Home->mulaiKelas('html-1', '2')
#2 A:\kodein\kodein.codes\system\CodeIgniter.php(404): CodeIgniter\CodeIgniter->runController(Object(App\Controllers\Home))
#3 A:\kodein\kodein.codes\system\CodeIgniter.php(312): CodeIgniter\CodeIgniter->handleRequest(NULL, Object(Config\Cache), false)
#4 A:\kodein\kodein.codes\public\index.php(45): CodeIgniter\CodeIgniter->run()
#5 A:\kodein\kodein.codes\system\Commands\Server\rewrite.php(34): require_once('A:\\kodein\\kodei...')
#6 {main}
CRITICAL - 2022-04-03 12:05:15 --> Call to undefined method CodeIgniter\Database\MySQLi\Builder::getNextRow()
#0 A:\kodein\kodein.codes\app\Controllers\Home.php(228): App\Models\KelasModel->kelasSoal('html-1', '2')
#1 A:\kodein\kodein.codes\system\CodeIgniter.php(918): App\Controllers\Home->mulaiKelas('html-1', '2')
#2 A:\kodein\kodein.codes\system\CodeIgniter.php(404): CodeIgniter\CodeIgniter->runController(Object(App\Controllers\Home))
#3 A:\kodein\kodein.codes\system\CodeIgniter.php(312): CodeIgniter\CodeIgniter->handleRequest(NULL, Object(Config\Cache), false)
#4 A:\kodein\kodein.codes\public\index.php(45): CodeIgniter\CodeIgniter->run()
#5 A:\kodein\kodein.codes\system\Commands\Server\rewrite.php(34): require_once('A:\\kodein\\kodei...')
#6 {main}
CRITICAL - 2022-04-03 12:05:32 --> Call to undefined method CodeIgniter\Database\MySQLi\Builder::getNextRow()
#0 A:\kodein\kodein.codes\app\Controllers\Home.php(228): App\Models\KelasModel->kelasSoal('html-1', '2')
#1 A:\kodein\kodein.codes\system\CodeIgniter.php(918): App\Controllers\Home->mulaiKelas('html-1', '2')
#2 A:\kodein\kodein.codes\system\CodeIgniter.php(404): CodeIgniter\CodeIgniter->runController(Object(App\Controllers\Home))
#3 A:\kodein\kodein.codes\system\CodeIgniter.php(312): CodeIgniter\CodeIgniter->handleRequest(NULL, Object(Config\Cache), false)
#4 A:\kodein\kodein.codes\public\index.php(45): CodeIgniter\CodeIgniter->run()
#5 A:\kodein\kodein.codes\system\Commands\Server\rewrite.php(34): require_once('A:\\kodein\\kodei...')
#6 {main}
CRITICAL - 2022-04-03 12:06:27 --> Call to undefined method CodeIgniter\Database\MySQLi\Builder::getNextRow()
#0 A:\kodein\kodein.codes\app\Controllers\Home.php(228): App\Models\KelasModel->kelasSoal('html-1', '2')
#1 A:\kodein\kodein.codes\system\CodeIgniter.php(918): App\Controllers\Home->mulaiKelas('html-1', '2')
#2 A:\kodein\kodein.codes\system\CodeIgniter.php(404): CodeIgniter\CodeIgniter->runController(Object(App\Controllers\Home))
#3 A:\kodein\kodein.codes\system\CodeIgniter.php(312): CodeIgniter\CodeIgniter->handleRequest(NULL, Object(Config\Cache), false)
#4 A:\kodein\kodein.codes\public\index.php(45): CodeIgniter\CodeIgniter->run()
#5 A:\kodein\kodein.codes\system\Commands\Server\rewrite.php(34): require_once('A:\\kodein\\kodei...')
#6 {main}
CRITICAL - 2022-04-03 12:18:54 --> Cannot use object of type stdClass as array
#0 A:\kodein\kodein.codes\system\CodeIgniter.php(918): App\Controllers\Home->mulaiKelas('html-1', '2')
#1 A:\kodein\kodein.codes\system\CodeIgniter.php(404): CodeIgniter\CodeIgniter->runController(Object(App\Controllers\Home))
#2 A:\kodein\kodein.codes\system\CodeIgniter.php(312): CodeIgniter\CodeIgniter->handleRequest(NULL, Object(Config\Cache), false)
#3 A:\kodein\kodein.codes\public\index.php(45): CodeIgniter\CodeIgniter->run()
#4 A:\kodein\kodein.codes\system\Commands\Server\rewrite.php(34): require_once('A:\\kodein\\kodei...')
#5 {main}
CRITICAL - 2022-04-03 12:19:08 --> Cannot use object of type stdClass as array
#0 A:\kodein\kodein.codes\system\CodeIgniter.php(918): App\Controllers\Home->mulaiKelas('html-1', '2')
#1 A:\kodein\kodein.codes\system\CodeIgniter.php(404): CodeIgniter\CodeIgniter->runController(Object(App\Controllers\Home))
#2 A:\kodein\kodein.codes\system\CodeIgniter.php(312): CodeIgniter\CodeIgniter->handleRequest(NULL, Object(Config\Cache), false)
#3 A:\kodein\kodein.codes\public\index.php(45): CodeIgniter\CodeIgniter->run()
#4 A:\kodein\kodein.codes\system\Commands\Server\rewrite.php(34): require_once('A:\\kodein\\kodei...')
#5 {main}
CRITICAL - 2022-04-03 12:30:07 --> Class 'id_materi' not found
#0 [internal function]: CodeIgniter\Debug\Exceptions->shutdownHandler()
#1 {main}
