CRITICAL - 2021-06-14 22:16:41 --> Unable to connect to the database.
#0 A:\kodein\kodein.codes\system\Database\BaseConnection.php(646): CodeIgniter\Database\BaseConnection->initialize()
#1 A:\kodein\kodein.codes\system\Database\BaseBuilder.php(1860): CodeIgniter\Database\BaseConnection->query('SELECT *\nFROM `...', Array, false)
#2 A:\kodein\kodein.codes\system\Model.php(506): CodeIgniter\Database\BaseBuilder->get()
#3 A:\kodein\kodein.codes\app\Controllers\Home.php(63): CodeIgniter\Model->first()
#4 A:\kodein\kodein.codes\system\CodeIgniter.php(918): App\Controllers\Home->login()
#5 A:\kodein\kodein.codes\system\CodeIgniter.php(404): CodeIgniter\CodeIgniter->runController(Object(App\Controllers\Home))
#6 A:\kodein\kodein.codes\system\CodeIgniter.php(312): CodeIgniter\CodeIgniter->handleRequest(NULL, Object(Config\Cache), false)
#7 A:\kodein\kodein.codes\public\index.php(45): CodeIgniter\CodeIgniter->run()
#8 A:\kodein\kodein.codes\system\Commands\Server\rewrite.php(34): require_once('A:\\kodein\\kodei...')
#9 {main}
CRITICAL - 2021-06-14 22:16:53 --> Unable to connect to the database.
#0 A:\kodein\kodein.codes\system\Database\BaseConnection.php(646): CodeIgniter\Database\BaseConnection->initialize()
#1 A:\kodein\kodein.codes\system\Database\BaseBuilder.php(1860): CodeIgniter\Database\BaseConnection->query('SELECT *\nFROM `...', Array, false)
#2 A:\kodein\kodein.codes\system\Model.php(506): CodeIgniter\Database\BaseBuilder->get()
#3 A:\kodein\kodein.codes\app\Controllers\Home.php(63): CodeIgniter\Model->first()
#4 A:\kodein\kodein.codes\system\CodeIgniter.php(918): App\Controllers\Home->login()
#5 A:\kodein\kodein.codes\system\CodeIgniter.php(404): CodeIgniter\CodeIgniter->runController(Object(App\Controllers\Home))
#6 A:\kodein\kodein.codes\system\CodeIgniter.php(312): CodeIgniter\CodeIgniter->handleRequest(NULL, Object(Config\Cache), false)
#7 A:\kodein\kodein.codes\public\index.php(45): CodeIgniter\CodeIgniter->run()
#8 A:\kodein\kodein.codes\system\Commands\Server\rewrite.php(34): require_once('A:\\kodein\\kodei...')
#9 {main}
CRITICAL - 2021-06-14 22:16:57 --> Unable to connect to the database.
#0 A:\kodein\kodein.codes\system\Database\BaseConnection.php(646): CodeIgniter\Database\BaseConnection->initialize()
#1 A:\kodein\kodein.codes\system\Database\BaseBuilder.php(1860): CodeIgniter\Database\BaseConnection->query('SELECT *\nFROM `...', Array, false)
#2 A:\kodein\kodein.codes\system\Model.php(506): CodeIgniter\Database\BaseBuilder->get()
#3 A:\kodein\kodein.codes\app\Controllers\Home.php(63): CodeIgniter\Model->first()
#4 A:\kodein\kodein.codes\system\CodeIgniter.php(918): App\Controllers\Home->login()
#5 A:\kodein\kodein.codes\system\CodeIgniter.php(404): CodeIgniter\CodeIgniter->runController(Object(App\Controllers\Home))
#6 A:\kodein\kodein.codes\system\CodeIgniter.php(312): CodeIgniter\CodeIgniter->handleRequest(NULL, Object(Config\Cache), false)
#7 A:\kodein\kodein.codes\public\index.php(45): CodeIgniter\CodeIgniter->run()
#8 A:\kodein\kodein.codes\system\Commands\Server\rewrite.php(34): require_once('A:\\kodein\\kodei...')
#9 {main}
