CRITICAL - 2022-03-04 09:22:51 --> Call to a member function destroy() on string
#0 A:\kodein\kodein.codes\system\View\View.php(246): include()
#1 A:\kodein\kodein.codes\system\Common.php(1119): CodeIgniter\View\View->render('playground/inCo...', Array, true)
#2 A:\kodein\kodein.codes\app\Controllers\Home.php(270): view('playground/inCo...', Array)
#3 A:\kodein\kodein.codes\system\CodeIgniter.php(918): App\Controllers\Home->mulaiKelas('html-1', '1')
#4 A:\kodein\kodein.codes\system\CodeIgniter.php(404): CodeIgniter\CodeIgniter->runController(Object(App\Controllers\Home))
#5 A:\kodein\kodein.codes\system\CodeIgniter.php(312): CodeIgniter\CodeIgniter->handleRequest(NULL, Object(Config\Cache), false)
#6 A:\kodein\kodein.codes\public\index.php(45): CodeIgniter\CodeIgniter->run()
#7 A:\kodein\kodein.codes\system\Commands\Server\rewrite.php(34): require_once('A:\\kodein\\kodei...')
#8 {main}
CRITICAL - 2022-03-04 20:35:43 --> Unsupported operand types
#0 A:\kodein\kodein.codes\app\Controllers\Home.php(263): App\Models\LoginModel->updateExp('admin', 100)
#1 A:\kodein\kodein.codes\system\CodeIgniter.php(918): App\Controllers\Home->mulaiKelas('html-1', '1')
#2 A:\kodein\kodein.codes\system\CodeIgniter.php(404): CodeIgniter\CodeIgniter->runController(Object(App\Controllers\Home))
#3 A:\kodein\kodein.codes\system\CodeIgniter.php(312): CodeIgniter\CodeIgniter->handleRequest(NULL, Object(Config\Cache), false)
#4 A:\kodein\kodein.codes\public\index.php(45): CodeIgniter\CodeIgniter->run()
#5 A:\kodein\kodein.codes\system\Commands\Server\rewrite.php(34): require_once('A:\\kodein\\kodei...')
#6 {main}
CRITICAL - 2022-03-04 20:37:31 --> Unsupported operand types
#0 A:\kodein\kodein.codes\app\Controllers\Home.php(263): App\Models\LoginModel->updateExp('admin', 100)
#1 A:\kodein\kodein.codes\system\CodeIgniter.php(918): App\Controllers\Home->mulaiKelas('html-1', '1')
#2 A:\kodein\kodein.codes\system\CodeIgniter.php(404): CodeIgniter\CodeIgniter->runController(Object(App\Controllers\Home))
#3 A:\kodein\kodein.codes\system\CodeIgniter.php(312): CodeIgniter\CodeIgniter->handleRequest(NULL, Object(Config\Cache), false)
#4 A:\kodein\kodein.codes\public\index.php(45): CodeIgniter\CodeIgniter->run()
#5 A:\kodein\kodein.codes\system\Commands\Server\rewrite.php(34): require_once('A:\\kodein\\kodei...')
#6 {main}
CRITICAL - 2022-03-04 20:43:33 --> Call to undefined method App\Models\KelasModel::db
#0 A:\kodein\kodein.codes\app\Models\KelasModel.php(42): CodeIgniter\Model->__call('db', Array)
#1 A:\kodein\kodein.codes\app\Controllers\Home.php(300): App\Models\KelasModel->updateProgress('admin', 1)
#2 A:\kodein\kodein.codes\system\CodeIgniter.php(918): App\Controllers\Home->cekBenarSoal('1', '1', '1')
#3 A:\kodein\kodein.codes\system\CodeIgniter.php(404): CodeIgniter\CodeIgniter->runController(Object(App\Controllers\Home))
#4 A:\kodein\kodein.codes\system\CodeIgniter.php(312): CodeIgniter\CodeIgniter->handleRequest(NULL, Object(Config\Cache), false)
#5 A:\kodein\kodein.codes\public\index.php(45): CodeIgniter\CodeIgniter->run()
#6 A:\kodein\kodein.codes\system\Commands\Server\rewrite.php(34): require_once('A:\\kodein\\kodei...')
#7 {main}
CRITICAL - 2022-03-04 20:45:02 --> Call to undefined method CodeIgniter\Database\MySQLi\Builder::first()
#0 A:\kodein\kodein.codes\app\Controllers\Home.php(300): App\Models\KelasModel->updateProgress('admin', 1)
#1 A:\kodein\kodein.codes\system\CodeIgniter.php(918): App\Controllers\Home->cekBenarSoal('1', '1', '1')
#2 A:\kodein\kodein.codes\system\CodeIgniter.php(404): CodeIgniter\CodeIgniter->runController(Object(App\Controllers\Home))
#3 A:\kodein\kodein.codes\system\CodeIgniter.php(312): CodeIgniter\CodeIgniter->handleRequest(NULL, Object(Config\Cache), false)
#4 A:\kodein\kodein.codes\public\index.php(45): CodeIgniter\CodeIgniter->run()
#5 A:\kodein\kodein.codes\system\Commands\Server\rewrite.php(34): require_once('A:\\kodein\\kodei...')
#6 {main}
CRITICAL - 2022-03-04 20:51:07 --> There is no data to update.
#0 A:\kodein\kodein.codes\system\Model.php(834): CodeIgniter\Database\Exceptions\DataException::forEmptyDataset('update')
#1 A:\kodein\kodein.codes\app\Models\KelasModel.php(48): CodeIgniter\Model->update(Array)
#2 A:\kodein\kodein.codes\app\Controllers\Home.php(300): App\Models\KelasModel->updateProgress('admin', '1', 1)
#3 A:\kodein\kodein.codes\system\CodeIgniter.php(918): App\Controllers\Home->cekBenarSoal('1', '1', '1')
#4 A:\kodein\kodein.codes\system\CodeIgniter.php(404): CodeIgniter\CodeIgniter->runController(Object(App\Controllers\Home))
#5 A:\kodein\kodein.codes\system\CodeIgniter.php(312): CodeIgniter\CodeIgniter->handleRequest(NULL, Object(Config\Cache), false)
#6 A:\kodein\kodein.codes\public\index.php(45): CodeIgniter\CodeIgniter->run()
#7 A:\kodein\kodein.codes\system\Commands\Server\rewrite.php(34): require_once('A:\\kodein\\kodei...')
#8 {main}
CRITICAL - 2022-03-04 20:51:09 --> There is no data to update.
#0 A:\kodein\kodein.codes\system\Model.php(834): CodeIgniter\Database\Exceptions\DataException::forEmptyDataset('update')
#1 A:\kodein\kodein.codes\app\Models\KelasModel.php(48): CodeIgniter\Model->update(Array)
#2 A:\kodein\kodein.codes\app\Controllers\Home.php(300): App\Models\KelasModel->updateProgress('admin', '1', 1)
#3 A:\kodein\kodein.codes\system\CodeIgniter.php(918): App\Controllers\Home->cekBenarSoal('1', '1', '1')
#4 A:\kodein\kodein.codes\system\CodeIgniter.php(404): CodeIgniter\CodeIgniter->runController(Object(App\Controllers\Home))
#5 A:\kodein\kodein.codes\system\CodeIgniter.php(312): CodeIgniter\CodeIgniter->handleRequest(NULL, Object(Config\Cache), false)
#6 A:\kodein\kodein.codes\public\index.php(45): CodeIgniter\CodeIgniter->run()
#7 A:\kodein\kodein.codes\system\Commands\Server\rewrite.php(34): require_once('A:\\kodein\\kodei...')
#8 {main}
CRITICAL - 2022-03-04 20:51:46 --> There is no data to update.
#0 A:\kodein\kodein.codes\system\Model.php(834): CodeIgniter\Database\Exceptions\DataException::forEmptyDataset('update')
#1 A:\kodein\kodein.codes\app\Models\KelasModel.php(48): CodeIgniter\Model->update(Array)
#2 A:\kodein\kodein.codes\app\Controllers\Home.php(300): App\Models\KelasModel->updateProgress('admin', '1', 1)
#3 A:\kodein\kodein.codes\system\CodeIgniter.php(918): App\Controllers\Home->cekBenarSoal('1', '1', '1')
#4 A:\kodein\kodein.codes\system\CodeIgniter.php(404): CodeIgniter\CodeIgniter->runController(Object(App\Controllers\Home))
#5 A:\kodein\kodein.codes\system\CodeIgniter.php(312): CodeIgniter\CodeIgniter->handleRequest(NULL, Object(Config\Cache), false)
#6 A:\kodein\kodein.codes\public\index.php(45): CodeIgniter\CodeIgniter->run()
#7 A:\kodein\kodein.codes\system\Commands\Server\rewrite.php(34): require_once('A:\\kodein\\kodei...')
#8 {main}
CRITICAL - 2022-03-04 20:52:59 --> syntax error, unexpected ';', expecting ')'
#0 A:\kodein\kodein.codes\system\Autoloader\Autoloader.php(296): CodeIgniter\Autoloader\Autoloader->requireFile('A:\\kodein\\kodei...')
#1 A:\kodein\kodein.codes\system\Autoloader\Autoloader.php(258): CodeIgniter\Autoloader\Autoloader->loadInNamespace('App\\Models\\Kela...')
#2 [internal function]: CodeIgniter\Autoloader\Autoloader->loadClass('App\\Models\\Kela...')
#3 A:\kodein\kodein.codes\app\Controllers\Home.php(240): spl_autoload_call('App\\Models\\Kela...')
#4 A:\kodein\kodein.codes\system\CodeIgniter.php(918): App\Controllers\Home->mulaiKelas('html-1', '1')
#5 A:\kodein\kodein.codes\system\CodeIgniter.php(404): CodeIgniter\CodeIgniter->runController(Object(App\Controllers\Home))
#6 A:\kodein\kodein.codes\system\CodeIgniter.php(312): CodeIgniter\CodeIgniter->handleRequest(NULL, Object(Config\Cache), false)
#7 A:\kodein\kodein.codes\public\index.php(45): CodeIgniter\CodeIgniter->run()
#8 A:\kodein\kodein.codes\system\Commands\Server\rewrite.php(34): require_once('A:\\kodein\\kodei...')
#9 {main}
CRITICAL - 2022-03-04 20:53:14 --> Call to a member function updateProgress() on null
#0 A:\kodein\kodein.codes\system\CodeIgniter.php(918): App\Controllers\Home->mulaiKelas('html-1', '1')
#1 A:\kodein\kodein.codes\system\CodeIgniter.php(404): CodeIgniter\CodeIgniter->runController(Object(App\Controllers\Home))
#2 A:\kodein\kodein.codes\system\CodeIgniter.php(312): CodeIgniter\CodeIgniter->handleRequest(NULL, Object(Config\Cache), false)
#3 A:\kodein\kodein.codes\public\index.php(45): CodeIgniter\CodeIgniter->run()
#4 A:\kodein\kodein.codes\system\Commands\Server\rewrite.php(34): require_once('A:\\kodein\\kodei...')
#5 {main}
CRITICAL - 2022-03-04 21:05:12 --> Call to a member function updateProgress() on null
#0 A:\kodein\kodein.codes\system\CodeIgniter.php(918): App\Controllers\Home->mulaiKelas('html-1', '1')
#1 A:\kodein\kodein.codes\system\CodeIgniter.php(404): CodeIgniter\CodeIgniter->runController(Object(App\Controllers\Home))
#2 A:\kodein\kodein.codes\system\CodeIgniter.php(312): CodeIgniter\CodeIgniter->handleRequest(NULL, Object(Config\Cache), false)
#3 A:\kodein\kodein.codes\public\index.php(45): CodeIgniter\CodeIgniter->run()
#4 A:\kodein\kodein.codes\system\Commands\Server\rewrite.php(34): require_once('A:\\kodein\\kodei...')
#5 {main}
CRITICAL - 2022-03-04 21:18:01 --> There is no data to update.
#0 A:\kodein\kodein.codes\system\Model.php(834): CodeIgniter\Database\Exceptions\DataException::forEmptyDataset('update')
#1 A:\kodein\kodein.codes\app\Models\KelasUser.php(22): CodeIgniter\Model->update(Array)
#2 A:\kodein\kodein.codes\app\Controllers\Home.php(302): App\Models\KelasUser->updateProgress('admin', '1', 1)
#3 A:\kodein\kodein.codes\system\CodeIgniter.php(918): App\Controllers\Home->cekBenarSoal('1', '1', '1')
#4 A:\kodein\kodein.codes\system\CodeIgniter.php(404): CodeIgniter\CodeIgniter->runController(Object(App\Controllers\Home))
#5 A:\kodein\kodein.codes\system\CodeIgniter.php(312): CodeIgniter\CodeIgniter->handleRequest(NULL, Object(Config\Cache), false)
#6 A:\kodein\kodein.codes\public\index.php(45): CodeIgniter\CodeIgniter->run()
#7 A:\kodein\kodein.codes\system\Commands\Server\rewrite.php(34): require_once('A:\\kodein\\kodei...')
#8 {main}
CRITICAL - 2022-03-04 21:18:40 --> There is no data to update.
#0 A:\kodein\kodein.codes\system\Model.php(834): CodeIgniter\Database\Exceptions\DataException::forEmptyDataset('update')
#1 A:\kodein\kodein.codes\app\Models\KelasUser.php(23): CodeIgniter\Model->update(Array)
#2 A:\kodein\kodein.codes\app\Controllers\Home.php(302): App\Models\KelasUser->updateProgress('admin', '1', 1)
#3 A:\kodein\kodein.codes\system\CodeIgniter.php(918): App\Controllers\Home->cekBenarSoal('1', '1', '1')
#4 A:\kodein\kodein.codes\system\CodeIgniter.php(404): CodeIgniter\CodeIgniter->runController(Object(App\Controllers\Home))
#5 A:\kodein\kodein.codes\system\CodeIgniter.php(312): CodeIgniter\CodeIgniter->handleRequest(NULL, Object(Config\Cache), false)
#6 A:\kodein\kodein.codes\public\index.php(45): CodeIgniter\CodeIgniter->run()
#7 A:\kodein\kodein.codes\system\Commands\Server\rewrite.php(34): require_once('A:\\kodein\\kodei...')
#8 {main}
CRITICAL - 2022-03-04 21:19:12 --> Call to undefined method CodeIgniter\Database\MySQLi\Connection::where()
#0 A:\kodein\kodein.codes\app\Controllers\Home.php(302): App\Models\KelasUser->updateProgress('admin', '1', 1)
#1 A:\kodein\kodein.codes\system\CodeIgniter.php(918): App\Controllers\Home->cekBenarSoal('1', '1', '1')
#2 A:\kodein\kodein.codes\system\CodeIgniter.php(404): CodeIgniter\CodeIgniter->runController(Object(App\Controllers\Home))
#3 A:\kodein\kodein.codes\system\CodeIgniter.php(312): CodeIgniter\CodeIgniter->handleRequest(NULL, Object(Config\Cache), false)
#4 A:\kodein\kodein.codes\public\index.php(45): CodeIgniter\CodeIgniter->run()
#5 A:\kodein\kodein.codes\system\Commands\Server\rewrite.php(34): require_once('A:\\kodein\\kodei...')
#6 {main}
CRITICAL - 2022-03-04 21:19:14 --> Call to undefined method CodeIgniter\Database\MySQLi\Connection::where()
#0 A:\kodein\kodein.codes\app\Controllers\Home.php(302): App\Models\KelasUser->updateProgress('admin', '1', 1)
#1 A:\kodein\kodein.codes\system\CodeIgniter.php(918): App\Controllers\Home->cekBenarSoal('1', '1', '1')
#2 A:\kodein\kodein.codes\system\CodeIgniter.php(404): CodeIgniter\CodeIgniter->runController(Object(App\Controllers\Home))
#3 A:\kodein\kodein.codes\system\CodeIgniter.php(312): CodeIgniter\CodeIgniter->handleRequest(NULL, Object(Config\Cache), false)
#4 A:\kodein\kodein.codes\public\index.php(45): CodeIgniter\CodeIgniter->run()
#5 A:\kodein\kodein.codes\system\Commands\Server\rewrite.php(34): require_once('A:\\kodein\\kodei...')
#6 {main}
CRITICAL - 2022-03-04 21:20:17 --> Argument 1 passed to CodeIgniter\Model::doProtectFields() must be of the type array, string given, called in A:\kodein\kodein.codes\system\Model.php on line 870
#0 A:\kodein\kodein.codes\system\Model.php(870): CodeIgniter\Model->doProtectFields('id_akun='admin'...')
#1 A:\kodein\kodein.codes\app\Models\KelasUser.php(23): CodeIgniter\Model->update(Array, 'id_akun='admin'...')
#2 A:\kodein\kodein.codes\app\Controllers\Home.php(302): App\Models\KelasUser->updateProgress('admin', '1', 1)
#3 A:\kodein\kodein.codes\system\CodeIgniter.php(918): App\Controllers\Home->cekBenarSoal('1', '1', '1')
#4 A:\kodein\kodein.codes\system\CodeIgniter.php(404): CodeIgniter\CodeIgniter->runController(Object(App\Controllers\Home))
#5 A:\kodein\kodein.codes\system\CodeIgniter.php(312): CodeIgniter\CodeIgniter->handleRequest(NULL, Object(Config\Cache), false)
#6 A:\kodein\kodein.codes\public\index.php(45): CodeIgniter\CodeIgniter->run()
#7 A:\kodein\kodein.codes\system\Commands\Server\rewrite.php(34): require_once('A:\\kodein\\kodei...')
#8 {main}
CRITICAL - 2022-03-04 21:22:52 --> Call to undefined method App\Models\KelasModel::updateProgress
#0 A:\kodein\kodein.codes\app\Controllers\Home.php(264): CodeIgniter\Model->__call('updateProgress', Array)
#1 A:\kodein\kodein.codes\system\CodeIgniter.php(918): App\Controllers\Home->mulaiKelas('html-1', '1')
#2 A:\kodein\kodein.codes\system\CodeIgniter.php(404): CodeIgniter\CodeIgniter->runController(Object(App\Controllers\Home))
#3 A:\kodein\kodein.codes\system\CodeIgniter.php(312): CodeIgniter\CodeIgniter->handleRequest(NULL, Object(Config\Cache), false)
#4 A:\kodein\kodein.codes\public\index.php(45): CodeIgniter\CodeIgniter->run()
#5 A:\kodein\kodein.codes\system\Commands\Server\rewrite.php(34): require_once('A:\\kodein\\kodei...')
#6 {main}
CRITICAL - 2022-03-04 21:27:55 --> There is no data to update.
#0 A:\kodein\kodein.codes\system\Model.php(834): CodeIgniter\Database\Exceptions\DataException::forEmptyDataset('update')
#1 A:\kodein\kodein.codes\app\Models\KelasUser.php(22): CodeIgniter\Model->update(Array)
#2 A:\kodein\kodein.codes\app\Controllers\Home.php(265): App\Models\KelasUser->updateProgress('admin', 'html-1', 1)
#3 A:\kodein\kodein.codes\system\CodeIgniter.php(918): App\Controllers\Home->mulaiKelas('html-1', '1')
#4 A:\kodein\kodein.codes\system\CodeIgniter.php(404): CodeIgniter\CodeIgniter->runController(Object(App\Controllers\Home))
#5 A:\kodein\kodein.codes\system\CodeIgniter.php(312): CodeIgniter\CodeIgniter->handleRequest(NULL, Object(Config\Cache), false)
#6 A:\kodein\kodein.codes\public\index.php(45): CodeIgniter\CodeIgniter->run()
#7 A:\kodein\kodein.codes\system\Commands\Server\rewrite.php(34): require_once('A:\\kodein\\kodei...')
#8 {main}
CRITICAL - 2022-03-04 21:27:55 --> There is no data to update.
#0 A:\kodein\kodein.codes\system\Model.php(834): CodeIgniter\Database\Exceptions\DataException::forEmptyDataset('update')
#1 A:\kodein\kodein.codes\app\Models\KelasUser.php(22): CodeIgniter\Model->update(Array)
#2 A:\kodein\kodein.codes\app\Controllers\Home.php(265): App\Models\KelasUser->updateProgress('admin', 'html-1', 1)
#3 A:\kodein\kodein.codes\system\CodeIgniter.php(918): App\Controllers\Home->mulaiKelas('html-1', '1')
#4 A:\kodein\kodein.codes\system\CodeIgniter.php(404): CodeIgniter\CodeIgniter->runController(Object(App\Controllers\Home))
#5 A:\kodein\kodein.codes\system\CodeIgniter.php(312): CodeIgniter\CodeIgniter->handleRequest(NULL, Object(Config\Cache), false)
#6 A:\kodein\kodein.codes\public\index.php(45): CodeIgniter\CodeIgniter->run()
#7 A:\kodein\kodein.codes\system\Commands\Server\rewrite.php(34): require_once('A:\\kodein\\kodei...')
#8 {main}
CRITICAL - 2022-03-04 21:28:18 --> There is no data to update.
#0 A:\kodein\kodein.codes\system\Model.php(834): CodeIgniter\Database\Exceptions\DataException::forEmptyDataset('update')
#1 A:\kodein\kodein.codes\app\Models\KelasUser.php(22): CodeIgniter\Model->update(Array)
#2 A:\kodein\kodein.codes\app\Controllers\Home.php(265): App\Models\KelasUser->updateProgress('admin', 'html-1', 1)
#3 A:\kodein\kodein.codes\system\CodeIgniter.php(918): App\Controllers\Home->mulaiKelas('html-1', '1')
#4 A:\kodein\kodein.codes\system\CodeIgniter.php(404): CodeIgniter\CodeIgniter->runController(Object(App\Controllers\Home))
#5 A:\kodein\kodein.codes\system\CodeIgniter.php(312): CodeIgniter\CodeIgniter->handleRequest(NULL, Object(Config\Cache), false)
#6 A:\kodein\kodein.codes\public\index.php(45): CodeIgniter\CodeIgniter->run()
#7 A:\kodein\kodein.codes\system\Commands\Server\rewrite.php(34): require_once('A:\\kodein\\kodei...')
#8 {main}
CRITICAL - 2022-03-04 21:28:19 --> There is no data to update.
#0 A:\kodein\kodein.codes\system\Model.php(834): CodeIgniter\Database\Exceptions\DataException::forEmptyDataset('update')
#1 A:\kodein\kodein.codes\app\Models\KelasUser.php(22): CodeIgniter\Model->update(Array)
#2 A:\kodein\kodein.codes\app\Controllers\Home.php(265): App\Models\KelasUser->updateProgress('admin', 'html-1', 1)
#3 A:\kodein\kodein.codes\system\CodeIgniter.php(918): App\Controllers\Home->mulaiKelas('html-1', '1')
#4 A:\kodein\kodein.codes\system\CodeIgniter.php(404): CodeIgniter\CodeIgniter->runController(Object(App\Controllers\Home))
#5 A:\kodein\kodein.codes\system\CodeIgniter.php(312): CodeIgniter\CodeIgniter->handleRequest(NULL, Object(Config\Cache), false)
#6 A:\kodein\kodein.codes\public\index.php(45): CodeIgniter\CodeIgniter->run()
#7 A:\kodein\kodein.codes\system\Commands\Server\rewrite.php(34): require_once('A:\\kodein\\kodei...')
#8 {main}
CRITICAL - 2022-03-04 21:33:32 --> There is no data to update.
#0 A:\kodein\kodein.codes\system\Model.php(834): CodeIgniter\Database\Exceptions\DataException::forEmptyDataset('update')
#1 A:\kodein\kodein.codes\app\Models\KelasUser.php(22): CodeIgniter\Model->update(Array)
#2 A:\kodein\kodein.codes\app\Controllers\Home.php(265): App\Models\KelasUser->updateProgress('admin', 'html-1', 1)
#3 A:\kodein\kodein.codes\system\CodeIgniter.php(918): App\Controllers\Home->mulaiKelas('html-1', '1')
#4 A:\kodein\kodein.codes\system\CodeIgniter.php(404): CodeIgniter\CodeIgniter->runController(Object(App\Controllers\Home))
#5 A:\kodein\kodein.codes\system\CodeIgniter.php(312): CodeIgniter\CodeIgniter->handleRequest(NULL, Object(Config\Cache), false)
#6 A:\kodein\kodein.codes\public\index.php(45): CodeIgniter\CodeIgniter->run()
#7 A:\kodein\kodein.codes\system\Commands\Server\rewrite.php(34): require_once('A:\\kodein\\kodei...')
#8 {main}
CRITICAL - 2022-03-04 21:33:41 --> There is no data to update.
#0 A:\kodein\kodein.codes\system\Model.php(834): CodeIgniter\Database\Exceptions\DataException::forEmptyDataset('update')
#1 A:\kodein\kodein.codes\app\Models\KelasUser.php(22): CodeIgniter\Model->update(Array)
#2 A:\kodein\kodein.codes\app\Controllers\Home.php(265): App\Models\KelasUser->updateProgress('admin', 'html-1', 1)
#3 A:\kodein\kodein.codes\system\CodeIgniter.php(918): App\Controllers\Home->mulaiKelas('html-1', '1')
#4 A:\kodein\kodein.codes\system\CodeIgniter.php(404): CodeIgniter\CodeIgniter->runController(Object(App\Controllers\Home))
#5 A:\kodein\kodein.codes\system\CodeIgniter.php(312): CodeIgniter\CodeIgniter->handleRequest(NULL, Object(Config\Cache), false)
#6 A:\kodein\kodein.codes\public\index.php(45): CodeIgniter\CodeIgniter->run()
#7 A:\kodein\kodein.codes\system\Commands\Server\rewrite.php(34): require_once('A:\\kodein\\kodei...')
#8 {main}
CRITICAL - 2022-03-04 21:34:15 --> There is no data to update.
#0 A:\kodein\kodein.codes\system\Model.php(834): CodeIgniter\Database\Exceptions\DataException::forEmptyDataset('update')
#1 A:\kodein\kodein.codes\app\Models\KelasUser.php(22): CodeIgniter\Model->update(Array)
#2 A:\kodein\kodein.codes\app\Controllers\Home.php(265): App\Models\KelasUser->updateProgress('admin', 'html-1', 1)
#3 A:\kodein\kodein.codes\system\CodeIgniter.php(918): App\Controllers\Home->mulaiKelas('html-1', '1')
#4 A:\kodein\kodein.codes\system\CodeIgniter.php(404): CodeIgniter\CodeIgniter->runController(Object(App\Controllers\Home))
#5 A:\kodein\kodein.codes\system\CodeIgniter.php(312): CodeIgniter\CodeIgniter->handleRequest(NULL, Object(Config\Cache), false)
#6 A:\kodein\kodein.codes\public\index.php(45): CodeIgniter\CodeIgniter->run()
#7 A:\kodein\kodein.codes\system\Commands\Server\rewrite.php(34): require_once('A:\\kodein\\kodei...')
#8 {main}
CRITICAL - 2022-03-04 21:34:33 --> Argument 1 passed to CodeIgniter\Model::doProtectFields() must be of the type array, string given, called in A:\kodein\kodein.codes\system\Model.php on line 870
#0 A:\kodein\kodein.codes\system\Model.php(870): CodeIgniter\Model->doProtectFields('id_akun='admin'...')
#1 A:\kodein\kodein.codes\app\Models\KelasUser.php(22): CodeIgniter\Model->update(Array, 'id_akun='admin'...')
#2 A:\kodein\kodein.codes\app\Controllers\Home.php(265): App\Models\KelasUser->updateProgress('admin', 'html-1', 1)
#3 A:\kodein\kodein.codes\system\CodeIgniter.php(918): App\Controllers\Home->mulaiKelas('html-1', '1')
#4 A:\kodein\kodein.codes\system\CodeIgniter.php(404): CodeIgniter\CodeIgniter->runController(Object(App\Controllers\Home))
#5 A:\kodein\kodein.codes\system\CodeIgniter.php(312): CodeIgniter\CodeIgniter->handleRequest(NULL, Object(Config\Cache), false)
#6 A:\kodein\kodein.codes\public\index.php(45): CodeIgniter\CodeIgniter->run()
#7 A:\kodein\kodein.codes\system\Commands\Server\rewrite.php(34): require_once('A:\\kodein\\kodei...')
#8 {main}
CRITICAL - 2022-03-04 21:34:35 --> Argument 1 passed to CodeIgniter\Model::doProtectFields() must be of the type array, string given, called in A:\kodein\kodein.codes\system\Model.php on line 870
#0 A:\kodein\kodein.codes\system\Model.php(870): CodeIgniter\Model->doProtectFields('id_akun='admin'...')
#1 A:\kodein\kodein.codes\app\Models\KelasUser.php(22): CodeIgniter\Model->update(Array, 'id_akun='admin'...')
#2 A:\kodein\kodein.codes\app\Controllers\Home.php(265): App\Models\KelasUser->updateProgress('admin', 'html-1', 1)
#3 A:\kodein\kodein.codes\system\CodeIgniter.php(918): App\Controllers\Home->mulaiKelas('html-1', '1')
#4 A:\kodein\kodein.codes\system\CodeIgniter.php(404): CodeIgniter\CodeIgniter->runController(Object(App\Controllers\Home))
#5 A:\kodein\kodein.codes\system\CodeIgniter.php(312): CodeIgniter\CodeIgniter->handleRequest(NULL, Object(Config\Cache), false)
#6 A:\kodein\kodein.codes\public\index.php(45): CodeIgniter\CodeIgniter->run()
#7 A:\kodein\kodein.codes\system\Commands\Server\rewrite.php(34): require_once('A:\\kodein\\kodei...')
#8 {main}
CRITICAL - 2022-03-04 21:34:35 --> Argument 1 passed to CodeIgniter\Model::doProtectFields() must be of the type array, string given, called in A:\kodein\kodein.codes\system\Model.php on line 870
#0 A:\kodein\kodein.codes\system\Model.php(870): CodeIgniter\Model->doProtectFields('id_akun='admin'...')
#1 A:\kodein\kodein.codes\app\Models\KelasUser.php(22): CodeIgniter\Model->update(Array, 'id_akun='admin'...')
#2 A:\kodein\kodein.codes\app\Controllers\Home.php(265): App\Models\KelasUser->updateProgress('admin', 'html-1', 1)
#3 A:\kodein\kodein.codes\system\CodeIgniter.php(918): App\Controllers\Home->mulaiKelas('html-1', '1')
#4 A:\kodein\kodein.codes\system\CodeIgniter.php(404): CodeIgniter\CodeIgniter->runController(Object(App\Controllers\Home))
#5 A:\kodein\kodein.codes\system\CodeIgniter.php(312): CodeIgniter\CodeIgniter->handleRequest(NULL, Object(Config\Cache), false)
#6 A:\kodein\kodein.codes\public\index.php(45): CodeIgniter\CodeIgniter->run()
#7 A:\kodein\kodein.codes\system\Commands\Server\rewrite.php(34): require_once('A:\\kodein\\kodei...')
#8 {main}
CRITICAL - 2022-03-04 21:34:35 --> Argument 1 passed to CodeIgniter\Model::doProtectFields() must be of the type array, string given, called in A:\kodein\kodein.codes\system\Model.php on line 870
#0 A:\kodein\kodein.codes\system\Model.php(870): CodeIgniter\Model->doProtectFields('id_akun='admin'...')
#1 A:\kodein\kodein.codes\app\Models\KelasUser.php(22): CodeIgniter\Model->update(Array, 'id_akun='admin'...')
#2 A:\kodein\kodein.codes\app\Controllers\Home.php(265): App\Models\KelasUser->updateProgress('admin', 'html-1', 1)
#3 A:\kodein\kodein.codes\system\CodeIgniter.php(918): App\Controllers\Home->mulaiKelas('html-1', '1')
#4 A:\kodein\kodein.codes\system\CodeIgniter.php(404): CodeIgniter\CodeIgniter->runController(Object(App\Controllers\Home))
#5 A:\kodein\kodein.codes\system\CodeIgniter.php(312): CodeIgniter\CodeIgniter->handleRequest(NULL, Object(Config\Cache), false)
#6 A:\kodein\kodein.codes\public\index.php(45): CodeIgniter\CodeIgniter->run()
#7 A:\kodein\kodein.codes\system\Commands\Server\rewrite.php(34): require_once('A:\\kodein\\kodei...')
#8 {main}
CRITICAL - 2022-03-04 21:34:35 --> Argument 1 passed to CodeIgniter\Model::doProtectFields() must be of the type array, string given, called in A:\kodein\kodein.codes\system\Model.php on line 870
#0 A:\kodein\kodein.codes\system\Model.php(870): CodeIgniter\Model->doProtectFields('id_akun='admin'...')
#1 A:\kodein\kodein.codes\app\Models\KelasUser.php(22): CodeIgniter\Model->update(Array, 'id_akun='admin'...')
#2 A:\kodein\kodein.codes\app\Controllers\Home.php(265): App\Models\KelasUser->updateProgress('admin', 'html-1', 1)
#3 A:\kodein\kodein.codes\system\CodeIgniter.php(918): App\Controllers\Home->mulaiKelas('html-1', '1')
#4 A:\kodein\kodein.codes\system\CodeIgniter.php(404): CodeIgniter\CodeIgniter->runController(Object(App\Controllers\Home))
#5 A:\kodein\kodein.codes\system\CodeIgniter.php(312): CodeIgniter\CodeIgniter->handleRequest(NULL, Object(Config\Cache), false)
#6 A:\kodein\kodein.codes\public\index.php(45): CodeIgniter\CodeIgniter->run()
#7 A:\kodein\kodein.codes\system\Commands\Server\rewrite.php(34): require_once('A:\\kodein\\kodei...')
#8 {main}
CRITICAL - 2022-03-04 21:34:35 --> Argument 1 passed to CodeIgniter\Model::doProtectFields() must be of the type array, string given, called in A:\kodein\kodein.codes\system\Model.php on line 870
#0 A:\kodein\kodein.codes\system\Model.php(870): CodeIgniter\Model->doProtectFields('id_akun='admin'...')
#1 A:\kodein\kodein.codes\app\Models\KelasUser.php(22): CodeIgniter\Model->update(Array, 'id_akun='admin'...')
#2 A:\kodein\kodein.codes\app\Controllers\Home.php(265): App\Models\KelasUser->updateProgress('admin', 'html-1', 1)
#3 A:\kodein\kodein.codes\system\CodeIgniter.php(918): App\Controllers\Home->mulaiKelas('html-1', '1')
#4 A:\kodein\kodein.codes\system\CodeIgniter.php(404): CodeIgniter\CodeIgniter->runController(Object(App\Controllers\Home))
#5 A:\kodein\kodein.codes\system\CodeIgniter.php(312): CodeIgniter\CodeIgniter->handleRequest(NULL, Object(Config\Cache), false)
#6 A:\kodein\kodein.codes\public\index.php(45): CodeIgniter\CodeIgniter->run()
#7 A:\kodein\kodein.codes\system\Commands\Server\rewrite.php(34): require_once('A:\\kodein\\kodei...')
#8 {main}
CRITICAL - 2022-03-04 21:34:35 --> Argument 1 passed to CodeIgniter\Model::doProtectFields() must be of the type array, string given, called in A:\kodein\kodein.codes\system\Model.php on line 870
#0 A:\kodein\kodein.codes\system\Model.php(870): CodeIgniter\Model->doProtectFields('id_akun='admin'...')
#1 A:\kodein\kodein.codes\app\Models\KelasUser.php(22): CodeIgniter\Model->update(Array, 'id_akun='admin'...')
#2 A:\kodein\kodein.codes\app\Controllers\Home.php(265): App\Models\KelasUser->updateProgress('admin', 'html-1', 1)
#3 A:\kodein\kodein.codes\system\CodeIgniter.php(918): App\Controllers\Home->mulaiKelas('html-1', '1')
#4 A:\kodein\kodein.codes\system\CodeIgniter.php(404): CodeIgniter\CodeIgniter->runController(Object(App\Controllers\Home))
#5 A:\kodein\kodein.codes\system\CodeIgniter.php(312): CodeIgniter\CodeIgniter->handleRequest(NULL, Object(Config\Cache), false)
#6 A:\kodein\kodein.codes\public\index.php(45): CodeIgniter\CodeIgniter->run()
#7 A:\kodein\kodein.codes\system\Commands\Server\rewrite.php(34): require_once('A:\\kodein\\kodei...')
#8 {main}
CRITICAL - 2022-03-04 21:37:41 --> Call to undefined method App\Models\KelasUser::db
#0 A:\kodein\kodein.codes\app\Models\KelasUser.php(18): CodeIgniter\Model->__call('db', Array)
#1 A:\kodein\kodein.codes\app\Controllers\Home.php(265): App\Models\KelasUser->updateProgress('admin', 'html-1', 1)
#2 A:\kodein\kodein.codes\system\CodeIgniter.php(918): App\Controllers\Home->mulaiKelas('html-1', '1')
#3 A:\kodein\kodein.codes\system\CodeIgniter.php(404): CodeIgniter\CodeIgniter->runController(Object(App\Controllers\Home))
#4 A:\kodein\kodein.codes\system\CodeIgniter.php(312): CodeIgniter\CodeIgniter->handleRequest(NULL, Object(Config\Cache), false)
#5 A:\kodein\kodein.codes\public\index.php(45): CodeIgniter\CodeIgniter->run()
#6 A:\kodein\kodein.codes\system\Commands\Server\rewrite.php(34): require_once('A:\\kodein\\kodei...')
#7 {main}
CRITICAL - 2022-03-04 22:00:25 --> Call to undefined method App\Models\KelasUser::updateProgress
#0 A:\kodein\kodein.codes\app\Controllers\Home.php(265): CodeIgniter\Model->__call('updateProgress', Array)
#1 A:\kodein\kodein.codes\system\CodeIgniter.php(918): App\Controllers\Home->mulaiKelas('html-1', '1')
#2 A:\kodein\kodein.codes\system\CodeIgniter.php(404): CodeIgniter\CodeIgniter->runController(Object(App\Controllers\Home))
#3 A:\kodein\kodein.codes\system\CodeIgniter.php(312): CodeIgniter\CodeIgniter->handleRequest(NULL, Object(Config\Cache), false)
#4 A:\kodein\kodein.codes\public\index.php(45): CodeIgniter\CodeIgniter->run()
#5 A:\kodein\kodein.codes\system\Commands\Server\rewrite.php(34): require_once('A:\\kodein\\kodei...')
#6 {main}
