CRITICAL - 2022-03-20 20:00:29 --> Unable to connect to the database.
#0 A:\kodein\kodein.codes\system\Database\BaseConnection.php(646): CodeIgniter\Database\BaseConnection->initialize()
#1 A:\kodein\kodein.codes\app\Models\KelasModel.php(14): CodeIgniter\Database\BaseConnection->query('select * from k...')
#2 A:\kodein\kodein.codes\app\Controllers\Home.php(23): App\Models\KelasModel->getAllKelas()
#3 A:\kodein\kodein.codes\system\CodeIgniter.php(918): App\Controllers\Home->index()
#4 A:\kodein\kodein.codes\system\CodeIgniter.php(404): CodeIgniter\CodeIgniter->runController(Object(App\Controllers\Home))
#5 A:\kodein\kodein.codes\system\CodeIgniter.php(312): CodeIgniter\CodeIgniter->handleRequest(NULL, Object(Config\Cache), false)
#6 A:\kodein\kodein.codes\public\index.php(45): CodeIgniter\CodeIgniter->run()
#7 A:\kodein\kodein.codes\system\Commands\Server\rewrite.php(34): require_once('A:\\kodein\\kodei...')
#8 {main}
CRITICAL - 2022-03-20 20:00:36 --> Unable to connect to the database.
#0 A:\kodein\kodein.codes\system\Database\BaseConnection.php(646): CodeIgniter\Database\BaseConnection->initialize()
#1 A:\kodein\kodein.codes\app\Models\KelasModel.php(14): CodeIgniter\Database\BaseConnection->query('select * from k...')
#2 A:\kodein\kodein.codes\app\Controllers\Home.php(23): App\Models\KelasModel->getAllKelas()
#3 A:\kodein\kodein.codes\system\CodeIgniter.php(918): App\Controllers\Home->index()
#4 A:\kodein\kodein.codes\system\CodeIgniter.php(404): CodeIgniter\CodeIgniter->runController(Object(App\Controllers\Home))
#5 A:\kodein\kodein.codes\system\CodeIgniter.php(312): CodeIgniter\CodeIgniter->handleRequest(NULL, Object(Config\Cache), false)
#6 A:\kodein\kodein.codes\public\index.php(45): CodeIgniter\CodeIgniter->run()
#7 A:\kodein\kodein.codes\system\Commands\Server\rewrite.php(34): require_once('A:\\kodein\\kodei...')
#8 {main}
CRITICAL - 2022-03-20 20:18:15 --> Call to undefined method App\Models\LoginModel::db
#0 A:\kodein\kodein.codes\app\Models\LoginModel.php(178): CodeIgniter\Model->__call('db', Array)
#1 A:\kodein\kodein.codes\app\Controllers\Home.php(308): App\Models\LoginModel->updateExp('admin', 100, 'html-1', 1)
#2 A:\kodein\kodein.codes\system\CodeIgniter.php(918): App\Controllers\Home->cekBenarSoal('html-1', '1', '1')
#3 A:\kodein\kodein.codes\system\CodeIgniter.php(404): CodeIgniter\CodeIgniter->runController(Object(App\Controllers\Home))
#4 A:\kodein\kodein.codes\system\CodeIgniter.php(312): CodeIgniter\CodeIgniter->handleRequest(NULL, Object(Config\Cache), false)
#5 A:\kodein\kodein.codes\public\index.php(45): CodeIgniter\CodeIgniter->run()
#6 A:\kodein\kodein.codes\system\Commands\Server\rewrite.php(34): require_once('A:\\kodein\\kodei...')
#7 {main}
CRITICAL - 2022-03-20 20:18:38 --> Call to undefined method App\Models\LoginModel::db
#0 A:\kodein\kodein.codes\app\Models\LoginModel.php(178): CodeIgniter\Model->__call('db', Array)
#1 A:\kodein\kodein.codes\app\Controllers\Home.php(308): App\Models\LoginModel->updateExp('admin', 100, 'html-1', 1)
#2 A:\kodein\kodein.codes\system\CodeIgniter.php(918): App\Controllers\Home->cekBenarSoal('html-1', '1', '1')
#3 A:\kodein\kodein.codes\system\CodeIgniter.php(404): CodeIgniter\CodeIgniter->runController(Object(App\Controllers\Home))
#4 A:\kodein\kodein.codes\system\CodeIgniter.php(312): CodeIgniter\CodeIgniter->handleRequest(NULL, Object(Config\Cache), false)
#5 A:\kodein\kodein.codes\public\index.php(45): CodeIgniter\CodeIgniter->run()
#6 A:\kodein\kodein.codes\system\Commands\Server\rewrite.php(34): require_once('A:\\kodein\\kodei...')
#7 {main}
CRITICAL - 2022-03-20 20:19:28 --> Call to undefined method CodeIgniter\Database\MySQLi\Builder::first()
#0 A:\kodein\kodein.codes\app\Controllers\Home.php(308): App\Models\LoginModel->updateExp('admin', 100, 'html-1', 1)
#1 A:\kodein\kodein.codes\system\CodeIgniter.php(918): App\Controllers\Home->cekBenarSoal('html-1', '1', '1')
#2 A:\kodein\kodein.codes\system\CodeIgniter.php(404): CodeIgniter\CodeIgniter->runController(Object(App\Controllers\Home))
#3 A:\kodein\kodein.codes\system\CodeIgniter.php(312): CodeIgniter\CodeIgniter->handleRequest(NULL, Object(Config\Cache), false)
#4 A:\kodein\kodein.codes\public\index.php(45): CodeIgniter\CodeIgniter->run()
#5 A:\kodein\kodein.codes\system\Commands\Server\rewrite.php(34): require_once('A:\\kodein\\kodei...')
#6 {main}
CRITICAL - 2022-03-20 20:20:06 --> Call to undefined method CodeIgniter\Database\MySQLi\Builder::first()
#0 A:\kodein\kodein.codes\app\Controllers\Home.php(308): App\Models\LoginModel->updateExp('admin', 100, 'html-1', 1)
#1 A:\kodein\kodein.codes\system\CodeIgniter.php(918): App\Controllers\Home->cekBenarSoal('html-1', '1', '1')
#2 A:\kodein\kodein.codes\system\CodeIgniter.php(404): CodeIgniter\CodeIgniter->runController(Object(App\Controllers\Home))
#3 A:\kodein\kodein.codes\system\CodeIgniter.php(312): CodeIgniter\CodeIgniter->handleRequest(NULL, Object(Config\Cache), false)
#4 A:\kodein\kodein.codes\public\index.php(45): CodeIgniter\CodeIgniter->run()
#5 A:\kodein\kodein.codes\system\Commands\Server\rewrite.php(34): require_once('A:\\kodein\\kodei...')
#6 {main}
CRITICAL - 2022-03-20 20:21:23 --> Call to undefined method CodeIgniter\Database\MySQLi\Builder::first()
#0 A:\kodein\kodein.codes\app\Controllers\Home.php(308): App\Models\LoginModel->updateExp('admin', 100, 'html-1', 1)
#1 A:\kodein\kodein.codes\system\CodeIgniter.php(918): App\Controllers\Home->cekBenarSoal('html-1', '1', '1')
#2 A:\kodein\kodein.codes\system\CodeIgniter.php(404): CodeIgniter\CodeIgniter->runController(Object(App\Controllers\Home))
#3 A:\kodein\kodein.codes\system\CodeIgniter.php(312): CodeIgniter\CodeIgniter->handleRequest(NULL, Object(Config\Cache), false)
#4 A:\kodein\kodein.codes\public\index.php(45): CodeIgniter\CodeIgniter->run()
#5 A:\kodein\kodein.codes\system\Commands\Server\rewrite.php(34): require_once('A:\\kodein\\kodei...')
#6 {main}
CRITICAL - 2022-03-20 20:23:10 --> Call to undefined method CodeIgniter\Database\MySQLi\Builder::first()
#0 A:\kodein\kodein.codes\app\Controllers\Home.php(308): App\Models\LoginModel->updateExp('admin', 100, 'html-1', 1)
#1 A:\kodein\kodein.codes\system\CodeIgniter.php(918): App\Controllers\Home->cekBenarSoal('html-1', '1', '1')
#2 A:\kodein\kodein.codes\system\CodeIgniter.php(404): CodeIgniter\CodeIgniter->runController(Object(App\Controllers\Home))
#3 A:\kodein\kodein.codes\system\CodeIgniter.php(312): CodeIgniter\CodeIgniter->handleRequest(NULL, Object(Config\Cache), false)
#4 A:\kodein\kodein.codes\public\index.php(45): CodeIgniter\CodeIgniter->run()
#5 A:\kodein\kodein.codes\system\Commands\Server\rewrite.php(34): require_once('A:\\kodein\\kodei...')
#6 {main}
