CRITICAL - 2021-06-10 00:00:20 --> Unable to connect to the database.
#0 /var/www/kodein.codes/system/Database/BaseConnection.php(646): CodeIgniter\Database\BaseConnection->initialize()
#1 /var/www/kodein.codes/system/Model.php(1814): CodeIgniter\Database\BaseConnection->query()
#2 /var/www/kodein.codes/app/Controllers/hit.php(41): CodeIgniter\Model->__call()
#3 /var/www/kodein.codes/app/Views/hitCounter.php(13): HitCounter->Hitung()
#4 /var/www/kodein.codes/app/Views/index.php(3): require('/var/www/kodein...')
#5 /var/www/kodein.codes/system/View/View.php(246): include('/var/www/kodein...')
#6 /var/www/kodein.codes/system/Common.php(1119): CodeIgniter\View\View->render()
#7 /var/www/kodein.codes/app/Controllers/Home.php(12): view()
#8 /var/www/kodein.codes/system/CodeIgniter.php(918): App\Controllers\Home->index()
#9 /var/www/kodein.codes/system/CodeIgniter.php(404): CodeIgniter\CodeIgniter->runController()
#10 /var/www/kodein.codes/system/CodeIgniter.php(312): CodeIgniter\CodeIgniter->handleRequest()
#11 /var/www/kodein.codes/public/index.php(45): CodeIgniter\CodeIgniter->run()
#12 {main}
CRITICAL - 2021-06-10 00:00:42 --> Unable to connect to the database.
#0 /var/www/kodein.codes/system/Database/BaseConnection.php(646): CodeIgniter\Database\BaseConnection->initialize()
#1 /var/www/kodein.codes/system/Model.php(1814): CodeIgniter\Database\BaseConnection->query()
#2 /var/www/kodein.codes/app/Controllers/hit.php(41): CodeIgniter\Model->__call()
#3 /var/www/kodein.codes/app/Views/hitCounter.php(13): HitCounter->Hitung()
#4 /var/www/kodein.codes/app/Views/index.php(3): require('/var/www/kodein...')
#5 /var/www/kodein.codes/system/View/View.php(246): include('/var/www/kodein...')
#6 /var/www/kodein.codes/system/Common.php(1119): CodeIgniter\View\View->render()
#7 /var/www/kodein.codes/app/Controllers/Home.php(12): view()
#8 /var/www/kodein.codes/system/CodeIgniter.php(918): App\Controllers\Home->index()
#9 /var/www/kodein.codes/system/CodeIgniter.php(404): CodeIgniter\CodeIgniter->runController()
#10 /var/www/kodein.codes/system/CodeIgniter.php(312): CodeIgniter\CodeIgniter->handleRequest()
#11 /var/www/kodein.codes/public/index.php(45): CodeIgniter\CodeIgniter->run()
#12 {main}
CRITICAL - 2021-06-10 00:01:16 --> Unable to connect to the database.
#0 /var/www/kodein.codes/system/Database/BaseConnection.php(646): CodeIgniter\Database\BaseConnection->initialize()
#1 /var/www/kodein.codes/system/Model.php(1814): CodeIgniter\Database\BaseConnection->query()
#2 /var/www/kodein.codes/app/Controllers/hit.php(41): CodeIgniter\Model->__call()
#3 /var/www/kodein.codes/app/Views/hitCounter.php(13): HitCounter->Hitung()
#4 /var/www/kodein.codes/app/Views/index.php(3): require('/var/www/kodein...')
#5 /var/www/kodein.codes/system/View/View.php(246): include('/var/www/kodein...')
#6 /var/www/kodein.codes/system/Common.php(1119): CodeIgniter\View\View->render()
#7 /var/www/kodein.codes/app/Controllers/Home.php(12): view()
#8 /var/www/kodein.codes/system/CodeIgniter.php(918): App\Controllers\Home->index()
#9 /var/www/kodein.codes/system/CodeIgniter.php(404): CodeIgniter\CodeIgniter->runController()
#10 /var/www/kodein.codes/system/CodeIgniter.php(312): CodeIgniter\CodeIgniter->handleRequest()
#11 /var/www/kodein.codes/public/index.php(45): CodeIgniter\CodeIgniter->run()
#12 {main}
CRITICAL - 2021-06-10 00:01:20 --> Unable to connect to the database.
#0 /var/www/kodein.codes/system/Database/BaseConnection.php(646): CodeIgniter\Database\BaseConnection->initialize()
#1 /var/www/kodein.codes/system/Model.php(1814): CodeIgniter\Database\BaseConnection->query()
#2 /var/www/kodein.codes/app/Controllers/hit.php(41): CodeIgniter\Model->__call()
#3 /var/www/kodein.codes/app/Views/hitCounter.php(13): HitCounter->Hitung()
#4 /var/www/kodein.codes/app/Views/index.php(3): require('/var/www/kodein...')
#5 /var/www/kodein.codes/system/View/View.php(246): include('/var/www/kodein...')
#6 /var/www/kodein.codes/system/Common.php(1119): CodeIgniter\View\View->render()
#7 /var/www/kodein.codes/app/Controllers/Home.php(12): view()
#8 /var/www/kodein.codes/system/CodeIgniter.php(918): App\Controllers\Home->index()
#9 /var/www/kodein.codes/system/CodeIgniter.php(404): CodeIgniter\CodeIgniter->runController()
#10 /var/www/kodein.codes/system/CodeIgniter.php(312): CodeIgniter\CodeIgniter->handleRequest()
#11 /var/www/kodein.codes/public/index.php(45): CodeIgniter\CodeIgniter->run()
#12 {main}
CRITICAL - 2021-06-10 00:01:23 --> Unable to connect to the database.
#0 /var/www/kodein.codes/system/Database/BaseConnection.php(646): CodeIgniter\Database\BaseConnection->initialize()
#1 /var/www/kodein.codes/system/Database/BaseBuilder.php(1860): CodeIgniter\Database\BaseConnection->query()
#2 /var/www/kodein.codes/system/Model.php(462): CodeIgniter\Database\BaseBuilder->get()
#3 /var/www/kodein.codes/app/Models/HistoryModel.php(10): CodeIgniter\Model->findAll()
#4 /var/www/kodein.codes/app/Controllers/restfulApi.php(12): App\Models\historyModel->getHistory()
#5 /var/www/kodein.codes/system/CodeIgniter.php(918): App\Controllers\restfulApi->ApiHistory()
#6 /var/www/kodein.codes/system/CodeIgniter.php(404): CodeIgniter\CodeIgniter->runController()
#7 /var/www/kodein.codes/system/CodeIgniter.php(312): CodeIgniter\CodeIgniter->handleRequest()
#8 /var/www/kodein.codes/public/index.php(45): CodeIgniter\CodeIgniter->run()
#9 {main}
CRITICAL - 2021-06-10 00:01:44 --> Unable to connect to the database.
#0 /var/www/kodein.codes/system/Database/BaseConnection.php(646): CodeIgniter\Database\BaseConnection->initialize()
#1 /var/www/kodein.codes/system/Model.php(1814): CodeIgniter\Database\BaseConnection->query()
#2 /var/www/kodein.codes/app/Controllers/hit.php(41): CodeIgniter\Model->__call()
#3 /var/www/kodein.codes/app/Views/hitCounter.php(13): HitCounter->Hitung()
#4 /var/www/kodein.codes/app/Views/index.php(3): require('/var/www/kodein...')
#5 /var/www/kodein.codes/system/View/View.php(246): include('/var/www/kodein...')
#6 /var/www/kodein.codes/system/Common.php(1119): CodeIgniter\View\View->render()
#7 /var/www/kodein.codes/app/Controllers/Home.php(12): view()
#8 /var/www/kodein.codes/system/CodeIgniter.php(918): App\Controllers\Home->index()
#9 /var/www/kodein.codes/system/CodeIgniter.php(404): CodeIgniter\CodeIgniter->runController()
#10 /var/www/kodein.codes/system/CodeIgniter.php(312): CodeIgniter\CodeIgniter->handleRequest()
#11 /var/www/kodein.codes/public/index.php(45): CodeIgniter\CodeIgniter->run()
#12 {main}
CRITICAL - 2021-06-10 00:03:23 --> Unable to connect to the database.
#0 /var/www/kodein.codes/system/Database/BaseConnection.php(646): CodeIgniter\Database\BaseConnection->initialize()
#1 /var/www/kodein.codes/system/Model.php(1814): CodeIgniter\Database\BaseConnection->query()
#2 /var/www/kodein.codes/app/Controllers/hit.php(41): CodeIgniter\Model->__call()
#3 /var/www/kodein.codes/app/Views/hitCounter.php(13): HitCounter->Hitung()
#4 /var/www/kodein.codes/app/Views/index.php(3): require('/var/www/kodein...')
#5 /var/www/kodein.codes/system/View/View.php(246): include('/var/www/kodein...')
#6 /var/www/kodein.codes/system/Common.php(1119): CodeIgniter\View\View->render()
#7 /var/www/kodein.codes/app/Controllers/Home.php(12): view()
#8 /var/www/kodein.codes/system/CodeIgniter.php(918): App\Controllers\Home->index()
#9 /var/www/kodein.codes/system/CodeIgniter.php(404): CodeIgniter\CodeIgniter->runController()
#10 /var/www/kodein.codes/system/CodeIgniter.php(312): CodeIgniter\CodeIgniter->handleRequest()
#11 /var/www/kodein.codes/public/index.php(45): CodeIgniter\CodeIgniter->run()
#12 {main}
CRITICAL - 2021-06-10 00:03:25 --> Unable to connect to the database.
#0 /var/www/kodein.codes/system/Database/BaseConnection.php(646): CodeIgniter\Database\BaseConnection->initialize()
#1 /var/www/kodein.codes/system/Model.php(1814): CodeIgniter\Database\BaseConnection->query()
#2 /var/www/kodein.codes/app/Controllers/hit.php(41): CodeIgniter\Model->__call()
#3 /var/www/kodein.codes/app/Views/hitCounter.php(13): HitCounter->Hitung()
#4 /var/www/kodein.codes/app/Views/index.php(3): require('/var/www/kodein...')
#5 /var/www/kodein.codes/system/View/View.php(246): include('/var/www/kodein...')
#6 /var/www/kodein.codes/system/Common.php(1119): CodeIgniter\View\View->render()
#7 /var/www/kodein.codes/app/Controllers/Home.php(12): view()
#8 /var/www/kodein.codes/system/CodeIgniter.php(918): App\Controllers\Home->index()
#9 /var/www/kodein.codes/system/CodeIgniter.php(404): CodeIgniter\CodeIgniter->runController()
#10 /var/www/kodein.codes/system/CodeIgniter.php(312): CodeIgniter\CodeIgniter->handleRequest()
#11 /var/www/kodein.codes/public/index.php(45): CodeIgniter\CodeIgniter->run()
#12 {main}
CRITICAL - 2021-06-10 00:03:28 --> Unable to connect to the database.
#0 /var/www/kodein.codes/system/Database/BaseConnection.php(646): CodeIgniter\Database\BaseConnection->initialize()
#1 /var/www/kodein.codes/system/Model.php(1814): CodeIgniter\Database\BaseConnection->query()
#2 /var/www/kodein.codes/app/Controllers/hit.php(41): CodeIgniter\Model->__call()
#3 /var/www/kodein.codes/app/Views/hitCounter.php(13): HitCounter->Hitung()
#4 /var/www/kodein.codes/app/Views/index.php(3): require('/var/www/kodein...')
#5 /var/www/kodein.codes/system/View/View.php(246): include('/var/www/kodein...')
#6 /var/www/kodein.codes/system/Common.php(1119): CodeIgniter\View\View->render()
#7 /var/www/kodein.codes/app/Controllers/Home.php(12): view()
#8 /var/www/kodein.codes/system/CodeIgniter.php(918): App\Controllers\Home->index()
#9 /var/www/kodein.codes/system/CodeIgniter.php(404): CodeIgniter\CodeIgniter->runController()
#10 /var/www/kodein.codes/system/CodeIgniter.php(312): CodeIgniter\CodeIgniter->handleRequest()
#11 /var/www/kodein.codes/public/index.php(45): CodeIgniter\CodeIgniter->run()
#12 {main}
CRITICAL - 2021-06-10 00:06:37 --> Unable to connect to the database.
#0 /var/www/kodein.codes/system/Database/BaseConnection.php(646): CodeIgniter\Database\BaseConnection->initialize()
#1 /var/www/kodein.codes/system/Model.php(1814): CodeIgniter\Database\BaseConnection->query()
#2 /var/www/kodein.codes/app/Controllers/hit.php(41): CodeIgniter\Model->__call()
#3 /var/www/kodein.codes/app/Views/hitCounter.php(13): HitCounter->Hitung()
#4 /var/www/kodein.codes/app/Views/index.php(3): require('/var/www/kodein...')
#5 /var/www/kodein.codes/system/View/View.php(246): include('/var/www/kodein...')
#6 /var/www/kodein.codes/system/Common.php(1119): CodeIgniter\View\View->render()
#7 /var/www/kodein.codes/app/Controllers/Home.php(12): view()
#8 /var/www/kodein.codes/system/CodeIgniter.php(918): App\Controllers\Home->index()
#9 /var/www/kodein.codes/system/CodeIgniter.php(404): CodeIgniter\CodeIgniter->runController()
#10 /var/www/kodein.codes/system/CodeIgniter.php(312): CodeIgniter\CodeIgniter->handleRequest()
#11 /var/www/kodein.codes/public/index.php(45): CodeIgniter\CodeIgniter->run()
#12 {main}
CRITICAL - 2021-06-10 00:07:59 --> Unable to connect to the database.
#0 /var/www/kodein.codes/system/Database/BaseConnection.php(646): CodeIgniter\Database\BaseConnection->initialize()
#1 /var/www/kodein.codes/system/Model.php(1814): CodeIgniter\Database\BaseConnection->query()
#2 /var/www/kodein.codes/app/Controllers/hit.php(41): CodeIgniter\Model->__call()
#3 /var/www/kodein.codes/app/Views/hitCounter.php(13): HitCounter->Hitung()
#4 /var/www/kodein.codes/app/Views/index.php(3): require('/var/www/kodein...')
#5 /var/www/kodein.codes/system/View/View.php(246): include('/var/www/kodein...')
#6 /var/www/kodein.codes/system/Common.php(1119): CodeIgniter\View\View->render()
#7 /var/www/kodein.codes/app/Controllers/Home.php(12): view()
#8 /var/www/kodein.codes/system/CodeIgniter.php(918): App\Controllers\Home->index()
#9 /var/www/kodein.codes/system/CodeIgniter.php(404): CodeIgniter\CodeIgniter->runController()
#10 /var/www/kodein.codes/system/CodeIgniter.php(312): CodeIgniter\CodeIgniter->handleRequest()
#11 /var/www/kodein.codes/public/index.php(45): CodeIgniter\CodeIgniter->run()
#12 {main}
CRITICAL - 2021-06-10 00:10:24 --> Unable to connect to the database.
#0 /var/www/kodein.codes/system/Database/BaseConnection.php(646): CodeIgniter\Database\BaseConnection->initialize()
#1 /var/www/kodein.codes/system/Model.php(1814): CodeIgniter\Database\BaseConnection->query()
#2 /var/www/kodein.codes/app/Controllers/hit.php(41): CodeIgniter\Model->__call()
#3 /var/www/kodein.codes/app/Views/hitCounter.php(13): HitCounter->Hitung()
#4 /var/www/kodein.codes/app/Views/index.php(3): require('/var/www/kodein...')
#5 /var/www/kodein.codes/system/View/View.php(246): include('/var/www/kodein...')
#6 /var/www/kodein.codes/system/Common.php(1119): CodeIgniter\View\View->render()
#7 /var/www/kodein.codes/app/Controllers/Home.php(12): view()
#8 /var/www/kodein.codes/system/CodeIgniter.php(918): App\Controllers\Home->index()
#9 /var/www/kodein.codes/system/CodeIgniter.php(404): CodeIgniter\CodeIgniter->runController()
#10 /var/www/kodein.codes/system/CodeIgniter.php(312): CodeIgniter\CodeIgniter->handleRequest()
#11 /var/www/kodein.codes/public/index.php(45): CodeIgniter\CodeIgniter->run()
#12 {main}
CRITICAL - 2021-06-10 00:10:27 --> Unable to connect to the database.
#0 /var/www/kodein.codes/system/Database/BaseConnection.php(646): CodeIgniter\Database\BaseConnection->initialize()
#1 /var/www/kodein.codes/system/Database/BaseBuilder.php(1860): CodeIgniter\Database\BaseConnection->query()
#2 /var/www/kodein.codes/system/Model.php(462): CodeIgniter\Database\BaseBuilder->get()
#3 /var/www/kodein.codes/app/Models/HistoryModel.php(10): CodeIgniter\Model->findAll()
#4 /var/www/kodein.codes/app/Controllers/restfulApi.php(12): App\Models\historyModel->getHistory()
#5 /var/www/kodein.codes/system/CodeIgniter.php(918): App\Controllers\restfulApi->ApiHistory()
#6 /var/www/kodein.codes/system/CodeIgniter.php(404): CodeIgniter\CodeIgniter->runController()
#7 /var/www/kodein.codes/system/CodeIgniter.php(312): CodeIgniter\CodeIgniter->handleRequest()
#8 /var/www/kodein.codes/public/index.php(45): CodeIgniter\CodeIgniter->run()
#9 {main}
CRITICAL - 2021-06-10 00:10:28 --> Unable to connect to the database.
#0 /var/www/kodein.codes/system/Database/BaseConnection.php(646): CodeIgniter\Database\BaseConnection->initialize()
#1 /var/www/kodein.codes/system/Model.php(1814): CodeIgniter\Database\BaseConnection->query()
#2 /var/www/kodein.codes/app/Controllers/hit.php(41): CodeIgniter\Model->__call()
#3 /var/www/kodein.codes/app/Views/hitCounter.php(13): HitCounter->Hitung()
#4 /var/www/kodein.codes/app/Views/index.php(3): require('/var/www/kodein...')
#5 /var/www/kodein.codes/system/View/View.php(246): include('/var/www/kodein...')
#6 /var/www/kodein.codes/system/Common.php(1119): CodeIgniter\View\View->render()
#7 /var/www/kodein.codes/app/Controllers/Home.php(12): view()
#8 /var/www/kodein.codes/system/CodeIgniter.php(918): App\Controllers\Home->index()
#9 /var/www/kodein.codes/system/CodeIgniter.php(404): CodeIgniter\CodeIgniter->runController()
#10 /var/www/kodein.codes/system/CodeIgniter.php(312): CodeIgniter\CodeIgniter->handleRequest()
#11 /var/www/kodein.codes/public/index.php(45): CodeIgniter\CodeIgniter->run()
#12 {main}
CRITICAL - 2021-06-10 00:10:30 --> Unable to connect to the database.
#0 /var/www/kodein.codes/system/Database/BaseConnection.php(646): CodeIgniter\Database\BaseConnection->initialize()
#1 /var/www/kodein.codes/system/Model.php(1814): CodeIgniter\Database\BaseConnection->query()
#2 /var/www/kodein.codes/app/Controllers/hit.php(41): CodeIgniter\Model->__call()
#3 /var/www/kodein.codes/app/Views/hitCounter.php(13): HitCounter->Hitung()
#4 /var/www/kodein.codes/app/Views/index.php(3): require('/var/www/kodein...')
#5 /var/www/kodein.codes/system/View/View.php(246): include('/var/www/kodein...')
#6 /var/www/kodein.codes/system/Common.php(1119): CodeIgniter\View\View->render()
#7 /var/www/kodein.codes/app/Controllers/Home.php(12): view()
#8 /var/www/kodein.codes/system/CodeIgniter.php(918): App\Controllers\Home->index()
#9 /var/www/kodein.codes/system/CodeIgniter.php(404): CodeIgniter\CodeIgniter->runController()
#10 /var/www/kodein.codes/system/CodeIgniter.php(312): CodeIgniter\CodeIgniter->handleRequest()
#11 /var/www/kodein.codes/public/index.php(45): CodeIgniter\CodeIgniter->run()
#12 {main}
CRITICAL - 2021-06-10 00:10:31 --> Unable to connect to the database.
#0 /var/www/kodein.codes/system/Database/BaseConnection.php(646): CodeIgniter\Database\BaseConnection->initialize()
#1 /var/www/kodein.codes/system/Model.php(1814): CodeIgniter\Database\BaseConnection->query()
#2 /var/www/kodein.codes/app/Controllers/hit.php(41): CodeIgniter\Model->__call()
#3 /var/www/kodein.codes/app/Views/hitCounter.php(13): HitCounter->Hitung()
#4 /var/www/kodein.codes/app/Views/index.php(3): require('/var/www/kodein...')
#5 /var/www/kodein.codes/system/View/View.php(246): include('/var/www/kodein...')
#6 /var/www/kodein.codes/system/Common.php(1119): CodeIgniter\View\View->render()
#7 /var/www/kodein.codes/app/Controllers/Home.php(12): view()
#8 /var/www/kodein.codes/system/CodeIgniter.php(918): App\Controllers\Home->index()
#9 /var/www/kodein.codes/system/CodeIgniter.php(404): CodeIgniter\CodeIgniter->runController()
#10 /var/www/kodein.codes/system/CodeIgniter.php(312): CodeIgniter\CodeIgniter->handleRequest()
#11 /var/www/kodein.codes/public/index.php(45): CodeIgniter\CodeIgniter->run()
#12 {main}
CRITICAL - 2021-06-10 00:11:43 --> Unable to connect to the database.
#0 /var/www/kodein.codes/system/Database/BaseConnection.php(646): CodeIgniter\Database\BaseConnection->initialize()
#1 /var/www/kodein.codes/system/Model.php(1814): CodeIgniter\Database\BaseConnection->query()
#2 /var/www/kodein.codes/app/Controllers/hit.php(41): CodeIgniter\Model->__call()
#3 /var/www/kodein.codes/app/Views/hitCounter.php(13): HitCounter->Hitung()
#4 /var/www/kodein.codes/app/Views/index.php(3): require('/var/www/kodein...')
#5 /var/www/kodein.codes/system/View/View.php(246): include('/var/www/kodein...')
#6 /var/www/kodein.codes/system/Common.php(1119): CodeIgniter\View\View->render()
#7 /var/www/kodein.codes/app/Controllers/Home.php(12): view()
#8 /var/www/kodein.codes/system/CodeIgniter.php(918): App\Controllers\Home->index()
#9 /var/www/kodein.codes/system/CodeIgniter.php(404): CodeIgniter\CodeIgniter->runController()
#10 /var/www/kodein.codes/system/CodeIgniter.php(312): CodeIgniter\CodeIgniter->handleRequest()
#11 /var/www/kodein.codes/public/index.php(45): CodeIgniter\CodeIgniter->run()
#12 {main}
CRITICAL - 2021-06-10 00:11:51 --> Unable to connect to the database.
#0 /var/www/kodein.codes/system/Database/BaseConnection.php(646): CodeIgniter\Database\BaseConnection->initialize()
#1 /var/www/kodein.codes/system/Model.php(1814): CodeIgniter\Database\BaseConnection->query()
#2 /var/www/kodein.codes/app/Controllers/hit.php(41): CodeIgniter\Model->__call()
#3 /var/www/kodein.codes/app/Views/hitCounter.php(13): HitCounter->Hitung()
#4 /var/www/kodein.codes/app/Views/index.php(3): require('/var/www/kodein...')
#5 /var/www/kodein.codes/system/View/View.php(246): include('/var/www/kodein...')
#6 /var/www/kodein.codes/system/Common.php(1119): CodeIgniter\View\View->render()
#7 /var/www/kodein.codes/app/Controllers/Home.php(12): view()
#8 /var/www/kodein.codes/system/CodeIgniter.php(918): App\Controllers\Home->index()
#9 /var/www/kodein.codes/system/CodeIgniter.php(404): CodeIgniter\CodeIgniter->runController()
#10 /var/www/kodein.codes/system/CodeIgniter.php(312): CodeIgniter\CodeIgniter->handleRequest()
#11 /var/www/kodein.codes/public/index.php(45): CodeIgniter\CodeIgniter->run()
#12 {main}
CRITICAL - 2021-06-10 00:12:44 --> Unable to connect to the database.
#0 /var/www/kodein.codes/system/Database/BaseConnection.php(646): CodeIgniter\Database\BaseConnection->initialize()
#1 /var/www/kodein.codes/system/Model.php(1814): CodeIgniter\Database\BaseConnection->query()
#2 /var/www/kodein.codes/app/Controllers/hit.php(41): CodeIgniter\Model->__call()
#3 /var/www/kodein.codes/app/Views/hitCounter.php(13): HitCounter->Hitung()
#4 /var/www/kodein.codes/app/Views/index.php(3): require('/var/www/kodein...')
#5 /var/www/kodein.codes/system/View/View.php(246): include('/var/www/kodein...')
#6 /var/www/kodein.codes/system/Common.php(1119): CodeIgniter\View\View->render()
#7 /var/www/kodein.codes/app/Controllers/Home.php(12): view()
#8 /var/www/kodein.codes/system/CodeIgniter.php(918): App\Controllers\Home->index()
#9 /var/www/kodein.codes/system/CodeIgniter.php(404): CodeIgniter\CodeIgniter->runController()
#10 /var/www/kodein.codes/system/CodeIgniter.php(312): CodeIgniter\CodeIgniter->handleRequest()
#11 /var/www/kodein.codes/public/index.php(45): CodeIgniter\CodeIgniter->run()
#12 {main}
CRITICAL - 2021-06-10 00:12:45 --> Unable to connect to the database.
#0 /var/www/kodein.codes/system/Database/BaseConnection.php(646): CodeIgniter\Database\BaseConnection->initialize()
#1 /var/www/kodein.codes/system/Model.php(1814): CodeIgniter\Database\BaseConnection->query()
#2 /var/www/kodein.codes/app/Controllers/hit.php(41): CodeIgniter\Model->__call()
#3 /var/www/kodein.codes/app/Views/hitCounter.php(13): HitCounter->Hitung()
#4 /var/www/kodein.codes/app/Views/index.php(3): require('/var/www/kodein...')
#5 /var/www/kodein.codes/system/View/View.php(246): include('/var/www/kodein...')
#6 /var/www/kodein.codes/system/Common.php(1119): CodeIgniter\View\View->render()
#7 /var/www/kodein.codes/app/Controllers/Home.php(12): view()
#8 /var/www/kodein.codes/system/CodeIgniter.php(918): App\Controllers\Home->index()
#9 /var/www/kodein.codes/system/CodeIgniter.php(404): CodeIgniter\CodeIgniter->runController()
#10 /var/www/kodein.codes/system/CodeIgniter.php(312): CodeIgniter\CodeIgniter->handleRequest()
#11 /var/www/kodein.codes/public/index.php(45): CodeIgniter\CodeIgniter->run()
#12 {main}
CRITICAL - 2021-06-10 00:17:54 --> Unable to connect to the database.
#0 /var/www/kodein.codes/system/Database/BaseConnection.php(646): CodeIgniter\Database\BaseConnection->initialize()
#1 /var/www/kodein.codes/system/Model.php(1814): CodeIgniter\Database\BaseConnection->query()
#2 /var/www/kodein.codes/app/Controllers/hit.php(41): CodeIgniter\Model->__call()
#3 /var/www/kodein.codes/app/Views/hitCounter.php(13): HitCounter->Hitung()
#4 /var/www/kodein.codes/app/Views/index.php(3): require('/var/www/kodein...')
#5 /var/www/kodein.codes/system/View/View.php(246): include('/var/www/kodein...')
#6 /var/www/kodein.codes/system/Common.php(1119): CodeIgniter\View\View->render()
#7 /var/www/kodein.codes/app/Controllers/Home.php(12): view()
#8 /var/www/kodein.codes/system/CodeIgniter.php(918): App\Controllers\Home->index()
#9 /var/www/kodein.codes/system/CodeIgniter.php(404): CodeIgniter\CodeIgniter->runController()
#10 /var/www/kodein.codes/system/CodeIgniter.php(312): CodeIgniter\CodeIgniter->handleRequest()
#11 /var/www/kodein.codes/public/index.php(45): CodeIgniter\CodeIgniter->run()
#12 {main}
CRITICAL - 2021-06-10 00:17:55 --> Unable to connect to the database.
#0 /var/www/kodein.codes/system/Database/BaseConnection.php(646): CodeIgniter\Database\BaseConnection->initialize()
#1 /var/www/kodein.codes/system/Model.php(1814): CodeIgniter\Database\BaseConnection->query()
#2 /var/www/kodein.codes/app/Controllers/hit.php(41): CodeIgniter\Model->__call()
#3 /var/www/kodein.codes/app/Views/hitCounter.php(13): HitCounter->Hitung()
#4 /var/www/kodein.codes/app/Views/index.php(3): require('/var/www/kodein...')
#5 /var/www/kodein.codes/system/View/View.php(246): include('/var/www/kodein...')
#6 /var/www/kodein.codes/system/Common.php(1119): CodeIgniter\View\View->render()
#7 /var/www/kodein.codes/app/Controllers/Home.php(12): view()
#8 /var/www/kodein.codes/system/CodeIgniter.php(918): App\Controllers\Home->index()
#9 /var/www/kodein.codes/system/CodeIgniter.php(404): CodeIgniter\CodeIgniter->runController()
#10 /var/www/kodein.codes/system/CodeIgniter.php(312): CodeIgniter\CodeIgniter->handleRequest()
#11 /var/www/kodein.codes/public/index.php(45): CodeIgniter\CodeIgniter->run()
#12 {main}
CRITICAL - 2021-06-10 00:17:57 --> Unable to connect to the database.
#0 /var/www/kodein.codes/system/Database/BaseConnection.php(646): CodeIgniter\Database\BaseConnection->initialize()
#1 /var/www/kodein.codes/system/Database/BaseBuilder.php(1860): CodeIgniter\Database\BaseConnection->query()
#2 /var/www/kodein.codes/system/Model.php(462): CodeIgniter\Database\BaseBuilder->get()
#3 /var/www/kodein.codes/app/Models/HistoryModel.php(10): CodeIgniter\Model->findAll()
#4 /var/www/kodein.codes/app/Controllers/restfulApi.php(12): App\Models\historyModel->getHistory()
#5 /var/www/kodein.codes/system/CodeIgniter.php(918): App\Controllers\restfulApi->ApiHistory()
#6 /var/www/kodein.codes/system/CodeIgniter.php(404): CodeIgniter\CodeIgniter->runController()
#7 /var/www/kodein.codes/system/CodeIgniter.php(312): CodeIgniter\CodeIgniter->handleRequest()
#8 /var/www/kodein.codes/public/index.php(45): CodeIgniter\CodeIgniter->run()
#9 {main}
CRITICAL - 2021-06-10 00:18:29 --> Unable to connect to the database.
#0 /var/www/kodein.codes/system/Database/BaseConnection.php(646): CodeIgniter\Database\BaseConnection->initialize()
#1 /var/www/kodein.codes/system/Model.php(1814): CodeIgniter\Database\BaseConnection->query()
#2 /var/www/kodein.codes/app/Controllers/hit.php(41): CodeIgniter\Model->__call()
#3 /var/www/kodein.codes/app/Views/hitCounter.php(13): HitCounter->Hitung()
#4 /var/www/kodein.codes/app/Views/index.php(3): require('/var/www/kodein...')
#5 /var/www/kodein.codes/system/View/View.php(246): include('/var/www/kodein...')
#6 /var/www/kodein.codes/system/Common.php(1119): CodeIgniter\View\View->render()
#7 /var/www/kodein.codes/app/Controllers/Home.php(12): view()
#8 /var/www/kodein.codes/system/CodeIgniter.php(918): App\Controllers\Home->index()
#9 /var/www/kodein.codes/system/CodeIgniter.php(404): CodeIgniter\CodeIgniter->runController()
#10 /var/www/kodein.codes/system/CodeIgniter.php(312): CodeIgniter\CodeIgniter->handleRequest()
#11 /var/www/kodein.codes/public/index.php(45): CodeIgniter\CodeIgniter->run()
#12 {main}
CRITICAL - 2021-06-10 00:18:35 --> Unable to connect to the database.
#0 /var/www/kodein.codes/system/Database/BaseConnection.php(646): CodeIgniter\Database\BaseConnection->initialize()
#1 /var/www/kodein.codes/system/Model.php(1814): CodeIgniter\Database\BaseConnection->query()
#2 /var/www/kodein.codes/app/Controllers/hit.php(41): CodeIgniter\Model->__call()
#3 /var/www/kodein.codes/app/Views/hitCounter.php(13): HitCounter->Hitung()
#4 /var/www/kodein.codes/app/Views/index.php(3): require('/var/www/kodein...')
#5 /var/www/kodein.codes/system/View/View.php(246): include('/var/www/kodein...')
#6 /var/www/kodein.codes/system/Common.php(1119): CodeIgniter\View\View->render()
#7 /var/www/kodein.codes/app/Controllers/Home.php(12): view()
#8 /var/www/kodein.codes/system/CodeIgniter.php(918): App\Controllers\Home->index()
#9 /var/www/kodein.codes/system/CodeIgniter.php(404): CodeIgniter\CodeIgniter->runController()
#10 /var/www/kodein.codes/system/CodeIgniter.php(312): CodeIgniter\CodeIgniter->handleRequest()
#11 /var/www/kodein.codes/public/index.php(45): CodeIgniter\CodeIgniter->run()
#12 {main}
CRITICAL - 2021-06-10 00:37:27 --> Unable to connect to the database.
#0 /var/www/kodein.codes/system/Database/BaseConnection.php(646): CodeIgniter\Database\BaseConnection->initialize()
#1 /var/www/kodein.codes/system/Model.php(1814): CodeIgniter\Database\BaseConnection->query()
#2 /var/www/kodein.codes/app/Controllers/hit.php(41): CodeIgniter\Model->__call()
#3 /var/www/kodein.codes/app/Views/hitCounter.php(13): HitCounter->Hitung()
#4 /var/www/kodein.codes/app/Views/index.php(3): require('/var/www/kodein...')
#5 /var/www/kodein.codes/system/View/View.php(246): include('/var/www/kodein...')
#6 /var/www/kodein.codes/system/Common.php(1119): CodeIgniter\View\View->render()
#7 /var/www/kodein.codes/app/Controllers/Home.php(12): view()
#8 /var/www/kodein.codes/system/CodeIgniter.php(918): App\Controllers\Home->index()
#9 /var/www/kodein.codes/system/CodeIgniter.php(404): CodeIgniter\CodeIgniter->runController()
#10 /var/www/kodein.codes/system/CodeIgniter.php(312): CodeIgniter\CodeIgniter->handleRequest()
#11 /var/www/kodein.codes/public/index.php(45): CodeIgniter\CodeIgniter->run()
#12 {main}
CRITICAL - 2021-06-10 00:37:28 --> Unable to connect to the database.
#0 /var/www/kodein.codes/system/Database/BaseConnection.php(646): CodeIgniter\Database\BaseConnection->initialize()
#1 /var/www/kodein.codes/system/Model.php(1814): CodeIgniter\Database\BaseConnection->query()
#2 /var/www/kodein.codes/app/Controllers/hit.php(41): CodeIgniter\Model->__call()
#3 /var/www/kodein.codes/app/Views/hitCounter.php(13): HitCounter->Hitung()
#4 /var/www/kodein.codes/app/Views/index.php(3): require('/var/www/kodein...')
#5 /var/www/kodein.codes/system/View/View.php(246): include('/var/www/kodein...')
#6 /var/www/kodein.codes/system/Common.php(1119): CodeIgniter\View\View->render()
#7 /var/www/kodein.codes/app/Controllers/Home.php(12): view()
#8 /var/www/kodein.codes/system/CodeIgniter.php(918): App\Controllers\Home->index()
#9 /var/www/kodein.codes/system/CodeIgniter.php(404): CodeIgniter\CodeIgniter->runController()
#10 /var/www/kodein.codes/system/CodeIgniter.php(312): CodeIgniter\CodeIgniter->handleRequest()
#11 /var/www/kodein.codes/public/index.php(45): CodeIgniter\CodeIgniter->run()
#12 {main}
CRITICAL - 2021-06-10 00:37:39 --> Unable to connect to the database.
#0 /var/www/kodein.codes/system/Database/BaseConnection.php(646): CodeIgniter\Database\BaseConnection->initialize()
#1 /var/www/kodein.codes/system/Model.php(1814): CodeIgniter\Database\BaseConnection->query()
#2 /var/www/kodein.codes/app/Controllers/hit.php(41): CodeIgniter\Model->__call()
#3 /var/www/kodein.codes/app/Views/hitCounter.php(13): HitCounter->Hitung()
#4 /var/www/kodein.codes/app/Views/index.php(3): require('/var/www/kodein...')
#5 /var/www/kodein.codes/system/View/View.php(246): include('/var/www/kodein...')
#6 /var/www/kodein.codes/system/Common.php(1119): CodeIgniter\View\View->render()
#7 /var/www/kodein.codes/app/Controllers/Home.php(12): view()
#8 /var/www/kodein.codes/system/CodeIgniter.php(918): App\Controllers\Home->index()
#9 /var/www/kodein.codes/system/CodeIgniter.php(404): CodeIgniter\CodeIgniter->runController()
#10 /var/www/kodein.codes/system/CodeIgniter.php(312): CodeIgniter\CodeIgniter->handleRequest()
#11 /var/www/kodein.codes/public/index.php(45): CodeIgniter\CodeIgniter->run()
#12 {main}
CRITICAL - 2021-06-10 00:37:40 --> Unable to connect to the database.
#0 /var/www/kodein.codes/system/Database/BaseConnection.php(646): CodeIgniter\Database\BaseConnection->initialize()
#1 /var/www/kodein.codes/system/Model.php(1814): CodeIgniter\Database\BaseConnection->query()
#2 /var/www/kodein.codes/app/Controllers/hit.php(41): CodeIgniter\Model->__call()
#3 /var/www/kodein.codes/app/Views/hitCounter.php(13): HitCounter->Hitung()
#4 /var/www/kodein.codes/app/Views/index.php(3): require('/var/www/kodein...')
#5 /var/www/kodein.codes/system/View/View.php(246): include('/var/www/kodein...')
#6 /var/www/kodein.codes/system/Common.php(1119): CodeIgniter\View\View->render()
#7 /var/www/kodein.codes/app/Controllers/Home.php(12): view()
#8 /var/www/kodein.codes/system/CodeIgniter.php(918): App\Controllers\Home->index()
#9 /var/www/kodein.codes/system/CodeIgniter.php(404): CodeIgniter\CodeIgniter->runController()
#10 /var/www/kodein.codes/system/CodeIgniter.php(312): CodeIgniter\CodeIgniter->handleRequest()
#11 /var/www/kodein.codes/public/index.php(45): CodeIgniter\CodeIgniter->run()
#12 {main}
CRITICAL - 2021-06-10 00:45:15 --> Unable to connect to the database.
#0 /var/www/kodein.codes/system/Database/BaseConnection.php(646): CodeIgniter\Database\BaseConnection->initialize()
#1 /var/www/kodein.codes/system/Model.php(1814): CodeIgniter\Database\BaseConnection->query()
#2 /var/www/kodein.codes/app/Controllers/hit.php(41): CodeIgniter\Model->__call()
#3 /var/www/kodein.codes/app/Views/hitCounter.php(13): HitCounter->Hitung()
#4 /var/www/kodein.codes/app/Views/index.php(3): require('/var/www/kodein...')
#5 /var/www/kodein.codes/system/View/View.php(246): include('/var/www/kodein...')
#6 /var/www/kodein.codes/system/Common.php(1119): CodeIgniter\View\View->render()
#7 /var/www/kodein.codes/app/Controllers/Home.php(12): view()
#8 /var/www/kodein.codes/system/CodeIgniter.php(918): App\Controllers\Home->index()
#9 /var/www/kodein.codes/system/CodeIgniter.php(404): CodeIgniter\CodeIgniter->runController()
#10 /var/www/kodein.codes/system/CodeIgniter.php(312): CodeIgniter\CodeIgniter->handleRequest()
#11 /var/www/kodein.codes/public/index.php(45): CodeIgniter\CodeIgniter->run()
#12 {main}
CRITICAL - 2021-06-10 00:45:16 --> Unable to connect to the database.
#0 /var/www/kodein.codes/system/Database/BaseConnection.php(646): CodeIgniter\Database\BaseConnection->initialize()
#1 /var/www/kodein.codes/system/Model.php(1814): CodeIgniter\Database\BaseConnection->query()
#2 /var/www/kodein.codes/app/Controllers/hit.php(41): CodeIgniter\Model->__call()
#3 /var/www/kodein.codes/app/Views/hitCounter.php(13): HitCounter->Hitung()
#4 /var/www/kodein.codes/app/Views/index.php(3): require('/var/www/kodein...')
#5 /var/www/kodein.codes/system/View/View.php(246): include('/var/www/kodein...')
#6 /var/www/kodein.codes/system/Common.php(1119): CodeIgniter\View\View->render()
#7 /var/www/kodein.codes/app/Controllers/Home.php(12): view()
#8 /var/www/kodein.codes/system/CodeIgniter.php(918): App\Controllers\Home->index()
#9 /var/www/kodein.codes/system/CodeIgniter.php(404): CodeIgniter\CodeIgniter->runController()
#10 /var/www/kodein.codes/system/CodeIgniter.php(312): CodeIgniter\CodeIgniter->handleRequest()
#11 /var/www/kodein.codes/public/index.php(45): CodeIgniter\CodeIgniter->run()
#12 {main}
CRITICAL - 2021-06-10 00:48:41 --> Unable to connect to the database.
#0 /var/www/kodein.codes/system/Database/BaseConnection.php(646): CodeIgniter\Database\BaseConnection->initialize()
#1 /var/www/kodein.codes/system/Model.php(1814): CodeIgniter\Database\BaseConnection->query()
#2 /var/www/kodein.codes/app/Controllers/hit.php(41): CodeIgniter\Model->__call()
#3 /var/www/kodein.codes/app/Views/hitCounter.php(13): HitCounter->Hitung()
#4 /var/www/kodein.codes/app/Views/index.php(3): require('/var/www/kodein...')
#5 /var/www/kodein.codes/system/View/View.php(246): include('/var/www/kodein...')
#6 /var/www/kodein.codes/system/Common.php(1119): CodeIgniter\View\View->render()
#7 /var/www/kodein.codes/app/Controllers/Home.php(12): view()
#8 /var/www/kodein.codes/system/CodeIgniter.php(918): App\Controllers\Home->index()
#9 /var/www/kodein.codes/system/CodeIgniter.php(404): CodeIgniter\CodeIgniter->runController()
#10 /var/www/kodein.codes/system/CodeIgniter.php(312): CodeIgniter\CodeIgniter->handleRequest()
#11 /var/www/kodein.codes/public/index.php(45): CodeIgniter\CodeIgniter->run()
#12 {main}
CRITICAL - 2021-06-10 00:51:19 --> Unable to connect to the database.
#0 /var/www/kodein.codes/system/Database/BaseConnection.php(646): CodeIgniter\Database\BaseConnection->initialize()
#1 /var/www/kodein.codes/system/Model.php(1814): CodeIgniter\Database\BaseConnection->query()
#2 /var/www/kodein.codes/app/Controllers/hit.php(41): CodeIgniter\Model->__call()
#3 /var/www/kodein.codes/app/Views/hitCounter.php(13): HitCounter->Hitung()
#4 /var/www/kodein.codes/app/Views/index.php(3): require('/var/www/kodein...')
#5 /var/www/kodein.codes/system/View/View.php(246): include('/var/www/kodein...')
#6 /var/www/kodein.codes/system/Common.php(1119): CodeIgniter\View\View->render()
#7 /var/www/kodein.codes/app/Controllers/Home.php(12): view()
#8 /var/www/kodein.codes/system/CodeIgniter.php(918): App\Controllers\Home->index()
#9 /var/www/kodein.codes/system/CodeIgniter.php(404): CodeIgniter\CodeIgniter->runController()
#10 /var/www/kodein.codes/system/CodeIgniter.php(312): CodeIgniter\CodeIgniter->handleRequest()
#11 /var/www/kodein.codes/public/index.php(45): CodeIgniter\CodeIgniter->run()
#12 {main}
CRITICAL - 2021-06-10 00:51:24 --> Unable to connect to the database.
#0 /var/www/kodein.codes/system/Database/BaseConnection.php(646): CodeIgniter\Database\BaseConnection->initialize()
#1 /var/www/kodein.codes/system/Model.php(1814): CodeIgniter\Database\BaseConnection->query()
#2 /var/www/kodein.codes/app/Controllers/hit.php(41): CodeIgniter\Model->__call()
#3 /var/www/kodein.codes/app/Views/hitCounter.php(13): HitCounter->Hitung()
#4 /var/www/kodein.codes/app/Views/index.php(3): require('/var/www/kodein...')
#5 /var/www/kodein.codes/system/View/View.php(246): include('/var/www/kodein...')
#6 /var/www/kodein.codes/system/Common.php(1119): CodeIgniter\View\View->render()
#7 /var/www/kodein.codes/app/Controllers/Home.php(12): view()
#8 /var/www/kodein.codes/system/CodeIgniter.php(918): App\Controllers\Home->index()
#9 /var/www/kodein.codes/system/CodeIgniter.php(404): CodeIgniter\CodeIgniter->runController()
#10 /var/www/kodein.codes/system/CodeIgniter.php(312): CodeIgniter\CodeIgniter->handleRequest()
#11 /var/www/kodein.codes/public/index.php(45): CodeIgniter\CodeIgniter->run()
#12 {main}
CRITICAL - 2021-06-10 00:51:34 --> Unable to connect to the database.
#0 /var/www/kodein.codes/system/Database/BaseConnection.php(646): CodeIgniter\Database\BaseConnection->initialize()
#1 /var/www/kodein.codes/system/Database/BaseBuilder.php(1860): CodeIgniter\Database\BaseConnection->query()
#2 /var/www/kodein.codes/system/Model.php(462): CodeIgniter\Database\BaseBuilder->get()
#3 /var/www/kodein.codes/app/Models/HistoryModel.php(10): CodeIgniter\Model->findAll()
#4 /var/www/kodein.codes/app/Controllers/restfulApi.php(12): App\Models\historyModel->getHistory()
#5 /var/www/kodein.codes/system/CodeIgniter.php(918): App\Controllers\restfulApi->ApiHistory()
#6 /var/www/kodein.codes/system/CodeIgniter.php(404): CodeIgniter\CodeIgniter->runController()
#7 /var/www/kodein.codes/system/CodeIgniter.php(312): CodeIgniter\CodeIgniter->handleRequest()
#8 /var/www/kodein.codes/public/index.php(45): CodeIgniter\CodeIgniter->run()
#9 {main}
CRITICAL - 2021-06-10 00:52:11 --> Unable to connect to the database.
#0 /var/www/kodein.codes/system/Database/BaseConnection.php(646): CodeIgniter\Database\BaseConnection->initialize()
#1 /var/www/kodein.codes/system/Model.php(1814): CodeIgniter\Database\BaseConnection->query()
#2 /var/www/kodein.codes/app/Controllers/hit.php(41): CodeIgniter\Model->__call()
#3 /var/www/kodein.codes/app/Views/hitCounter.php(13): HitCounter->Hitung()
#4 /var/www/kodein.codes/app/Views/index.php(3): require('/var/www/kodein...')
#5 /var/www/kodein.codes/system/View/View.php(246): include('/var/www/kodein...')
#6 /var/www/kodein.codes/system/Common.php(1119): CodeIgniter\View\View->render()
#7 /var/www/kodein.codes/app/Controllers/Home.php(12): view()
#8 /var/www/kodein.codes/system/CodeIgniter.php(918): App\Controllers\Home->index()
#9 /var/www/kodein.codes/system/CodeIgniter.php(404): CodeIgniter\CodeIgniter->runController()
#10 /var/www/kodein.codes/system/CodeIgniter.php(312): CodeIgniter\CodeIgniter->handleRequest()
#11 /var/www/kodein.codes/public/index.php(45): CodeIgniter\CodeIgniter->run()
#12 {main}
CRITICAL - 2021-06-10 00:52:29 --> Unable to connect to the database.
#0 /var/www/kodein.codes/system/Database/BaseConnection.php(646): CodeIgniter\Database\BaseConnection->initialize()
#1 /var/www/kodein.codes/system/Model.php(1814): CodeIgniter\Database\BaseConnection->query()
#2 /var/www/kodein.codes/app/Controllers/hit.php(41): CodeIgniter\Model->__call()
#3 /var/www/kodein.codes/app/Views/hitCounter.php(13): HitCounter->Hitung()
#4 /var/www/kodein.codes/app/Views/index.php(3): require('/var/www/kodein...')
#5 /var/www/kodein.codes/system/View/View.php(246): include('/var/www/kodein...')
#6 /var/www/kodein.codes/system/Common.php(1119): CodeIgniter\View\View->render()
#7 /var/www/kodein.codes/app/Controllers/Home.php(12): view()
#8 /var/www/kodein.codes/system/CodeIgniter.php(918): App\Controllers\Home->index()
#9 /var/www/kodein.codes/system/CodeIgniter.php(404): CodeIgniter\CodeIgniter->runController()
#10 /var/www/kodein.codes/system/CodeIgniter.php(312): CodeIgniter\CodeIgniter->handleRequest()
#11 /var/www/kodein.codes/public/index.php(45): CodeIgniter\CodeIgniter->run()
#12 {main}
CRITICAL - 2021-06-10 00:55:34 --> Undefined offset: 3
#0 /var/www/kodein.codes/app/Views/hitCounter.php(12): CodeIgniter\Debug\Exceptions->errorHandler()
#1 /var/www/kodein.codes/app/Views/index.php(3): require('/var/www/kodein...')
#2 /var/www/kodein.codes/system/View/View.php(246): include('/var/www/kodein...')
#3 /var/www/kodein.codes/system/Common.php(1119): CodeIgniter\View\View->render()
#4 /var/www/kodein.codes/app/Controllers/Home.php(12): view()
#5 /var/www/kodein.codes/system/CodeIgniter.php(918): App\Controllers\Home->index()
#6 /var/www/kodein.codes/system/CodeIgniter.php(404): CodeIgniter\CodeIgniter->runController()
#7 /var/www/kodein.codes/system/CodeIgniter.php(312): CodeIgniter\CodeIgniter->handleRequest()
#8 /var/www/kodein.codes/public/index.php(45): CodeIgniter\CodeIgniter->run()
#9 {main}
CRITICAL - 2021-06-10 00:55:38 --> Undefined offset: 3
#0 /var/www/kodein.codes/app/Views/hitCounter.php(12): CodeIgniter\Debug\Exceptions->errorHandler()
#1 /var/www/kodein.codes/app/Views/index.php(3): require('/var/www/kodein...')
#2 /var/www/kodein.codes/system/View/View.php(246): include('/var/www/kodein...')
#3 /var/www/kodein.codes/system/Common.php(1119): CodeIgniter\View\View->render()
#4 /var/www/kodein.codes/app/Controllers/Home.php(12): view()
#5 /var/www/kodein.codes/system/CodeIgniter.php(918): App\Controllers\Home->index()
#6 /var/www/kodein.codes/system/CodeIgniter.php(404): CodeIgniter\CodeIgniter->runController()
#7 /var/www/kodein.codes/system/CodeIgniter.php(312): CodeIgniter\CodeIgniter->handleRequest()
#8 /var/www/kodein.codes/public/index.php(45): CodeIgniter\CodeIgniter->run()
#9 {main}
CRITICAL - 2021-06-10 00:55:41 --> Undefined offset: 3
#0 /var/www/kodein.codes/app/Views/hitCounter.php(12): CodeIgniter\Debug\Exceptions->errorHandler()
#1 /var/www/kodein.codes/app/Views/index.php(3): require('/var/www/kodein...')
#2 /var/www/kodein.codes/system/View/View.php(246): include('/var/www/kodein...')
#3 /var/www/kodein.codes/system/Common.php(1119): CodeIgniter\View\View->render()
#4 /var/www/kodein.codes/app/Controllers/Home.php(12): view()
#5 /var/www/kodein.codes/system/CodeIgniter.php(918): App\Controllers\Home->index()
#6 /var/www/kodein.codes/system/CodeIgniter.php(404): CodeIgniter\CodeIgniter->runController()
#7 /var/www/kodein.codes/system/CodeIgniter.php(312): CodeIgniter\CodeIgniter->handleRequest()
#8 /var/www/kodein.codes/public/index.php(45): CodeIgniter\CodeIgniter->run()
#9 {main}
CRITICAL - 2021-06-10 00:55:49 --> Undefined offset: 3
#0 /var/www/kodein.codes/app/Views/hitCounter.php(12): CodeIgniter\Debug\Exceptions->errorHandler()
#1 /var/www/kodein.codes/app/Views/index.php(3): require('/var/www/kodein...')
#2 /var/www/kodein.codes/system/View/View.php(246): include('/var/www/kodein...')
#3 /var/www/kodein.codes/system/Common.php(1119): CodeIgniter\View\View->render()
#4 /var/www/kodein.codes/app/Controllers/Home.php(12): view()
#5 /var/www/kodein.codes/system/CodeIgniter.php(918): App\Controllers\Home->index()
#6 /var/www/kodein.codes/system/CodeIgniter.php(404): CodeIgniter\CodeIgniter->runController()
#7 /var/www/kodein.codes/system/CodeIgniter.php(312): CodeIgniter\CodeIgniter->handleRequest()
#8 /var/www/kodein.codes/public/index.php(45): CodeIgniter\CodeIgniter->run()
#9 {main}
CRITICAL - 2021-06-10 00:56:19 --> Undefined offset: 3
#0 /var/www/kodein.codes/app/Views/hitCounter.php(12): CodeIgniter\Debug\Exceptions->errorHandler()
#1 /var/www/kodein.codes/app/Views/index.php(3): require('/var/www/kodein...')
#2 /var/www/kodein.codes/system/View/View.php(246): include('/var/www/kodein...')
#3 /var/www/kodein.codes/system/Common.php(1119): CodeIgniter\View\View->render()
#4 /var/www/kodein.codes/app/Controllers/Home.php(12): view()
#5 /var/www/kodein.codes/system/CodeIgniter.php(918): App\Controllers\Home->index()
#6 /var/www/kodein.codes/system/CodeIgniter.php(404): CodeIgniter\CodeIgniter->runController()
#7 /var/www/kodein.codes/system/CodeIgniter.php(312): CodeIgniter\CodeIgniter->handleRequest()
#8 /var/www/kodein.codes/public/index.php(45): CodeIgniter\CodeIgniter->run()
#9 {main}
CRITICAL - 2021-06-10 00:56:23 --> Undefined offset: 3
#0 /var/www/kodein.codes/app/Views/hitCounter.php(12): CodeIgniter\Debug\Exceptions->errorHandler()
#1 /var/www/kodein.codes/app/Views/index.php(3): require('/var/www/kodein...')
#2 /var/www/kodein.codes/system/View/View.php(246): include('/var/www/kodein...')
#3 /var/www/kodein.codes/system/Common.php(1119): CodeIgniter\View\View->render()
#4 /var/www/kodein.codes/app/Controllers/Home.php(12): view()
#5 /var/www/kodein.codes/system/CodeIgniter.php(918): App\Controllers\Home->index()
#6 /var/www/kodein.codes/system/CodeIgniter.php(404): CodeIgniter\CodeIgniter->runController()
#7 /var/www/kodein.codes/system/CodeIgniter.php(312): CodeIgniter\CodeIgniter->handleRequest()
#8 /var/www/kodein.codes/public/index.php(45): CodeIgniter\CodeIgniter->run()
#9 {main}
CRITICAL - 2021-06-10 00:56:46 --> Undefined offset: 3
#0 /var/www/kodein.codes/app/Views/hitCounter.php(12): CodeIgniter\Debug\Exceptions->errorHandler()
#1 /var/www/kodein.codes/app/Views/index.php(3): require('/var/www/kodein...')
#2 /var/www/kodein.codes/system/View/View.php(246): include('/var/www/kodein...')
#3 /var/www/kodein.codes/system/Common.php(1119): CodeIgniter\View\View->render()
#4 /var/www/kodein.codes/app/Controllers/Home.php(12): view()
#5 /var/www/kodein.codes/system/CodeIgniter.php(918): App\Controllers\Home->index()
#6 /var/www/kodein.codes/system/CodeIgniter.php(404): CodeIgniter\CodeIgniter->runController()
#7 /var/www/kodein.codes/system/CodeIgniter.php(312): CodeIgniter\CodeIgniter->handleRequest()
#8 /var/www/kodein.codes/public/index.php(45): CodeIgniter\CodeIgniter->run()
#9 {main}
CRITICAL - 2021-06-10 00:56:48 --> Undefined offset: 3
#0 /var/www/kodein.codes/app/Views/hitCounter.php(12): CodeIgniter\Debug\Exceptions->errorHandler()
#1 /var/www/kodein.codes/app/Views/index.php(3): require('/var/www/kodein...')
#2 /var/www/kodein.codes/system/View/View.php(246): include('/var/www/kodein...')
#3 /var/www/kodein.codes/system/Common.php(1119): CodeIgniter\View\View->render()
#4 /var/www/kodein.codes/app/Controllers/Home.php(12): view()
#5 /var/www/kodein.codes/system/CodeIgniter.php(918): App\Controllers\Home->index()
#6 /var/www/kodein.codes/system/CodeIgniter.php(404): CodeIgniter\CodeIgniter->runController()
#7 /var/www/kodein.codes/system/CodeIgniter.php(312): CodeIgniter\CodeIgniter->handleRequest()
#8 /var/www/kodein.codes/public/index.php(45): CodeIgniter\CodeIgniter->run()
#9 {main}
CRITICAL - 2021-06-10 00:58:23 --> Undefined variable: device
#0 /var/www/kodein.codes/app/Views/hitCounter.php(13): CodeIgniter\Debug\Exceptions->errorHandler()
#1 /var/www/kodein.codes/app/Views/index.php(3): require('/var/www/kodein...')
#2 /var/www/kodein.codes/system/View/View.php(246): include('/var/www/kodein...')
#3 /var/www/kodein.codes/system/Common.php(1119): CodeIgniter\View\View->render()
#4 /var/www/kodein.codes/app/Controllers/Home.php(12): view()
#5 /var/www/kodein.codes/system/CodeIgniter.php(918): App\Controllers\Home->index()
#6 /var/www/kodein.codes/system/CodeIgniter.php(404): CodeIgniter\CodeIgniter->runController()
#7 /var/www/kodein.codes/system/CodeIgniter.php(312): CodeIgniter\CodeIgniter->handleRequest()
#8 /var/www/kodein.codes/public/index.php(45): CodeIgniter\CodeIgniter->run()
#9 {main}
CRITICAL - 2021-06-10 00:59:59 --> Unable to connect to the database.
#0 /var/www/kodein.codes/system/Database/BaseConnection.php(646): CodeIgniter\Database\BaseConnection->initialize()
#1 /var/www/kodein.codes/system/Database/BaseBuilder.php(2249): CodeIgniter\Database\BaseConnection->query()
#2 /var/www/kodein.codes/app/Models/LoginModel.php(14): CodeIgniter\Database\BaseBuilder->insert()
#3 /var/www/kodein.codes/app/Controllers/Home.php(50): App\Models\LoginModel->register()
#4 /var/www/kodein.codes/system/CodeIgniter.php(918): App\Controllers\Home->register()
#5 /var/www/kodein.codes/system/CodeIgniter.php(404): CodeIgniter\CodeIgniter->runController()
#6 /var/www/kodein.codes/system/CodeIgniter.php(312): CodeIgniter\CodeIgniter->handleRequest()
#7 /var/www/kodein.codes/public/index.php(45): CodeIgniter\CodeIgniter->run()
#8 {main}
CRITICAL - 2021-06-10 01:01:28 --> Unable to connect to the database.
#0 /var/www/kodein.codes/system/Database/BaseConnection.php(646): CodeIgniter\Database\BaseConnection->initialize()
#1 /var/www/kodein.codes/system/Model.php(1814): CodeIgniter\Database\BaseConnection->query()
#2 /var/www/kodein.codes/app/Controllers/hit.php(41): CodeIgniter\Model->__call()
#3 /var/www/kodein.codes/app/Views/hitCounter.php(13): HitCounter->Hitung()
#4 /var/www/kodein.codes/app/Views/index.php(3): require('/var/www/kodein...')
#5 /var/www/kodein.codes/system/View/View.php(246): include('/var/www/kodein...')
#6 /var/www/kodein.codes/system/Common.php(1119): CodeIgniter\View\View->render()
#7 /var/www/kodein.codes/app/Controllers/Home.php(12): view()
#8 /var/www/kodein.codes/system/CodeIgniter.php(918): App\Controllers\Home->index()
#9 /var/www/kodein.codes/system/CodeIgniter.php(404): CodeIgniter\CodeIgniter->runController()
#10 /var/www/kodein.codes/system/CodeIgniter.php(312): CodeIgniter\CodeIgniter->handleRequest()
#11 /var/www/kodein.codes/public/index.php(45): CodeIgniter\CodeIgniter->run()
#12 {main}
CRITICAL - 2021-06-10 01:02:42 --> Unable to connect to the database.
#0 /var/www/kodein.codes/system/Database/BaseConnection.php(646): CodeIgniter\Database\BaseConnection->initialize()
#1 /var/www/kodein.codes/system/Model.php(1814): CodeIgniter\Database\BaseConnection->query()
#2 /var/www/kodein.codes/app/Controllers/hit.php(41): CodeIgniter\Model->__call()
#3 /var/www/kodein.codes/app/Views/hitCounter.php(13): HitCounter->Hitung()
#4 /var/www/kodein.codes/app/Views/index.php(3): require('/var/www/kodein...')
#5 /var/www/kodein.codes/system/View/View.php(246): include('/var/www/kodein...')
#6 /var/www/kodein.codes/system/Common.php(1119): CodeIgniter\View\View->render()
#7 /var/www/kodein.codes/app/Controllers/Home.php(12): view()
#8 /var/www/kodein.codes/system/CodeIgniter.php(918): App\Controllers\Home->index()
#9 /var/www/kodein.codes/system/CodeIgniter.php(404): CodeIgniter\CodeIgniter->runController()
#10 /var/www/kodein.codes/system/CodeIgniter.php(312): CodeIgniter\CodeIgniter->handleRequest()
#11 /var/www/kodein.codes/public/index.php(45): CodeIgniter\CodeIgniter->run()
#12 {main}
CRITICAL - 2021-06-10 01:02:49 --> Unable to connect to the database.
#0 /var/www/kodein.codes/system/Database/BaseConnection.php(646): CodeIgniter\Database\BaseConnection->initialize()
#1 /var/www/kodein.codes/system/Database/BaseBuilder.php(1860): CodeIgniter\Database\BaseConnection->query()
#2 /var/www/kodein.codes/system/Model.php(462): CodeIgniter\Database\BaseBuilder->get()
#3 /var/www/kodein.codes/app/Models/HistoryModel.php(10): CodeIgniter\Model->findAll()
#4 /var/www/kodein.codes/app/Controllers/restfulApi.php(12): App\Models\historyModel->getHistory()
#5 /var/www/kodein.codes/system/CodeIgniter.php(918): App\Controllers\restfulApi->ApiHistory()
#6 /var/www/kodein.codes/system/CodeIgniter.php(404): CodeIgniter\CodeIgniter->runController()
#7 /var/www/kodein.codes/system/CodeIgniter.php(312): CodeIgniter\CodeIgniter->handleRequest()
#8 /var/www/kodein.codes/public/index.php(45): CodeIgniter\CodeIgniter->run()
#9 {main}
CRITICAL - 2021-06-10 01:02:56 --> Unable to connect to the database.
#0 /var/www/kodein.codes/system/Database/BaseConnection.php(646): CodeIgniter\Database\BaseConnection->initialize()
#1 /var/www/kodein.codes/system/Model.php(1814): CodeIgniter\Database\BaseConnection->query()
#2 /var/www/kodein.codes/app/Controllers/hit.php(41): CodeIgniter\Model->__call()
#3 /var/www/kodein.codes/app/Views/hitCounter.php(13): HitCounter->Hitung()
#4 /var/www/kodein.codes/app/Views/index.php(3): require('/var/www/kodein...')
#5 /var/www/kodein.codes/system/View/View.php(246): include('/var/www/kodein...')
#6 /var/www/kodein.codes/system/Common.php(1119): CodeIgniter\View\View->render()
#7 /var/www/kodein.codes/app/Controllers/Home.php(12): view()
#8 /var/www/kodein.codes/system/CodeIgniter.php(918): App\Controllers\Home->index()
#9 /var/www/kodein.codes/system/CodeIgniter.php(404): CodeIgniter\CodeIgniter->runController()
#10 /var/www/kodein.codes/system/CodeIgniter.php(312): CodeIgniter\CodeIgniter->handleRequest()
#11 /var/www/kodein.codes/public/index.php(45): CodeIgniter\CodeIgniter->run()
#12 {main}
CRITICAL - 2021-06-10 01:05:53 --> Unable to connect to the database.
#0 /var/www/kodein.codes/system/Database/BaseConnection.php(646): CodeIgniter\Database\BaseConnection->initialize()
#1 /var/www/kodein.codes/system/Model.php(1814): CodeIgniter\Database\BaseConnection->query()
#2 /var/www/kodein.codes/app/Controllers/hit.php(41): CodeIgniter\Model->__call()
#3 /var/www/kodein.codes/app/Views/hitCounter.php(13): HitCounter->Hitung()
#4 /var/www/kodein.codes/app/Views/index.php(3): require('/var/www/kodein...')
#5 /var/www/kodein.codes/system/View/View.php(246): include('/var/www/kodein...')
#6 /var/www/kodein.codes/system/Common.php(1119): CodeIgniter\View\View->render()
#7 /var/www/kodein.codes/app/Controllers/Home.php(12): view()
#8 /var/www/kodein.codes/system/CodeIgniter.php(918): App\Controllers\Home->index()
#9 /var/www/kodein.codes/system/CodeIgniter.php(404): CodeIgniter\CodeIgniter->runController()
#10 /var/www/kodein.codes/system/CodeIgniter.php(312): CodeIgniter\CodeIgniter->handleRequest()
#11 /var/www/kodein.codes/public/index.php(45): CodeIgniter\CodeIgniter->run()
#12 {main}
CRITICAL - 2021-06-10 01:51:40 --> Undefined offset: 3
#0 /var/www/kodein.codes/app/Views/hitCounter.php(12): CodeIgniter\Debug\Exceptions->errorHandler()
#1 /var/www/kodein.codes/app/Views/index.php(3): require('/var/www/kodein...')
#2 /var/www/kodein.codes/system/View/View.php(246): include('/var/www/kodein...')
#3 /var/www/kodein.codes/system/Common.php(1119): CodeIgniter\View\View->render()
#4 /var/www/kodein.codes/app/Controllers/Home.php(12): view()
#5 /var/www/kodein.codes/system/CodeIgniter.php(918): App\Controllers\Home->index()
#6 /var/www/kodein.codes/system/CodeIgniter.php(404): CodeIgniter\CodeIgniter->runController()
#7 /var/www/kodein.codes/system/CodeIgniter.php(312): CodeIgniter\CodeIgniter->handleRequest()
#8 /var/www/kodein.codes/public/index.php(45): CodeIgniter\CodeIgniter->run()
#9 {main}
CRITICAL - 2021-06-10 02:13:48 --> Unable to connect to the database.
#0 /var/www/kodein.codes/system/Database/BaseConnection.php(646): CodeIgniter\Database\BaseConnection->initialize()
#1 /var/www/kodein.codes/system/Model.php(1814): CodeIgniter\Database\BaseConnection->query()
#2 /var/www/kodein.codes/app/Controllers/hit.php(41): CodeIgniter\Model->__call()
#3 /var/www/kodein.codes/app/Views/hitCounter.php(13): HitCounter->Hitung()
#4 /var/www/kodein.codes/app/Views/index.php(3): require('/var/www/kodein...')
#5 /var/www/kodein.codes/system/View/View.php(246): include('/var/www/kodein...')
#6 /var/www/kodein.codes/system/Common.php(1119): CodeIgniter\View\View->render()
#7 /var/www/kodein.codes/app/Controllers/Home.php(12): view()
#8 /var/www/kodein.codes/system/CodeIgniter.php(918): App\Controllers\Home->index()
#9 /var/www/kodein.codes/system/CodeIgniter.php(404): CodeIgniter\CodeIgniter->runController()
#10 /var/www/kodein.codes/system/CodeIgniter.php(312): CodeIgniter\CodeIgniter->handleRequest()
#11 /var/www/kodein.codes/public/index.php(45): CodeIgniter\CodeIgniter->run()
#12 {main}
CRITICAL - 2021-06-10 04:28:08 --> Unable to connect to the database.
#0 /var/www/kodein.codes/system/Database/BaseConnection.php(646): CodeIgniter\Database\BaseConnection->initialize()
#1 /var/www/kodein.codes/system/Model.php(1814): CodeIgniter\Database\BaseConnection->query()
#2 /var/www/kodein.codes/app/Controllers/hit.php(41): CodeIgniter\Model->__call()
#3 /var/www/kodein.codes/app/Views/hitCounter.php(13): HitCounter->Hitung()
#4 /var/www/kodein.codes/app/Views/index.php(3): require('/var/www/kodein...')
#5 /var/www/kodein.codes/system/View/View.php(246): include('/var/www/kodein...')
#6 /var/www/kodein.codes/system/Common.php(1119): CodeIgniter\View\View->render()
#7 /var/www/kodein.codes/app/Controllers/Home.php(12): view()
#8 /var/www/kodein.codes/system/CodeIgniter.php(918): App\Controllers\Home->index()
#9 /var/www/kodein.codes/system/CodeIgniter.php(404): CodeIgniter\CodeIgniter->runController()
#10 /var/www/kodein.codes/system/CodeIgniter.php(312): CodeIgniter\CodeIgniter->handleRequest()
#11 /var/www/kodein.codes/public/index.php(45): CodeIgniter\CodeIgniter->run()
#12 {main}
CRITICAL - 2021-06-10 06:36:33 --> Undefined offset: 1
#0 /var/www/kodein.codes/app/Views/hitCounter.php(11): CodeIgniter\Debug\Exceptions->errorHandler()
#1 /var/www/kodein.codes/app/Views/index.php(3): require('/var/www/kodein...')
#2 /var/www/kodein.codes/system/View/View.php(246): include('/var/www/kodein...')
#3 /var/www/kodein.codes/system/Common.php(1119): CodeIgniter\View\View->render()
#4 /var/www/kodein.codes/app/Controllers/Home.php(12): view()
#5 /var/www/kodein.codes/system/CodeIgniter.php(918): App\Controllers\Home->index()
#6 /var/www/kodein.codes/system/CodeIgniter.php(404): CodeIgniter\CodeIgniter->runController()
#7 /var/www/kodein.codes/system/CodeIgniter.php(312): CodeIgniter\CodeIgniter->handleRequest()
#8 /var/www/kodein.codes/public/index.php(45): CodeIgniter\CodeIgniter->run()
#9 {main}
CRITICAL - 2021-06-10 06:36:33 --> Undefined offset: 1
#0 /var/www/kodein.codes/app/Views/hitCounter.php(11): CodeIgniter\Debug\Exceptions->errorHandler()
#1 /var/www/kodein.codes/app/Views/index.php(3): require('/var/www/kodein...')
#2 /var/www/kodein.codes/system/View/View.php(246): include('/var/www/kodein...')
#3 /var/www/kodein.codes/system/Common.php(1119): CodeIgniter\View\View->render()
#4 /var/www/kodein.codes/app/Controllers/Home.php(12): view()
#5 /var/www/kodein.codes/system/CodeIgniter.php(918): App\Controllers\Home->index()
#6 /var/www/kodein.codes/system/CodeIgniter.php(404): CodeIgniter\CodeIgniter->runController()
#7 /var/www/kodein.codes/system/CodeIgniter.php(312): CodeIgniter\CodeIgniter->handleRequest()
#8 /var/www/kodein.codes/public/index.php(45): CodeIgniter\CodeIgniter->run()
#9 {main}
CRITICAL - 2021-06-10 06:36:35 --> Undefined offset: 1
#0 /var/www/kodein.codes/app/Views/hitCounter.php(11): CodeIgniter\Debug\Exceptions->errorHandler()
#1 /var/www/kodein.codes/app/Views/index.php(3): require('/var/www/kodein...')
#2 /var/www/kodein.codes/system/View/View.php(246): include('/var/www/kodein...')
#3 /var/www/kodein.codes/system/Common.php(1119): CodeIgniter\View\View->render()
#4 /var/www/kodein.codes/app/Controllers/Home.php(12): view()
#5 /var/www/kodein.codes/system/CodeIgniter.php(918): App\Controllers\Home->index()
#6 /var/www/kodein.codes/system/CodeIgniter.php(404): CodeIgniter\CodeIgniter->runController()
#7 /var/www/kodein.codes/system/CodeIgniter.php(312): CodeIgniter\CodeIgniter->handleRequest()
#8 /var/www/kodein.codes/public/index.php(45): CodeIgniter\CodeIgniter->run()
#9 {main}
CRITICAL - 2021-06-10 06:36:35 --> Undefined offset: 1
#0 /var/www/kodein.codes/app/Views/hitCounter.php(11): CodeIgniter\Debug\Exceptions->errorHandler()
#1 /var/www/kodein.codes/app/Views/index.php(3): require('/var/www/kodein...')
#2 /var/www/kodein.codes/system/View/View.php(246): include('/var/www/kodein...')
#3 /var/www/kodein.codes/system/Common.php(1119): CodeIgniter\View\View->render()
#4 /var/www/kodein.codes/app/Controllers/Home.php(12): view()
#5 /var/www/kodein.codes/system/CodeIgniter.php(918): App\Controllers\Home->index()
#6 /var/www/kodein.codes/system/CodeIgniter.php(404): CodeIgniter\CodeIgniter->runController()
#7 /var/www/kodein.codes/system/CodeIgniter.php(312): CodeIgniter\CodeIgniter->handleRequest()
#8 /var/www/kodein.codes/public/index.php(45): CodeIgniter\CodeIgniter->run()
#9 {main}
CRITICAL - 2021-06-10 07:20:18 --> Undefined offset: 3
#0 /var/www/kodein.codes/app/Views/hitCounter.php(12): CodeIgniter\Debug\Exceptions->errorHandler()
#1 /var/www/kodein.codes/app/Views/index.php(3): require('/var/www/kodein...')
#2 /var/www/kodein.codes/system/View/View.php(246): include('/var/www/kodein...')
#3 /var/www/kodein.codes/system/Common.php(1119): CodeIgniter\View\View->render()
#4 /var/www/kodein.codes/app/Controllers/Home.php(12): view()
#5 /var/www/kodein.codes/system/CodeIgniter.php(918): App\Controllers\Home->index()
#6 /var/www/kodein.codes/system/CodeIgniter.php(404): CodeIgniter\CodeIgniter->runController()
#7 /var/www/kodein.codes/system/CodeIgniter.php(312): CodeIgniter\CodeIgniter->handleRequest()
#8 /var/www/kodein.codes/public/index.php(45): CodeIgniter\CodeIgniter->run()
#9 {main}
CRITICAL - 2021-06-10 07:24:02 --> Undefined offset: 3
#0 /var/www/kodein.codes/app/Views/hitCounter.php(12): CodeIgniter\Debug\Exceptions->errorHandler()
#1 /var/www/kodein.codes/app/Views/index.php(3): require('/var/www/kodein...')
#2 /var/www/kodein.codes/system/View/View.php(246): include('/var/www/kodein...')
#3 /var/www/kodein.codes/system/Common.php(1119): CodeIgniter\View\View->render()
#4 /var/www/kodein.codes/app/Controllers/Home.php(12): view()
#5 /var/www/kodein.codes/system/CodeIgniter.php(918): App\Controllers\Home->index()
#6 /var/www/kodein.codes/system/CodeIgniter.php(404): CodeIgniter\CodeIgniter->runController()
#7 /var/www/kodein.codes/system/CodeIgniter.php(312): CodeIgniter\CodeIgniter->handleRequest()
#8 /var/www/kodein.codes/public/index.php(45): CodeIgniter\CodeIgniter->run()
#9 {main}
CRITICAL - 2021-06-10 07:25:36 --> Undefined offset: 3
#0 /var/www/kodein.codes/app/Views/hitCounter.php(12): CodeIgniter\Debug\Exceptions->errorHandler()
#1 /var/www/kodein.codes/app/Views/index.php(3): require('/var/www/kodein...')
#2 /var/www/kodein.codes/system/View/View.php(246): include('/var/www/kodein...')
#3 /var/www/kodein.codes/system/Common.php(1119): CodeIgniter\View\View->render()
#4 /var/www/kodein.codes/app/Controllers/Home.php(12): view()
#5 /var/www/kodein.codes/system/CodeIgniter.php(918): App\Controllers\Home->index()
#6 /var/www/kodein.codes/system/CodeIgniter.php(404): CodeIgniter\CodeIgniter->runController()
#7 /var/www/kodein.codes/system/CodeIgniter.php(312): CodeIgniter\CodeIgniter->handleRequest()
#8 /var/www/kodein.codes/public/index.php(45): CodeIgniter\CodeIgniter->run()
#9 {main}
CRITICAL - 2021-06-10 07:40:20 --> Unable to connect to the database.
#0 /var/www/kodein.codes/system/Database/BaseConnection.php(646): CodeIgniter\Database\BaseConnection->initialize()
#1 /var/www/kodein.codes/system/Model.php(1814): CodeIgniter\Database\BaseConnection->query()
#2 /var/www/kodein.codes/app/Controllers/hit.php(41): CodeIgniter\Model->__call()
#3 /var/www/kodein.codes/app/Views/hitCounter.php(13): HitCounter->Hitung()
#4 /var/www/kodein.codes/app/Views/index.php(3): require('/var/www/kodein...')
#5 /var/www/kodein.codes/system/View/View.php(246): include('/var/www/kodein...')
#6 /var/www/kodein.codes/system/Common.php(1119): CodeIgniter\View\View->render()
#7 /var/www/kodein.codes/app/Controllers/Home.php(12): view()
#8 /var/www/kodein.codes/system/CodeIgniter.php(918): App\Controllers\Home->index()
#9 /var/www/kodein.codes/system/CodeIgniter.php(404): CodeIgniter\CodeIgniter->runController()
#10 /var/www/kodein.codes/system/CodeIgniter.php(312): CodeIgniter\CodeIgniter->handleRequest()
#11 /var/www/kodein.codes/public/index.php(45): CodeIgniter\CodeIgniter->run()
#12 {main}
CRITICAL - 2021-06-10 07:40:22 --> Unable to connect to the database.
#0 /var/www/kodein.codes/system/Database/BaseConnection.php(646): CodeIgniter\Database\BaseConnection->initialize()
#1 /var/www/kodein.codes/system/Model.php(1814): CodeIgniter\Database\BaseConnection->query()
#2 /var/www/kodein.codes/app/Controllers/hit.php(41): CodeIgniter\Model->__call()
#3 /var/www/kodein.codes/app/Views/hitCounter.php(13): HitCounter->Hitung()
#4 /var/www/kodein.codes/app/Views/index.php(3): require('/var/www/kodein...')
#5 /var/www/kodein.codes/system/View/View.php(246): include('/var/www/kodein...')
#6 /var/www/kodein.codes/system/Common.php(1119): CodeIgniter\View\View->render()
#7 /var/www/kodein.codes/app/Controllers/Home.php(12): view()
#8 /var/www/kodein.codes/system/CodeIgniter.php(918): App\Controllers\Home->index()
#9 /var/www/kodein.codes/system/CodeIgniter.php(404): CodeIgniter\CodeIgniter->runController()
#10 /var/www/kodein.codes/system/CodeIgniter.php(312): CodeIgniter\CodeIgniter->handleRequest()
#11 /var/www/kodein.codes/public/index.php(45): CodeIgniter\CodeIgniter->run()
#12 {main}
CRITICAL - 2021-06-10 07:50:59 --> Undefined offset: 3
#0 /var/www/kodein.codes/app/Views/hitCounter.php(12): CodeIgniter\Debug\Exceptions->errorHandler()
#1 /var/www/kodein.codes/app/Views/index.php(3): require('/var/www/kodein...')
#2 /var/www/kodein.codes/system/View/View.php(246): include('/var/www/kodein...')
#3 /var/www/kodein.codes/system/Common.php(1119): CodeIgniter\View\View->render()
#4 /var/www/kodein.codes/app/Controllers/Home.php(12): view()
#5 /var/www/kodein.codes/system/CodeIgniter.php(918): App\Controllers\Home->index()
#6 /var/www/kodein.codes/system/CodeIgniter.php(404): CodeIgniter\CodeIgniter->runController()
#7 /var/www/kodein.codes/system/CodeIgniter.php(312): CodeIgniter\CodeIgniter->handleRequest()
#8 /var/www/kodein.codes/public/index.php(45): CodeIgniter\CodeIgniter->run()
#9 {main}
CRITICAL - 2021-06-10 08:24:55 --> Unable to connect to the database.
#0 /var/www/kodein.codes/system/Database/BaseConnection.php(646): CodeIgniter\Database\BaseConnection->initialize()
#1 /var/www/kodein.codes/system/Model.php(1814): CodeIgniter\Database\BaseConnection->query()
#2 /var/www/kodein.codes/app/Controllers/hit.php(41): CodeIgniter\Model->__call()
#3 /var/www/kodein.codes/app/Views/hitCounter.php(13): HitCounter->Hitung()
#4 /var/www/kodein.codes/app/Views/index.php(3): require('/var/www/kodein...')
#5 /var/www/kodein.codes/system/View/View.php(246): include('/var/www/kodein...')
#6 /var/www/kodein.codes/system/Common.php(1119): CodeIgniter\View\View->render()
#7 /var/www/kodein.codes/app/Controllers/Home.php(12): view()
#8 /var/www/kodein.codes/system/CodeIgniter.php(918): App\Controllers\Home->index()
#9 /var/www/kodein.codes/system/CodeIgniter.php(404): CodeIgniter\CodeIgniter->runController()
#10 /var/www/kodein.codes/system/CodeIgniter.php(312): CodeIgniter\CodeIgniter->handleRequest()
#11 /var/www/kodein.codes/public/index.php(45): CodeIgniter\CodeIgniter->run()
#12 {main}
CRITICAL - 2021-06-10 08:41:20 --> Unable to connect to the database.
#0 /var/www/kodein.codes/system/Database/BaseConnection.php(646): CodeIgniter\Database\BaseConnection->initialize()
#1 /var/www/kodein.codes/system/Database/BaseBuilder.php(1860): CodeIgniter\Database\BaseConnection->query()
#2 /var/www/kodein.codes/system/Model.php(506): CodeIgniter\Database\BaseBuilder->get()
#3 /var/www/kodein.codes/app/Controllers/Home.php(62): CodeIgniter\Model->first()
#4 /var/www/kodein.codes/system/CodeIgniter.php(918): App\Controllers\Home->login()
#5 /var/www/kodein.codes/system/CodeIgniter.php(404): CodeIgniter\CodeIgniter->runController()
#6 /var/www/kodein.codes/system/CodeIgniter.php(312): CodeIgniter\CodeIgniter->handleRequest()
#7 /var/www/kodein.codes/public/index.php(45): CodeIgniter\CodeIgniter->run()
#8 {main}
CRITICAL - 2021-06-10 08:43:28 --> Unable to connect to the database.
#0 /var/www/kodein.codes/system/Database/BaseConnection.php(646): CodeIgniter\Database\BaseConnection->initialize()
#1 /var/www/kodein.codes/system/Database/BaseBuilder.php(1860): CodeIgniter\Database\BaseConnection->query()
#2 /var/www/kodein.codes/system/Model.php(506): CodeIgniter\Database\BaseBuilder->get()
#3 /var/www/kodein.codes/app/Controllers/Home.php(62): CodeIgniter\Model->first()
#4 /var/www/kodein.codes/system/CodeIgniter.php(918): App\Controllers\Home->login()
#5 /var/www/kodein.codes/system/CodeIgniter.php(404): CodeIgniter\CodeIgniter->runController()
#6 /var/www/kodein.codes/system/CodeIgniter.php(312): CodeIgniter\CodeIgniter->handleRequest()
#7 /var/www/kodein.codes/public/index.php(45): CodeIgniter\CodeIgniter->run()
#8 {main}
CRITICAL - 2021-06-10 08:43:56 --> Unable to connect to the database.
#0 /var/www/kodein.codes/system/Database/BaseConnection.php(646): CodeIgniter\Database\BaseConnection->initialize()
#1 /var/www/kodein.codes/system/Database/BaseBuilder.php(1860): CodeIgniter\Database\BaseConnection->query()
#2 /var/www/kodein.codes/system/Model.php(506): CodeIgniter\Database\BaseBuilder->get()
#3 /var/www/kodein.codes/app/Controllers/Home.php(62): CodeIgniter\Model->first()
#4 /var/www/kodein.codes/system/CodeIgniter.php(918): App\Controllers\Home->login()
#5 /var/www/kodein.codes/system/CodeIgniter.php(404): CodeIgniter\CodeIgniter->runController()
#6 /var/www/kodein.codes/system/CodeIgniter.php(312): CodeIgniter\CodeIgniter->handleRequest()
#7 /var/www/kodein.codes/public/index.php(45): CodeIgniter\CodeIgniter->run()
#8 {main}
CRITICAL - 2021-06-10 08:44:54 --> Unable to connect to the database.
#0 /var/www/kodein.codes/system/Database/BaseConnection.php(646): CodeIgniter\Database\BaseConnection->initialize()
#1 /var/www/kodein.codes/system/Database/BaseBuilder.php(1860): CodeIgniter\Database\BaseConnection->query()
#2 /var/www/kodein.codes/system/Model.php(506): CodeIgniter\Database\BaseBuilder->get()
#3 /var/www/kodein.codes/app/Controllers/Home.php(62): CodeIgniter\Model->first()
#4 /var/www/kodein.codes/system/CodeIgniter.php(918): App\Controllers\Home->login()
#5 /var/www/kodein.codes/system/CodeIgniter.php(404): CodeIgniter\CodeIgniter->runController()
#6 /var/www/kodein.codes/system/CodeIgniter.php(312): CodeIgniter\CodeIgniter->handleRequest()
#7 /var/www/kodein.codes/public/index.php(45): CodeIgniter\CodeIgniter->run()
#8 {main}
CRITICAL - 2021-06-10 08:44:57 --> Unable to connect to the database.
#0 /var/www/kodein.codes/system/Database/BaseConnection.php(646): CodeIgniter\Database\BaseConnection->initialize()
#1 /var/www/kodein.codes/system/Database/BaseBuilder.php(1860): CodeIgniter\Database\BaseConnection->query()
#2 /var/www/kodein.codes/system/Model.php(506): CodeIgniter\Database\BaseBuilder->get()
#3 /var/www/kodein.codes/app/Controllers/Home.php(62): CodeIgniter\Model->first()
#4 /var/www/kodein.codes/system/CodeIgniter.php(918): App\Controllers\Home->login()
#5 /var/www/kodein.codes/system/CodeIgniter.php(404): CodeIgniter\CodeIgniter->runController()
#6 /var/www/kodein.codes/system/CodeIgniter.php(312): CodeIgniter\CodeIgniter->handleRequest()
#7 /var/www/kodein.codes/public/index.php(45): CodeIgniter\CodeIgniter->run()
#8 {main}
CRITICAL - 2021-06-10 08:44:59 --> Unable to connect to the database.
#0 /var/www/kodein.codes/system/Database/BaseConnection.php(646): CodeIgniter\Database\BaseConnection->initialize()
#1 /var/www/kodein.codes/system/Database/BaseBuilder.php(1860): CodeIgniter\Database\BaseConnection->query()
#2 /var/www/kodein.codes/system/Model.php(506): CodeIgniter\Database\BaseBuilder->get()
#3 /var/www/kodein.codes/app/Controllers/Home.php(62): CodeIgniter\Model->first()
#4 /var/www/kodein.codes/system/CodeIgniter.php(918): App\Controllers\Home->login()
#5 /var/www/kodein.codes/system/CodeIgniter.php(404): CodeIgniter\CodeIgniter->runController()
#6 /var/www/kodein.codes/system/CodeIgniter.php(312): CodeIgniter\CodeIgniter->handleRequest()
#7 /var/www/kodein.codes/public/index.php(45): CodeIgniter\CodeIgniter->run()
#8 {main}
CRITICAL - 2021-06-10 08:45:15 --> Unable to connect to the database.
#0 /var/www/kodein.codes/system/Database/BaseConnection.php(646): CodeIgniter\Database\BaseConnection->initialize()
#1 /var/www/kodein.codes/system/Database/BaseBuilder.php(1860): CodeIgniter\Database\BaseConnection->query()
#2 /var/www/kodein.codes/system/Model.php(506): CodeIgniter\Database\BaseBuilder->get()
#3 /var/www/kodein.codes/app/Controllers/Home.php(62): CodeIgniter\Model->first()
#4 /var/www/kodein.codes/system/CodeIgniter.php(918): App\Controllers\Home->login()
#5 /var/www/kodein.codes/system/CodeIgniter.php(404): CodeIgniter\CodeIgniter->runController()
#6 /var/www/kodein.codes/system/CodeIgniter.php(312): CodeIgniter\CodeIgniter->handleRequest()
#7 /var/www/kodein.codes/public/index.php(45): CodeIgniter\CodeIgniter->run()
#8 {main}
CRITICAL - 2021-06-10 08:45:56 --> Unable to connect to the database.
#0 /var/www/kodein.codes/system/Database/BaseConnection.php(646): CodeIgniter\Database\BaseConnection->initialize()
#1 /var/www/kodein.codes/system/Database/BaseBuilder.php(1860): CodeIgniter\Database\BaseConnection->query()
#2 /var/www/kodein.codes/system/Model.php(506): CodeIgniter\Database\BaseBuilder->get()
#3 /var/www/kodein.codes/app/Controllers/Home.php(62): CodeIgniter\Model->first()
#4 /var/www/kodein.codes/system/CodeIgniter.php(918): App\Controllers\Home->login()
#5 /var/www/kodein.codes/system/CodeIgniter.php(404): CodeIgniter\CodeIgniter->runController()
#6 /var/www/kodein.codes/system/CodeIgniter.php(312): CodeIgniter\CodeIgniter->handleRequest()
#7 /var/www/kodein.codes/public/index.php(45): CodeIgniter\CodeIgniter->run()
#8 {main}
CRITICAL - 2021-06-10 08:46:58 --> Unable to connect to the database.
#0 /var/www/kodein.codes/system/Database/BaseConnection.php(646): CodeIgniter\Database\BaseConnection->initialize()
#1 /var/www/kodein.codes/system/Database/BaseBuilder.php(1860): CodeIgniter\Database\BaseConnection->query()
#2 /var/www/kodein.codes/system/Model.php(462): CodeIgniter\Database\BaseBuilder->get()
#3 /var/www/kodein.codes/app/Models/HistoryModel.php(10): CodeIgniter\Model->findAll()
#4 /var/www/kodein.codes/app/Controllers/restfulApi.php(15): App\Models\historyModel->getHistory()
#5 /var/www/kodein.codes/system/CodeIgniter.php(918): App\Controllers\restfulApi->ApiHistory()
#6 /var/www/kodein.codes/system/CodeIgniter.php(404): CodeIgniter\CodeIgniter->runController()
#7 /var/www/kodein.codes/system/CodeIgniter.php(312): CodeIgniter\CodeIgniter->handleRequest()
#8 /var/www/kodein.codes/public/index.php(45): CodeIgniter\CodeIgniter->run()
#9 {main}
CRITICAL - 2021-06-10 08:47:37 --> Unable to connect to the database.
#0 /var/www/kodein.codes/system/Database/BaseConnection.php(646): CodeIgniter\Database\BaseConnection->initialize()
#1 /var/www/kodein.codes/system/Database/BaseBuilder.php(1860): CodeIgniter\Database\BaseConnection->query()
#2 /var/www/kodein.codes/system/Model.php(506): CodeIgniter\Database\BaseBuilder->get()
#3 /var/www/kodein.codes/app/Controllers/Home.php(62): CodeIgniter\Model->first()
#4 /var/www/kodein.codes/system/CodeIgniter.php(918): App\Controllers\Home->login()
#5 /var/www/kodein.codes/system/CodeIgniter.php(404): CodeIgniter\CodeIgniter->runController()
#6 /var/www/kodein.codes/system/CodeIgniter.php(312): CodeIgniter\CodeIgniter->handleRequest()
#7 /var/www/kodein.codes/public/index.php(45): CodeIgniter\CodeIgniter->run()
#8 {main}
CRITICAL - 2021-06-10 08:47:46 --> Unable to connect to the database.
#0 /var/www/kodein.codes/system/Database/BaseConnection.php(646): CodeIgniter\Database\BaseConnection->initialize()
#1 /var/www/kodein.codes/system/Database/BaseBuilder.php(1860): CodeIgniter\Database\BaseConnection->query()
#2 /var/www/kodein.codes/system/Model.php(506): CodeIgniter\Database\BaseBuilder->get()
#3 /var/www/kodein.codes/app/Controllers/Home.php(62): CodeIgniter\Model->first()
#4 /var/www/kodein.codes/system/CodeIgniter.php(918): App\Controllers\Home->login()
#5 /var/www/kodein.codes/system/CodeIgniter.php(404): CodeIgniter\CodeIgniter->runController()
#6 /var/www/kodein.codes/system/CodeIgniter.php(312): CodeIgniter\CodeIgniter->handleRequest()
#7 /var/www/kodein.codes/public/index.php(45): CodeIgniter\CodeIgniter->run()
#8 {main}
CRITICAL - 2021-06-10 08:48:04 --> Unable to connect to the database.
#0 /var/www/kodein.codes/system/Database/BaseConnection.php(646): CodeIgniter\Database\BaseConnection->initialize()
#1 /var/www/kodein.codes/system/Database/BaseBuilder.php(1860): CodeIgniter\Database\BaseConnection->query()
#2 /var/www/kodein.codes/system/Model.php(506): CodeIgniter\Database\BaseBuilder->get()
#3 /var/www/kodein.codes/app/Controllers/Home.php(62): CodeIgniter\Model->first()
#4 /var/www/kodein.codes/system/CodeIgniter.php(918): App\Controllers\Home->login()
#5 /var/www/kodein.codes/system/CodeIgniter.php(404): CodeIgniter\CodeIgniter->runController()
#6 /var/www/kodein.codes/system/CodeIgniter.php(312): CodeIgniter\CodeIgniter->handleRequest()
#7 /var/www/kodein.codes/public/index.php(45): CodeIgniter\CodeIgniter->run()
#8 {main}
CRITICAL - 2021-06-10 08:48:24 --> Unable to connect to the database.
#0 /var/www/kodein.codes/system/Database/BaseConnection.php(646): CodeIgniter\Database\BaseConnection->initialize()
#1 /var/www/kodein.codes/system/Database/BaseBuilder.php(1860): CodeIgniter\Database\BaseConnection->query()
#2 /var/www/kodein.codes/system/Model.php(506): CodeIgniter\Database\BaseBuilder->get()
#3 /var/www/kodein.codes/app/Controllers/Home.php(62): CodeIgniter\Model->first()
#4 /var/www/kodein.codes/system/CodeIgniter.php(918): App\Controllers\Home->login()
#5 /var/www/kodein.codes/system/CodeIgniter.php(404): CodeIgniter\CodeIgniter->runController()
#6 /var/www/kodein.codes/system/CodeIgniter.php(312): CodeIgniter\CodeIgniter->handleRequest()
#7 /var/www/kodein.codes/public/index.php(45): CodeIgniter\CodeIgniter->run()
#8 {main}
CRITICAL - 2021-06-10 08:48:34 --> Unable to connect to the database.
#0 /var/www/kodein.codes/system/Database/BaseConnection.php(646): CodeIgniter\Database\BaseConnection->initialize()
#1 /var/www/kodein.codes/system/Database/BaseBuilder.php(1860): CodeIgniter\Database\BaseConnection->query()
#2 /var/www/kodein.codes/system/Model.php(506): CodeIgniter\Database\BaseBuilder->get()
#3 /var/www/kodein.codes/app/Controllers/Home.php(62): CodeIgniter\Model->first()
#4 /var/www/kodein.codes/system/CodeIgniter.php(918): App\Controllers\Home->login()
#5 /var/www/kodein.codes/system/CodeIgniter.php(404): CodeIgniter\CodeIgniter->runController()
#6 /var/www/kodein.codes/system/CodeIgniter.php(312): CodeIgniter\CodeIgniter->handleRequest()
#7 /var/www/kodein.codes/public/index.php(45): CodeIgniter\CodeIgniter->run()
#8 {main}
CRITICAL - 2021-06-10 08:49:06 --> Unable to connect to the database.
#0 /var/www/kodein.codes/system/Database/BaseConnection.php(646): CodeIgniter\Database\BaseConnection->initialize()
#1 /var/www/kodein.codes/system/Database/BaseBuilder.php(1860): CodeIgniter\Database\BaseConnection->query()
#2 /var/www/kodein.codes/system/Model.php(506): CodeIgniter\Database\BaseBuilder->get()
#3 /var/www/kodein.codes/app/Controllers/Home.php(62): CodeIgniter\Model->first()
#4 /var/www/kodein.codes/system/CodeIgniter.php(918): App\Controllers\Home->login()
#5 /var/www/kodein.codes/system/CodeIgniter.php(404): CodeIgniter\CodeIgniter->runController()
#6 /var/www/kodein.codes/system/CodeIgniter.php(312): CodeIgniter\CodeIgniter->handleRequest()
#7 /var/www/kodein.codes/public/index.php(45): CodeIgniter\CodeIgniter->run()
#8 {main}
CRITICAL - 2021-06-10 08:57:21 --> Unable to connect to the database.
#0 /var/www/kodein.codes/system/Database/BaseConnection.php(646): CodeIgniter\Database\BaseConnection->initialize()
#1 /var/www/kodein.codes/system/Database/BaseBuilder.php(1860): CodeIgniter\Database\BaseConnection->query()
#2 /var/www/kodein.codes/system/Model.php(506): CodeIgniter\Database\BaseBuilder->get()
#3 /var/www/kodein.codes/app/Controllers/Home.php(62): CodeIgniter\Model->first()
#4 /var/www/kodein.codes/system/CodeIgniter.php(918): App\Controllers\Home->login()
#5 /var/www/kodein.codes/system/CodeIgniter.php(404): CodeIgniter\CodeIgniter->runController()
#6 /var/www/kodein.codes/system/CodeIgniter.php(312): CodeIgniter\CodeIgniter->handleRequest()
#7 /var/www/kodein.codes/public/index.php(45): CodeIgniter\CodeIgniter->run()
#8 {main}
CRITICAL - 2021-06-10 09:00:18 --> syntax error, unexpected '}', expecting ';'
#0 /var/www/kodein.codes/system/Autoloader/Autoloader.php(296): CodeIgniter\Autoloader\Autoloader->requireFile()
#1 /var/www/kodein.codes/system/Autoloader/Autoloader.php(258): CodeIgniter\Autoloader\Autoloader->loadInNamespace()
#2 [internal function]: CodeIgniter\Autoloader\Autoloader->loadClass()
#3 [internal function]: spl_autoload_call()
#4 /var/www/kodein.codes/system/CodeIgniter.php(869): class_exists()
#5 /var/www/kodein.codes/system/CodeIgniter.php(394): CodeIgniter\CodeIgniter->startController()
#6 /var/www/kodein.codes/system/CodeIgniter.php(312): CodeIgniter\CodeIgniter->handleRequest()
#7 /var/www/kodein.codes/public/index.php(45): CodeIgniter\CodeIgniter->run()
#8 {main}
CRITICAL - 2021-06-10 09:00:40 --> syntax error, unexpected 'die' (T_EXIT)
#0 /var/www/kodein.codes/system/Common.php(1119): CodeIgniter\View\View->render()
#1 /var/www/kodein.codes/app/Controllers/Home.php(115): view()
#2 /var/www/kodein.codes/system/CodeIgniter.php(918): App\Controllers\Home->test()
#3 /var/www/kodein.codes/system/CodeIgniter.php(404): CodeIgniter\CodeIgniter->runController()
#4 /var/www/kodein.codes/system/CodeIgniter.php(312): CodeIgniter\CodeIgniter->handleRequest()
#5 /var/www/kodein.codes/public/index.php(45): CodeIgniter\CodeIgniter->run()
#6 {main}
CRITICAL - 2021-06-10 09:01:17 --> mysqli_connect(): (HY000/1698): Access denied for user 'root'@'localhost'
#0 [internal function]: CodeIgniter\Debug\Exceptions->errorHandler()
#1 /var/www/kodein.codes/app/Views/test.php(2): mysqli_connect()
#2 /var/www/kodein.codes/system/View/View.php(246): include('/var/www/kodein...')
#3 /var/www/kodein.codes/system/Common.php(1119): CodeIgniter\View\View->render()
#4 /var/www/kodein.codes/app/Controllers/Home.php(115): view()
#5 /var/www/kodein.codes/system/CodeIgniter.php(918): App\Controllers\Home->test()
#6 /var/www/kodein.codes/system/CodeIgniter.php(404): CodeIgniter\CodeIgniter->runController()
#7 /var/www/kodein.codes/system/CodeIgniter.php(312): CodeIgniter\CodeIgniter->handleRequest()
#8 /var/www/kodein.codes/public/index.php(45): CodeIgniter\CodeIgniter->run()
#9 {main}
CRITICAL - 2021-06-10 09:01:27 --> mysqli_connect(): (HY000/1698): Access denied for user 'root'@'localhost'
#0 [internal function]: CodeIgniter\Debug\Exceptions->errorHandler()
#1 /var/www/kodein.codes/app/Views/test.php(2): mysqli_connect()
#2 /var/www/kodein.codes/system/View/View.php(246): include('/var/www/kodein...')
#3 /var/www/kodein.codes/system/Common.php(1119): CodeIgniter\View\View->render()
#4 /var/www/kodein.codes/app/Controllers/Home.php(115): view()
#5 /var/www/kodein.codes/system/CodeIgniter.php(918): App\Controllers\Home->test()
#6 /var/www/kodein.codes/system/CodeIgniter.php(404): CodeIgniter\CodeIgniter->runController()
#7 /var/www/kodein.codes/system/CodeIgniter.php(312): CodeIgniter\CodeIgniter->handleRequest()
#8 /var/www/kodein.codes/public/index.php(45): CodeIgniter\CodeIgniter->run()
#9 {main}
CRITICAL - 2021-06-10 09:04:48 --> Unable to connect to the database.
#0 /var/www/kodein.codes/system/Database/BaseConnection.php(646): CodeIgniter\Database\BaseConnection->initialize()
#1 /var/www/kodein.codes/system/Database/BaseBuilder.php(1860): CodeIgniter\Database\BaseConnection->query()
#2 /var/www/kodein.codes/system/Model.php(506): CodeIgniter\Database\BaseBuilder->get()
#3 /var/www/kodein.codes/app/Controllers/Home.php(62): CodeIgniter\Model->first()
#4 /var/www/kodein.codes/system/CodeIgniter.php(918): App\Controllers\Home->login()
#5 /var/www/kodein.codes/system/CodeIgniter.php(404): CodeIgniter\CodeIgniter->runController()
#6 /var/www/kodein.codes/system/CodeIgniter.php(312): CodeIgniter\CodeIgniter->handleRequest()
#7 /var/www/kodein.codes/public/index.php(45): CodeIgniter\CodeIgniter->run()
#8 {main}
CRITICAL - 2021-06-10 09:05:02 --> Unable to connect to the database.
#0 /var/www/kodein.codes/system/Database/BaseConnection.php(646): CodeIgniter\Database\BaseConnection->initialize()
#1 /var/www/kodein.codes/system/Database/BaseBuilder.php(1860): CodeIgniter\Database\BaseConnection->query()
#2 /var/www/kodein.codes/system/Model.php(506): CodeIgniter\Database\BaseBuilder->get()
#3 /var/www/kodein.codes/app/Controllers/Home.php(62): CodeIgniter\Model->first()
#4 /var/www/kodein.codes/system/CodeIgniter.php(918): App\Controllers\Home->login()
#5 /var/www/kodein.codes/system/CodeIgniter.php(404): CodeIgniter\CodeIgniter->runController()
#6 /var/www/kodein.codes/system/CodeIgniter.php(312): CodeIgniter\CodeIgniter->handleRequest()
#7 /var/www/kodein.codes/public/index.php(45): CodeIgniter\CodeIgniter->run()
#8 {main}
CRITICAL - 2021-06-10 09:05:44 --> Unable to connect to the database.
#0 /var/www/kodein.codes/system/Database/BaseConnection.php(646): CodeIgniter\Database\BaseConnection->initialize()
#1 /var/www/kodein.codes/system/Database/BaseBuilder.php(1860): CodeIgniter\Database\BaseConnection->query()
#2 /var/www/kodein.codes/system/Model.php(506): CodeIgniter\Database\BaseBuilder->get()
#3 /var/www/kodein.codes/app/Controllers/Home.php(62): CodeIgniter\Model->first()
#4 /var/www/kodein.codes/system/CodeIgniter.php(918): App\Controllers\Home->login()
#5 /var/www/kodein.codes/system/CodeIgniter.php(404): CodeIgniter\CodeIgniter->runController()
#6 /var/www/kodein.codes/system/CodeIgniter.php(312): CodeIgniter\CodeIgniter->handleRequest()
#7 /var/www/kodein.codes/public/index.php(45): CodeIgniter\CodeIgniter->run()
#8 {main}
CRITICAL - 2021-06-10 09:05:52 --> Unable to connect to the database.
#0 /var/www/kodein.codes/system/Database/BaseConnection.php(646): CodeIgniter\Database\BaseConnection->initialize()
#1 /var/www/kodein.codes/system/Database/BaseBuilder.php(1860): CodeIgniter\Database\BaseConnection->query()
#2 /var/www/kodein.codes/system/Model.php(506): CodeIgniter\Database\BaseBuilder->get()
#3 /var/www/kodein.codes/app/Controllers/Home.php(62): CodeIgniter\Model->first()
#4 /var/www/kodein.codes/system/CodeIgniter.php(918): App\Controllers\Home->login()
#5 /var/www/kodein.codes/system/CodeIgniter.php(404): CodeIgniter\CodeIgniter->runController()
#6 /var/www/kodein.codes/system/CodeIgniter.php(312): CodeIgniter\CodeIgniter->handleRequest()
#7 /var/www/kodein.codes/public/index.php(45): CodeIgniter\CodeIgniter->run()
#8 {main}
