CRITICAL - 2021-06-13 11:28:44 --> Undefined offset: 1
#0 /var/www/kodein.codes/app/Views/hitCounter.php(11): CodeIgniter\Debug\Exceptions->errorHandler()
#1 /var/www/kodein.codes/app/Views/index.php(3): require('/var/www/kodein...')
#2 /var/www/kodein.codes/system/View/View.php(246): include('/var/www/kodein...')
#3 /var/www/kodein.codes/system/Common.php(1119): CodeIgniter\View\View->render()
#4 /var/www/kodein.codes/app/Controllers/Home.php(12): view()
#5 /var/www/kodein.codes/system/CodeIgniter.php(918): App\Controllers\Home->index()
#6 /var/www/kodein.codes/system/CodeIgniter.php(404): CodeIgniter\CodeIgniter->runController()
#7 /var/www/kodein.codes/system/CodeIgniter.php(312): CodeIgniter\CodeIgniter->handleRequest()
#8 /var/www/kodein.codes/public/index.php(45): CodeIgniter\CodeIgniter->run()
#9 {main}
CRITICAL - 2021-06-13 11:28:44 --> Undefined offset: 1
#0 /var/www/kodein.codes/app/Views/hitCounter.php(11): CodeIgniter\Debug\Exceptions->errorHandler()
#1 /var/www/kodein.codes/app/Views/index.php(3): require('/var/www/kodein...')
#2 /var/www/kodein.codes/system/View/View.php(246): include('/var/www/kodein...')
#3 /var/www/kodein.codes/system/Common.php(1119): CodeIgniter\View\View->render()
#4 /var/www/kodein.codes/app/Controllers/Home.php(12): view()
#5 /var/www/kodein.codes/system/CodeIgniter.php(918): App\Controllers\Home->index()
#6 /var/www/kodein.codes/system/CodeIgniter.php(404): CodeIgniter\CodeIgniter->runController()
#7 /var/www/kodein.codes/system/CodeIgniter.php(312): CodeIgniter\CodeIgniter->handleRequest()
#8 /var/www/kodein.codes/public/index.php(45): CodeIgniter\CodeIgniter->run()
#9 {main}
CRITICAL - 2021-06-13 11:28:46 --> Undefined offset: 1
#0 /var/www/kodein.codes/app/Views/hitCounter.php(11): CodeIgniter\Debug\Exceptions->errorHandler()
#1 /var/www/kodein.codes/app/Views/index.php(3): require('/var/www/kodein...')
#2 /var/www/kodein.codes/system/View/View.php(246): include('/var/www/kodein...')
#3 /var/www/kodein.codes/system/Common.php(1119): CodeIgniter\View\View->render()
#4 /var/www/kodein.codes/app/Controllers/Home.php(12): view()
#5 /var/www/kodein.codes/system/CodeIgniter.php(918): App\Controllers\Home->index()
#6 /var/www/kodein.codes/system/CodeIgniter.php(404): CodeIgniter\CodeIgniter->runController()
#7 /var/www/kodein.codes/system/CodeIgniter.php(312): CodeIgniter\CodeIgniter->handleRequest()
#8 /var/www/kodein.codes/public/index.php(45): CodeIgniter\CodeIgniter->run()
#9 {main}
CRITICAL - 2021-06-13 11:28:46 --> Undefined offset: 1
#0 /var/www/kodein.codes/app/Views/hitCounter.php(11): CodeIgniter\Debug\Exceptions->errorHandler()
#1 /var/www/kodein.codes/app/Views/index.php(3): require('/var/www/kodein...')
#2 /var/www/kodein.codes/system/View/View.php(246): include('/var/www/kodein...')
#3 /var/www/kodein.codes/system/Common.php(1119): CodeIgniter\View\View->render()
#4 /var/www/kodein.codes/app/Controllers/Home.php(12): view()
#5 /var/www/kodein.codes/system/CodeIgniter.php(918): App\Controllers\Home->index()
#6 /var/www/kodein.codes/system/CodeIgniter.php(404): CodeIgniter\CodeIgniter->runController()
#7 /var/www/kodein.codes/system/CodeIgniter.php(312): CodeIgniter\CodeIgniter->handleRequest()
#8 /var/www/kodein.codes/public/index.php(45): CodeIgniter\CodeIgniter->run()
#9 {main}
CRITICAL - 2021-06-13 22:56:50 --> Column count doesn't match value count at row 1
#0 /var/www/kodein.codes/system/Database/MySQLi/Connection.php(331): mysqli->query()
#1 /var/www/kodein.codes/system/Database/BaseConnection.php(741): CodeIgniter\Database\MySQLi\Connection->execute()
#2 /var/www/kodein.codes/system/Database/BaseConnection.php(669): CodeIgniter\Database\BaseConnection->simpleQuery()
#3 /var/www/kodein.codes/system/Model.php(1814): CodeIgniter\Database\BaseConnection->query()
#4 /var/www/kodein.codes/app/Controllers/hit.php(41): CodeIgniter\Model->__call()
#5 /var/www/kodein.codes/app/Views/hitCounter.php(13): HitCounter->Hitung()
#6 /var/www/kodein.codes/app/Views/index.php(3): require('/var/www/kodein...')
#7 /var/www/kodein.codes/system/View/View.php(246): include('/var/www/kodein...')
#8 /var/www/kodein.codes/system/Common.php(1119): CodeIgniter\View\View->render()
#9 /var/www/kodein.codes/app/Controllers/Home.php(12): view()
#10 /var/www/kodein.codes/system/CodeIgniter.php(918): App\Controllers\Home->index()
#11 /var/www/kodein.codes/system/CodeIgniter.php(404): CodeIgniter\CodeIgniter->runController()
#12 /var/www/kodein.codes/system/CodeIgniter.php(312): CodeIgniter\CodeIgniter->handleRequest()
#13 /var/www/kodein.codes/public/index.php(45): CodeIgniter\CodeIgniter->run()
#14 {main}
CRITICAL - 2021-06-13 22:56:50 --> Column count doesn't match value count at row 1
#0 /var/www/kodein.codes/system/Database/MySQLi/Connection.php(331): mysqli->query()
#1 /var/www/kodein.codes/system/Database/BaseConnection.php(741): CodeIgniter\Database\MySQLi\Connection->execute()
#2 /var/www/kodein.codes/system/Database/BaseConnection.php(669): CodeIgniter\Database\BaseConnection->simpleQuery()
#3 /var/www/kodein.codes/system/Model.php(1814): CodeIgniter\Database\BaseConnection->query()
#4 /var/www/kodein.codes/app/Controllers/hit.php(41): CodeIgniter\Model->__call()
#5 /var/www/kodein.codes/app/Views/hitCounter.php(13): HitCounter->Hitung()
#6 /var/www/kodein.codes/app/Views/index.php(3): require('/var/www/kodein...')
#7 /var/www/kodein.codes/system/View/View.php(246): include('/var/www/kodein...')
#8 /var/www/kodein.codes/system/Common.php(1119): CodeIgniter\View\View->render()
#9 /var/www/kodein.codes/app/Controllers/Home.php(12): view()
#10 /var/www/kodein.codes/system/CodeIgniter.php(918): App\Controllers\Home->index()
#11 /var/www/kodein.codes/system/CodeIgniter.php(404): CodeIgniter\CodeIgniter->runController()
#12 /var/www/kodein.codes/system/CodeIgniter.php(312): CodeIgniter\CodeIgniter->handleRequest()
#13 /var/www/kodein.codes/public/index.php(45): CodeIgniter\CodeIgniter->run()
#14 {main}
