CRITICAL - 2021-08-24 23:06:34 --> Invalid file: admin/login.php
#0 A:\kodein\kodein.codes\system\View\View.php(228): CodeIgniter\Exceptions\FrameworkException::forInvalidFile('admin/login.php')
#1 A:\kodein\kodein.codes\system\Common.php(1119): CodeIgniter\View\View->render('admin/login', Array, true)
#2 A:\kodein\kodein.codes\app\Controllers\AdminController.php(9): view('admin/login')
#3 A:\kodein\kodein.codes\system\CodeIgniter.php(918): App\Controllers\AdminController->index()
#4 A:\kodein\kodein.codes\system\CodeIgniter.php(404): CodeIgniter\CodeIgniter->runController(Object(App\Controllers\AdminController))
#5 A:\kodein\kodein.codes\system\CodeIgniter.php(312): CodeIgniter\CodeIgniter->handleRequest(NULL, Object(Config\Cache), false)
#6 A:\kodein\kodein.codes\public\index.php(45): CodeIgniter\CodeIgniter->run()
#7 A:\kodein\kodein.codes\system\Commands\Server\rewrite.php(34): require_once('A:\\kodein\\kodei...')
#8 {main}
CRITICAL - 2021-08-24 23:06:59 --> require(db.php): failed to open stream: No such file or directory
#0 A:\kodein\kodein.codes\app\Views\admin\index.php(36): CodeIgniter\Debug\Exceptions->errorHandler(2, 'require(db.php)...', 'A:\\kodein\\kodei...', 36, Array)
#1 A:\kodein\kodein.codes\app\Views\admin\index.php(36): require()
#2 A:\kodein\kodein.codes\system\View\View.php(246): include('A:\\kodein\\kodei...')
#3 A:\kodein\kodein.codes\system\Common.php(1119): CodeIgniter\View\View->render('admin/index', Array, true)
#4 A:\kodein\kodein.codes\app\Controllers\AdminController.php(9): view('admin/index')
#5 A:\kodein\kodein.codes\system\CodeIgniter.php(918): App\Controllers\AdminController->index()
#6 A:\kodein\kodein.codes\system\CodeIgniter.php(404): CodeIgniter\CodeIgniter->runController(Object(App\Controllers\AdminController))
#7 A:\kodein\kodein.codes\system\CodeIgniter.php(312): CodeIgniter\CodeIgniter->handleRequest(NULL, Object(Config\Cache), false)
#8 A:\kodein\kodein.codes\public\index.php(45): CodeIgniter\CodeIgniter->run()
#9 A:\kodein\kodein.codes\system\Commands\Server\rewrite.php(34): require_once('A:\\kodein\\kodei...')
#10 {main}
CRITICAL - 2021-08-24 23:08:08 --> require(db.php): failed to open stream: No such file or directory
#0 A:\kodein\kodein.codes\app\Views\admins\index.php(36): CodeIgniter\Debug\Exceptions->errorHandler(2, 'require(db.php)...', 'A:\\kodein\\kodei...', 36, Array)
#1 A:\kodein\kodein.codes\app\Views\admins\index.php(36): require()
#2 A:\kodein\kodein.codes\system\View\View.php(246): include('A:\\kodein\\kodei...')
#3 A:\kodein\kodein.codes\system\Common.php(1119): CodeIgniter\View\View->render('admins/index', Array, true)
#4 A:\kodein\kodein.codes\app\Controllers\AdminController.php(9): view('admins/index')
#5 A:\kodein\kodein.codes\system\CodeIgniter.php(918): App\Controllers\AdminController->index()
#6 A:\kodein\kodein.codes\system\CodeIgniter.php(404): CodeIgniter\CodeIgniter->runController(Object(App\Controllers\AdminController))
#7 A:\kodein\kodein.codes\system\CodeIgniter.php(312): CodeIgniter\CodeIgniter->handleRequest(NULL, Object(Config\Cache), false)
#8 A:\kodein\kodein.codes\public\index.php(45): CodeIgniter\CodeIgniter->run()
#9 A:\kodein\kodein.codes\system\Commands\Server\rewrite.php(34): require_once('A:\\kodein\\kodei...')
#10 {main}
CRITICAL - 2021-08-24 23:27:34 --> Call to a member function setFlashData() on null
#0 A:\kodein\kodein.codes\system\CodeIgniter.php(918): App\Controllers\AdminController->login()
#1 A:\kodein\kodein.codes\system\CodeIgniter.php(404): CodeIgniter\CodeIgniter->runController(Object(App\Controllers\AdminController))
#2 A:\kodein\kodein.codes\system\CodeIgniter.php(312): CodeIgniter\CodeIgniter->handleRequest(NULL, Object(Config\Cache), false)
#3 A:\kodein\kodein.codes\public\index.php(45): CodeIgniter\CodeIgniter->run()
#4 A:\kodein\kodein.codes\system\Commands\Server\rewrite.php(34): require_once('A:\\kodein\\kodei...')
#5 {main}
CRITICAL - 2021-08-24 23:27:58 --> Call to undefined method App\Controllers\AdminController::session()
#0 A:\kodein\kodein.codes\system\CodeIgniter.php(918): App\Controllers\AdminController->login()
#1 A:\kodein\kodein.codes\system\CodeIgniter.php(404): CodeIgniter\CodeIgniter->runController(Object(App\Controllers\AdminController))
#2 A:\kodein\kodein.codes\system\CodeIgniter.php(312): CodeIgniter\CodeIgniter->handleRequest(NULL, Object(Config\Cache), false)
#3 A:\kodein\kodein.codes\public\index.php(45): CodeIgniter\CodeIgniter->run()
#4 A:\kodein\kodein.codes\system\Commands\Server\rewrite.php(34): require_once('A:\\kodein\\kodei...')
#5 {main}
CRITICAL - 2021-08-24 23:30:13 --> Call to a member function setFlashData() on null
#0 A:\kodein\kodein.codes\system\CodeIgniter.php(918): App\Controllers\AdminController->login()
#1 A:\kodein\kodein.codes\system\CodeIgniter.php(404): CodeIgniter\CodeIgniter->runController(Object(App\Controllers\AdminController))
#2 A:\kodein\kodein.codes\system\CodeIgniter.php(312): CodeIgniter\CodeIgniter->handleRequest(NULL, Object(Config\Cache), false)
#3 A:\kodein\kodein.codes\public\index.php(45): CodeIgniter\CodeIgniter->run()
#4 A:\kodein\kodein.codes\system\Commands\Server\rewrite.php(34): require_once('A:\\kodein\\kodei...')
#5 {main}
CRITICAL - 2021-08-24 23:30:53 --> Call to a member function FlashData() on null
#0 A:\kodein\kodein.codes\system\CodeIgniter.php(918): App\Controllers\AdminController->login()
#1 A:\kodein\kodein.codes\system\CodeIgniter.php(404): CodeIgniter\CodeIgniter->runController(Object(App\Controllers\AdminController))
#2 A:\kodein\kodein.codes\system\CodeIgniter.php(312): CodeIgniter\CodeIgniter->handleRequest(NULL, Object(Config\Cache), false)
#3 A:\kodein\kodein.codes\public\index.php(45): CodeIgniter\CodeIgniter->run()
#4 A:\kodein\kodein.codes\system\Commands\Server\rewrite.php(34): require_once('A:\\kodein\\kodei...')
#5 {main}
CRITICAL - 2021-08-24 23:32:22 --> Cannot use isset() on the result of an expression (you can use "null !== expression" instead)
#0 [internal function]: CodeIgniter\Debug\Exceptions->shutdownHandler()
#1 {main}
CRITICAL - 2021-08-24 23:33:15 --> Call to a member function setFlashData() on null
#0 A:\kodein\kodein.codes\system\CodeIgniter.php(918): App\Controllers\AdminController->login()
#1 A:\kodein\kodein.codes\system\CodeIgniter.php(404): CodeIgniter\CodeIgniter->runController(Object(App\Controllers\AdminController))
#2 A:\kodein\kodein.codes\system\CodeIgniter.php(312): CodeIgniter\CodeIgniter->handleRequest(NULL, Object(Config\Cache), false)
#3 A:\kodein\kodein.codes\public\index.php(45): CodeIgniter\CodeIgniter->run()
#4 A:\kodein\kodein.codes\system\Commands\Server\rewrite.php(34): require_once('A:\\kodein\\kodei...')
#5 {main}
CRITICAL - 2021-08-24 23:33:51 --> Call to a member function setFlashData() on null
#0 A:\kodein\kodein.codes\system\CodeIgniter.php(918): App\Controllers\AdminController->login()
#1 A:\kodein\kodein.codes\system\CodeIgniter.php(404): CodeIgniter\CodeIgniter->runController(Object(App\Controllers\AdminController))
#2 A:\kodein\kodein.codes\system\CodeIgniter.php(312): CodeIgniter\CodeIgniter->handleRequest(NULL, Object(Config\Cache), false)
#3 A:\kodein\kodein.codes\public\index.php(45): CodeIgniter\CodeIgniter->run()
#4 A:\kodein\kodein.codes\system\Commands\Server\rewrite.php(34): require_once('A:\\kodein\\kodei...')
#5 {main}
CRITICAL - 2021-08-24 23:36:24 --> require(db.php): failed to open stream: No such file or directory
#0 A:\kodein\kodein.codes\app\Views\admins\dashboard.php(4): CodeIgniter\Debug\Exceptions->errorHandler(2, 'require(db.php)...', 'A:\\kodein\\kodei...', 4, Array)
#1 A:\kodein\kodein.codes\app\Views\admins\dashboard.php(4): require()
#2 A:\kodein\kodein.codes\system\View\View.php(246): include('A:\\kodein\\kodei...')
#3 A:\kodein\kodein.codes\system\Common.php(1119): CodeIgniter\View\View->render('admins/dashboar...', Array, true)
#4 A:\kodein\kodein.codes\app\Controllers\AdminController.php(37): view('admins/dashboar...')
#5 A:\kodein\kodein.codes\system\CodeIgniter.php(918): App\Controllers\AdminController->dashboardAdmin()
#6 A:\kodein\kodein.codes\system\CodeIgniter.php(404): CodeIgniter\CodeIgniter->runController(Object(App\Controllers\AdminController))
#7 A:\kodein\kodein.codes\system\CodeIgniter.php(312): CodeIgniter\CodeIgniter->handleRequest(NULL, Object(Config\Cache), false)
#8 A:\kodein\kodein.codes\public\index.php(45): CodeIgniter\CodeIgniter->run()
#9 A:\kodein\kodein.codes\system\Commands\Server\rewrite.php(34): require_once('A:\\kodein\\kodei...')
#10 {main}
CRITICAL - 2021-08-24 23:36:37 --> Call to a member function query() on null
#0 A:\kodein\kodein.codes\system\View\View.php(246): include()
#1 A:\kodein\kodein.codes\system\Common.php(1119): CodeIgniter\View\View->render('admins/dashboar...', Array, true)
#2 A:\kodein\kodein.codes\app\Controllers\AdminController.php(37): view('admins/dashboar...')
#3 A:\kodein\kodein.codes\system\CodeIgniter.php(918): App\Controllers\AdminController->dashboardAdmin()
#4 A:\kodein\kodein.codes\system\CodeIgniter.php(404): CodeIgniter\CodeIgniter->runController(Object(App\Controllers\AdminController))
#5 A:\kodein\kodein.codes\system\CodeIgniter.php(312): CodeIgniter\CodeIgniter->handleRequest(NULL, Object(Config\Cache), false)
#6 A:\kodein\kodein.codes\public\index.php(45): CodeIgniter\CodeIgniter->run()
#7 A:\kodein\kodein.codes\system\Commands\Server\rewrite.php(34): require_once('A:\\kodein\\kodei...')
#8 {main}
CRITICAL - 2021-08-24 23:38:01 --> Call to a member function query() on null
#0 A:\kodein\kodein.codes\system\View\View.php(246): include()
#1 A:\kodein\kodein.codes\system\Common.php(1119): CodeIgniter\View\View->render('admins/dashboar...', Array, true)
#2 A:\kodein\kodein.codes\app\Controllers\AdminController.php(41): view('admins/dashboar...')
#3 A:\kodein\kodein.codes\system\CodeIgniter.php(918): App\Controllers\AdminController->dashboardAdmin()
#4 A:\kodein\kodein.codes\system\CodeIgniter.php(404): CodeIgniter\CodeIgniter->runController(Object(App\Controllers\AdminController))
#5 A:\kodein\kodein.codes\system\CodeIgniter.php(312): CodeIgniter\CodeIgniter->handleRequest(NULL, Object(Config\Cache), false)
#6 A:\kodein\kodein.codes\public\index.php(45): CodeIgniter\CodeIgniter->run()
#7 A:\kodein\kodein.codes\system\Commands\Server\rewrite.php(34): require_once('A:\\kodein\\kodei...')
#8 {main}
CRITICAL - 2021-08-24 23:38:24 --> Call to a member function query() on null
#0 A:\kodein\kodein.codes\system\View\View.php(246): include()
#1 A:\kodein\kodein.codes\system\Common.php(1119): CodeIgniter\View\View->render('admins/dashboar...', Array, true)
#2 A:\kodein\kodein.codes\app\Controllers\AdminController.php(41): view('admins/dashboar...')
#3 A:\kodein\kodein.codes\system\CodeIgniter.php(918): App\Controllers\AdminController->dashboardAdmin()
#4 A:\kodein\kodein.codes\system\CodeIgniter.php(404): CodeIgniter\CodeIgniter->runController(Object(App\Controllers\AdminController))
#5 A:\kodein\kodein.codes\system\CodeIgniter.php(312): CodeIgniter\CodeIgniter->handleRequest(NULL, Object(Config\Cache), false)
#6 A:\kodein\kodein.codes\public\index.php(45): CodeIgniter\CodeIgniter->run()
#7 A:\kodein\kodein.codes\system\Commands\Server\rewrite.php(34): require_once('A:\\kodein\\kodei...')
#8 {main}
CRITICAL - 2021-08-24 23:44:58 --> Call to a member function query() on null
#0 A:\kodein\kodein.codes\system\View\View.php(246): include()
#1 A:\kodein\kodein.codes\system\Common.php(1119): CodeIgniter\View\View->render('admins/dashboar...', Array, true)
#2 A:\kodein\kodein.codes\app\Controllers\AdminController.php(41): view('admins/dashboar...')
#3 A:\kodein\kodein.codes\system\CodeIgniter.php(918): App\Controllers\AdminController->dashboardAdmin()
#4 A:\kodein\kodein.codes\system\CodeIgniter.php(404): CodeIgniter\CodeIgniter->runController(Object(App\Controllers\AdminController))
#5 A:\kodein\kodein.codes\system\CodeIgniter.php(312): CodeIgniter\CodeIgniter->handleRequest(NULL, Object(Config\Cache), false)
#6 A:\kodein\kodein.codes\public\index.php(45): CodeIgniter\CodeIgniter->run()
#7 A:\kodein\kodein.codes\system\Commands\Server\rewrite.php(34): require_once('A:\\kodein\\kodei...')
#8 {main}
CRITICAL - 2021-08-24 23:47:49 --> Call to undefined method App\Controllers\AdminController::session()
#0 A:\kodein\kodein.codes\system\CodeIgniter.php(918): App\Controllers\AdminController->dashboardAdmin()
#1 A:\kodein\kodein.codes\system\CodeIgniter.php(404): CodeIgniter\CodeIgniter->runController(Object(App\Controllers\AdminController))
#2 A:\kodein\kodein.codes\system\CodeIgniter.php(312): CodeIgniter\CodeIgniter->handleRequest(NULL, Object(Config\Cache), false)
#3 A:\kodein\kodein.codes\public\index.php(45): CodeIgniter\CodeIgniter->run()
#4 A:\kodein\kodein.codes\system\Commands\Server\rewrite.php(34): require_once('A:\\kodein\\kodei...')
#5 {main}
CRITICAL - 2021-08-24 23:51:18 --> Call to undefined method CodeIgniter\Database\MySQLi\Builder::findAll()
#0 A:\kodein\kodein.codes\app\Controllers\AdminController.php(20): App\Models\LoginModel->adminLogin('mikhael.hosea@g...', 'c4673dd606f1f7b...')
#1 A:\kodein\kodein.codes\system\CodeIgniter.php(918): App\Controllers\AdminController->login()
#2 A:\kodein\kodein.codes\system\CodeIgniter.php(404): CodeIgniter\CodeIgniter->runController(Object(App\Controllers\AdminController))
#3 A:\kodein\kodein.codes\system\CodeIgniter.php(312): CodeIgniter\CodeIgniter->handleRequest(NULL, Object(Config\Cache), false)
#4 A:\kodein\kodein.codes\public\index.php(45): CodeIgniter\CodeIgniter->run()
#5 A:\kodein\kodein.codes\system\Commands\Server\rewrite.php(34): require_once('A:\\kodein\\kodei...')
#6 {main}
CRITICAL - 2021-08-24 23:51:32 --> Call to undefined method CodeIgniter\Database\MySQLi\Builder::find()
#0 A:\kodein\kodein.codes\app\Controllers\AdminController.php(20): App\Models\LoginModel->adminLogin('mikhael.hosea@g...', 'c4673dd606f1f7b...')
#1 A:\kodein\kodein.codes\system\CodeIgniter.php(918): App\Controllers\AdminController->login()
#2 A:\kodein\kodein.codes\system\CodeIgniter.php(404): CodeIgniter\CodeIgniter->runController(Object(App\Controllers\AdminController))
#3 A:\kodein\kodein.codes\system\CodeIgniter.php(312): CodeIgniter\CodeIgniter->handleRequest(NULL, Object(Config\Cache), false)
#4 A:\kodein\kodein.codes\public\index.php(45): CodeIgniter\CodeIgniter->run()
#5 A:\kodein\kodein.codes\system\Commands\Server\rewrite.php(34): require_once('A:\\kodein\\kodei...')
#6 {main}
CRITICAL - 2021-08-24 23:58:46 --> Call to undefined method CodeIgniter\Database\MySQLi\Connection::select()
#0 A:\kodein\kodein.codes\app\Controllers\AdminController.php(20): App\Models\LoginModel->adminLogin('mikhael.hosea@g...', 'c4673dd606f1f7b...')
#1 A:\kodein\kodein.codes\system\CodeIgniter.php(918): App\Controllers\AdminController->login()
#2 A:\kodein\kodein.codes\system\CodeIgniter.php(404): CodeIgniter\CodeIgniter->runController(Object(App\Controllers\AdminController))
#3 A:\kodein\kodein.codes\system\CodeIgniter.php(312): CodeIgniter\CodeIgniter->handleRequest(NULL, Object(Config\Cache), false)
#4 A:\kodein\kodein.codes\public\index.php(45): CodeIgniter\CodeIgniter->run()
#5 A:\kodein\kodein.codes\system\Commands\Server\rewrite.php(34): require_once('A:\\kodein\\kodei...')
#6 {main}
