CRITICAL - 2022-04-07 20:59:30 --> Illegal string offset 'status'
#0 A:\kodein\kodein.codes\app\Views\playground\inCoders.php(168): CodeIgniter\Debug\Exceptions->errorHandler(2, 'Illegal string ...', 'A:\\kodein\\kodei...', 168, Array)
#1 A:\kodein\kodein.codes\system\View\View.php(246): include('A:\\kodein\\kodei...')
#2 A:\kodein\kodein.codes\system\Common.php(1119): CodeIgniter\View\View->render('playground/inCo...', Array, true)
#3 A:\kodein\kodein.codes\app\Controllers\Home.php(249): view('playground/inCo...', Array)
#4 A:\kodein\kodein.codes\system\CodeIgniter.php(918): App\Controllers\Home->mulaiKelas('html-1', '2', '0')
#5 A:\kodein\kodein.codes\system\CodeIgniter.php(404): CodeIgniter\CodeIgniter->runController(Object(App\Controllers\Home))
#6 A:\kodein\kodein.codes\system\CodeIgniter.php(312): CodeIgniter\CodeIgniter->handleRequest(NULL, Object(Config\Cache), false)
#7 A:\kodein\kodein.codes\public\index.php(45): CodeIgniter\CodeIgniter->run()
#8 A:\kodein\kodein.codes\system\Commands\Server\rewrite.php(34): require_once('A:\\kodein\\kodei...')
#9 {main}
CRITICAL - 2022-04-07 21:02:39 --> A non-numeric value encountered
#0 A:\kodein\kodein.codes\app\Views\playground\inCoders.php(170): CodeIgniter\Debug\Exceptions->errorHandler(2, 'A non-numeric v...', 'A:\\kodein\\kodei...', 170, Array)
#1 A:\kodein\kodein.codes\system\View\View.php(246): include('A:\\kodein\\kodei...')
#2 A:\kodein\kodein.codes\system\Common.php(1119): CodeIgniter\View\View->render('playground/inCo...', Array, true)
#3 A:\kodein\kodein.codes\app\Controllers\Home.php(249): view('playground/inCo...', Array)
#4 A:\kodein\kodein.codes\system\CodeIgniter.php(918): App\Controllers\Home->mulaiKelas('html-1', '2', '0')
#5 A:\kodein\kodein.codes\system\CodeIgniter.php(404): CodeIgniter\CodeIgniter->runController(Object(App\Controllers\Home))
#6 A:\kodein\kodein.codes\system\CodeIgniter.php(312): CodeIgniter\CodeIgniter->handleRequest(NULL, Object(Config\Cache), false)
#7 A:\kodein\kodein.codes\public\index.php(45): CodeIgniter\CodeIgniter->run()
#8 A:\kodein\kodein.codes\system\Commands\Server\rewrite.php(34): require_once('A:\\kodein\\kodei...')
#9 {main}
CRITICAL - 2022-04-07 21:06:11 --> A non-numeric value encountered
#0 A:\kodein\kodein.codes\app\Views\playground\inCoders.php(217): CodeIgniter\Debug\Exceptions->errorHandler(2, 'A non-numeric v...', 'A:\\kodein\\kodei...', 217, Array)
#1 A:\kodein\kodein.codes\system\View\View.php(246): include('A:\\kodein\\kodei...')
#2 A:\kodein\kodein.codes\system\Common.php(1119): CodeIgniter\View\View->render('playground/inCo...', Array, true)
#3 A:\kodein\kodein.codes\app\Controllers\Home.php(249): view('playground/inCo...', Array)
#4 A:\kodein\kodein.codes\system\CodeIgniter.php(918): App\Controllers\Home->mulaiKelas('html-1', '2', '0')
#5 A:\kodein\kodein.codes\system\CodeIgniter.php(404): CodeIgniter\CodeIgniter->runController(Object(App\Controllers\Home))
#6 A:\kodein\kodein.codes\system\CodeIgniter.php(312): CodeIgniter\CodeIgniter->handleRequest(NULL, Object(Config\Cache), false)
#7 A:\kodein\kodein.codes\public\index.php(45): CodeIgniter\CodeIgniter->run()
#8 A:\kodein\kodein.codes\system\Commands\Server\rewrite.php(34): require_once('A:\\kodein\\kodei...')
#9 {main}
CRITICAL - 2022-04-07 21:06:37 --> A non-numeric value encountered
#0 A:\kodein\kodein.codes\app\Views\playground\inCoders.php(216): CodeIgniter\Debug\Exceptions->errorHandler(2, 'A non-numeric v...', 'A:\\kodein\\kodei...', 216, Array)
#1 A:\kodein\kodein.codes\system\View\View.php(246): include('A:\\kodein\\kodei...')
#2 A:\kodein\kodein.codes\system\Common.php(1119): CodeIgniter\View\View->render('playground/inCo...', Array, true)
#3 A:\kodein\kodein.codes\app\Controllers\Home.php(249): view('playground/inCo...', Array)
#4 A:\kodein\kodein.codes\system\CodeIgniter.php(918): App\Controllers\Home->mulaiKelas('html-1', '2', '0')
#5 A:\kodein\kodein.codes\system\CodeIgniter.php(404): CodeIgniter\CodeIgniter->runController(Object(App\Controllers\Home))
#6 A:\kodein\kodein.codes\system\CodeIgniter.php(312): CodeIgniter\CodeIgniter->handleRequest(NULL, Object(Config\Cache), false)
#7 A:\kodein\kodein.codes\public\index.php(45): CodeIgniter\CodeIgniter->run()
#8 A:\kodein\kodein.codes\system\Commands\Server\rewrite.php(34): require_once('A:\\kodein\\kodei...')
#9 {main}
