CRITICAL - 2021-09-16 13:55:00 --> Call to undefined method CodeIgniter\Database\MySQLi\Builder::getAll()
#0 A:\kodein\kodein.codes\app\Controllers\Home.php(25): App\Models\KelasModel->getAllKelas()
#1 A:\kodein\kodein.codes\system\CodeIgniter.php(918): App\Controllers\Home->index()
#2 A:\kodein\kodein.codes\system\CodeIgniter.php(404): CodeIgniter\CodeIgniter->runController(Object(App\Controllers\Home))
#3 A:\kodein\kodein.codes\system\CodeIgniter.php(312): CodeIgniter\CodeIgniter->handleRequest(NULL, Object(Config\Cache), false)
#4 A:\kodein\kodein.codes\public\index.php(45): CodeIgniter\CodeIgniter->run()
#5 A:\kodein\kodein.codes\system\Commands\Server\rewrite.php(34): require_once('A:\\kodein\\kodei...')
#6 {main}
CRITICAL - 2021-09-16 13:55:23 --> Call to undefined method CodeIgniter\Database\MySQLi\Builder::findAll()
#0 A:\kodein\kodein.codes\app\Controllers\Home.php(25): App\Models\KelasModel->getAllKelas()
#1 A:\kodein\kodein.codes\system\CodeIgniter.php(918): App\Controllers\Home->index()
#2 A:\kodein\kodein.codes\system\CodeIgniter.php(404): CodeIgniter\CodeIgniter->runController(Object(App\Controllers\Home))
#3 A:\kodein\kodein.codes\system\CodeIgniter.php(312): CodeIgniter\CodeIgniter->handleRequest(NULL, Object(Config\Cache), false)
#4 A:\kodein\kodein.codes\public\index.php(45): CodeIgniter\CodeIgniter->run()
#5 A:\kodein\kodein.codes\system\Commands\Server\rewrite.php(34): require_once('A:\\kodein\\kodei...')
#6 {main}
CRITICAL - 2021-09-16 14:01:25 --> Invalid argument supplied for foreach()
#0 A:\kodein\kodein.codes\app\Views\index.php(139): CodeIgniter\Debug\Exceptions->errorHandler(2, 'Invalid argumen...', 'A:\\kodein\\kodei...', 139, Array)
#1 A:\kodein\kodein.codes\system\View\View.php(246): include('A:\\kodein\\kodei...')
#2 A:\kodein\kodein.codes\system\Common.php(1119): CodeIgniter\View\View->render('index', Array, true)
#3 A:\kodein\kodein.codes\app\Controllers\Home.php(29): view('index', Array)
#4 A:\kodein\kodein.codes\system\CodeIgniter.php(918): App\Controllers\Home->index()
#5 A:\kodein\kodein.codes\system\CodeIgniter.php(404): CodeIgniter\CodeIgniter->runController(Object(App\Controllers\Home))
#6 A:\kodein\kodein.codes\system\CodeIgniter.php(312): CodeIgniter\CodeIgniter->handleRequest(NULL, Object(Config\Cache), false)
#7 A:\kodein\kodein.codes\public\index.php(45): CodeIgniter\CodeIgniter->run()
#8 A:\kodein\kodein.codes\system\Commands\Server\rewrite.php(34): require_once('A:\\kodein\\kodei...')
#9 {main}
CRITICAL - 2021-09-16 14:32:34 --> Invalid argument supplied for foreach()
#0 A:\kodein\kodein.codes\app\Views\detailkelas.php(140): CodeIgniter\Debug\Exceptions->errorHandler(2, 'Invalid argumen...', 'A:\\kodein\\kodei...', 140, Array)
#1 A:\kodein\kodein.codes\system\View\View.php(246): include('A:\\kodein\\kodei...')
#2 A:\kodein\kodein.codes\system\Common.php(1119): CodeIgniter\View\View->render('detailkelas', Array, true)
#3 A:\kodein\kodein.codes\app\Controllers\Home.php(229): view('detailkelas', Array)
#4 A:\kodein\kodein.codes\system\CodeIgniter.php(918): App\Controllers\Home->detailKelas(Array)
#5 A:\kodein\kodein.codes\system\CodeIgniter.php(404): CodeIgniter\CodeIgniter->runController(Object(App\Controllers\Home))
#6 A:\kodein\kodein.codes\system\CodeIgniter.php(312): CodeIgniter\CodeIgniter->handleRequest(NULL, Object(Config\Cache), false)
#7 A:\kodein\kodein.codes\public\index.php(45): CodeIgniter\CodeIgniter->run()
#8 A:\kodein\kodein.codes\system\Commands\Server\rewrite.php(34): require_once('A:\\kodein\\kodei...')
#9 {main}
CRITICAL - 2021-09-16 14:35:50 --> Argument 2 passed to view() must be of the type array, null given, called in A:\kodein\kodein.codes\app\Controllers\Home.php on line 229
#0 A:\kodein\kodein.codes\app\Controllers\Home.php(229): view('detailkelas', NULL)
#1 A:\kodein\kodein.codes\system\CodeIgniter.php(918): App\Controllers\Home->detailKelas('css-1')
#2 A:\kodein\kodein.codes\system\CodeIgniter.php(404): CodeIgniter\CodeIgniter->runController(Object(App\Controllers\Home))
#3 A:\kodein\kodein.codes\system\CodeIgniter.php(312): CodeIgniter\CodeIgniter->handleRequest(NULL, Object(Config\Cache), false)
#4 A:\kodein\kodein.codes\public\index.php(45): CodeIgniter\CodeIgniter->run()
#5 A:\kodein\kodein.codes\system\Commands\Server\rewrite.php(34): require_once('A:\\kodein\\kodei...')
#6 {main}
CRITICAL - 2021-09-16 15:10:04 --> Too few arguments to function App\Controllers\Home::detailKelas(), 0 passed in A:\kodein\kodein.codes\system\CodeIgniter.php on line 918 and exactly 1 expected
#0 A:\kodein\kodein.codes\system\CodeIgniter.php(918): App\Controllers\Home->detailKelas()
#1 A:\kodein\kodein.codes\system\CodeIgniter.php(404): CodeIgniter\CodeIgniter->runController(Object(App\Controllers\Home))
#2 A:\kodein\kodein.codes\system\CodeIgniter.php(312): CodeIgniter\CodeIgniter->handleRequest(NULL, Object(Config\Cache), false)
#3 A:\kodein\kodein.codes\public\index.php(45): CodeIgniter\CodeIgniter->run()
#4 A:\kodein\kodein.codes\system\Commands\Server\rewrite.php(34): require_once('A:\\kodein\\kodei...')
#5 {main}
CRITICAL - 2021-09-16 19:27:45 --> Call to undefined method CodeIgniter\Database\MySQLi\Builder::findAll()
#0 A:\kodein\kodein.codes\app\Controllers\Home.php(225): App\Models\KelasModel->findKelas('js-1')
#1 A:\kodein\kodein.codes\system\CodeIgniter.php(918): App\Controllers\Home->detailsKelas('js-1')
#2 A:\kodein\kodein.codes\system\CodeIgniter.php(404): CodeIgniter\CodeIgniter->runController(Object(App\Controllers\Home))
#3 A:\kodein\kodein.codes\system\CodeIgniter.php(312): CodeIgniter\CodeIgniter->handleRequest(NULL, Object(Config\Cache), false)
#4 A:\kodein\kodein.codes\public\index.php(45): CodeIgniter\CodeIgniter->run()
#5 A:\kodein\kodein.codes\system\Commands\Server\rewrite.php(34): require_once('A:\\kodein\\kodei...')
#6 {main}
CRITICAL - 2021-09-16 19:28:09 --> Call to undefined method CodeIgniter\Database\MySQLi\Builder::getResultArray()
#0 A:\kodein\kodein.codes\app\Controllers\Home.php(225): App\Models\KelasModel->findKelas('js-1')
#1 A:\kodein\kodein.codes\system\CodeIgniter.php(918): App\Controllers\Home->detailsKelas('js-1')
#2 A:\kodein\kodein.codes\system\CodeIgniter.php(404): CodeIgniter\CodeIgniter->runController(Object(App\Controllers\Home))
#3 A:\kodein\kodein.codes\system\CodeIgniter.php(312): CodeIgniter\CodeIgniter->handleRequest(NULL, Object(Config\Cache), false)
#4 A:\kodein\kodein.codes\public\index.php(45): CodeIgniter\CodeIgniter->run()
#5 A:\kodein\kodein.codes\system\Commands\Server\rewrite.php(34): require_once('A:\\kodein\\kodei...')
#6 {main}
CRITICAL - 2021-09-16 19:45:17 --> Function name must be a string
#0 A:\kodein\kodein.codes\system\View\View.php(246): include()
#1 A:\kodein\kodein.codes\system\Common.php(1119): CodeIgniter\View\View->render('detailkelas', Array, true)
#2 A:\kodein\kodein.codes\app\Controllers\Home.php(233): view('detailkelas', Array)
#3 A:\kodein\kodein.codes\system\CodeIgniter.php(918): App\Controllers\Home->detailsKelas('js-1')
#4 A:\kodein\kodein.codes\system\CodeIgniter.php(404): CodeIgniter\CodeIgniter->runController(Object(App\Controllers\Home))
#5 A:\kodein\kodein.codes\system\CodeIgniter.php(312): CodeIgniter\CodeIgniter->handleRequest(NULL, Object(Config\Cache), false)
#6 A:\kodein\kodein.codes\public\index.php(45): CodeIgniter\CodeIgniter->run()
#7 A:\kodein\kodein.codes\system\Commands\Server\rewrite.php(34): require_once('A:\\kodein\\kodei...')
#8 {main}
CRITICAL - 2021-09-16 20:32:19 --> Too few arguments to function App\Models\ProfileModel::kelasUser(), 1 passed in A:\kodein\kodein.codes\app\Controllers\Home.php on line 227 and exactly 2 expected
#0 A:\kodein\kodein.codes\app\Controllers\Home.php(227): App\Models\ProfileModel->kelasUser('js-1')
#1 A:\kodein\kodein.codes\system\CodeIgniter.php(918): App\Controllers\Home->detailsKelas('js-1')
#2 A:\kodein\kodein.codes\system\CodeIgniter.php(404): CodeIgniter\CodeIgniter->runController(Object(App\Controllers\Home))
#3 A:\kodein\kodein.codes\system\CodeIgniter.php(312): CodeIgniter\CodeIgniter->handleRequest(NULL, Object(Config\Cache), false)
#4 A:\kodein\kodein.codes\public\index.php(45): CodeIgniter\CodeIgniter->run()
#5 A:\kodein\kodein.codes\system\Commands\Server\rewrite.php(34): require_once('A:\\kodein\\kodei...')
#6 {main}
CRITICAL - 2021-09-16 20:32:38 --> Too few arguments to function App\Models\ProfileModel::kelasUser(), 1 passed in A:\kodein\kodein.codes\app\Controllers\Home.php on line 227 and exactly 2 expected
#0 A:\kodein\kodein.codes\app\Controllers\Home.php(227): App\Models\ProfileModel->kelasUser('js-1')
#1 A:\kodein\kodein.codes\system\CodeIgniter.php(918): App\Controllers\Home->detailsKelas('js-1')
#2 A:\kodein\kodein.codes\system\CodeIgniter.php(404): CodeIgniter\CodeIgniter->runController(Object(App\Controllers\Home))
#3 A:\kodein\kodein.codes\system\CodeIgniter.php(312): CodeIgniter\CodeIgniter->handleRequest(NULL, Object(Config\Cache), false)
#4 A:\kodein\kodein.codes\public\index.php(45): CodeIgniter\CodeIgniter->run()
#5 A:\kodein\kodein.codes\system\Commands\Server\rewrite.php(34): require_once('A:\\kodein\\kodei...')
#6 {main}
CRITICAL - 2021-09-16 20:35:07 --> Call to a member function get() on null
#0 A:\kodein\kodein.codes\system\CodeIgniter.php(918): App\Controllers\Home->detailsKelas('html-1')
#1 A:\kodein\kodein.codes\system\CodeIgniter.php(404): CodeIgniter\CodeIgniter->runController(Object(App\Controllers\Home))
#2 A:\kodein\kodein.codes\system\CodeIgniter.php(312): CodeIgniter\CodeIgniter->handleRequest(NULL, Object(Config\Cache), false)
#3 A:\kodein\kodein.codes\public\index.php(45): CodeIgniter\CodeIgniter->run()
#4 A:\kodein\kodein.codes\system\Commands\Server\rewrite.php(34): require_once('A:\\kodein\\kodei...')
#5 {main}
CRITICAL - 2021-09-16 20:44:52 --> Division by zero
#0 A:\kodein\kodein.codes\app\Views\detailkelas.php(3): CodeIgniter\Debug\Exceptions->errorHandler(2, 'Division by zer...', 'A:\\kodein\\kodei...', 3, Array)
#1 A:\kodein\kodein.codes\system\View\View.php(246): include('A:\\kodein\\kodei...')
#2 A:\kodein\kodein.codes\system\Common.php(1119): CodeIgniter\View\View->render('detailkelas', Array, true)
#3 A:\kodein\kodein.codes\app\Controllers\Home.php(233): view('detailkelas', Array)
#4 A:\kodein\kodein.codes\system\CodeIgniter.php(918): App\Controllers\Home->detailsKelas('materi', 'css-1')
#5 A:\kodein\kodein.codes\system\CodeIgniter.php(404): CodeIgniter\CodeIgniter->runController(Object(App\Controllers\Home))
#6 A:\kodein\kodein.codes\system\CodeIgniter.php(312): CodeIgniter\CodeIgniter->handleRequest(NULL, Object(Config\Cache), false)
#7 A:\kodein\kodein.codes\public\index.php(45): CodeIgniter\CodeIgniter->run()
#8 A:\kodein\kodein.codes\system\Commands\Server\rewrite.php(34): require_once('A:\\kodein\\kodei...')
#9 {main}
CRITICAL - 2021-09-16 20:45:23 --> Division by zero
#0 A:\kodein\kodein.codes\app\Views\detailkelas.php(3): CodeIgniter\Debug\Exceptions->errorHandler(2, 'Division by zer...', 'A:\\kodein\\kodei...', 3, Array)
#1 A:\kodein\kodein.codes\system\View\View.php(246): include('A:\\kodein\\kodei...')
#2 A:\kodein\kodein.codes\system\Common.php(1119): CodeIgniter\View\View->render('detailkelas', Array, true)
#3 A:\kodein\kodein.codes\app\Controllers\Home.php(233): view('detailkelas', Array)
#4 A:\kodein\kodein.codes\system\CodeIgniter.php(918): App\Controllers\Home->detailsKelas('materi', 'css-1')
#5 A:\kodein\kodein.codes\system\CodeIgniter.php(404): CodeIgniter\CodeIgniter->runController(Object(App\Controllers\Home))
#6 A:\kodein\kodein.codes\system\CodeIgniter.php(312): CodeIgniter\CodeIgniter->handleRequest(NULL, Object(Config\Cache), false)
#7 A:\kodein\kodein.codes\public\index.php(45): CodeIgniter\CodeIgniter->run()
#8 A:\kodein\kodein.codes\system\Commands\Server\rewrite.php(34): require_once('A:\\kodein\\kodei...')
#9 {main}
CRITICAL - 2021-09-16 20:45:27 --> Division by zero
#0 A:\kodein\kodein.codes\app\Views\detailkelas.php(3): CodeIgniter\Debug\Exceptions->errorHandler(2, 'Division by zer...', 'A:\\kodein\\kodei...', 3, Array)
#1 A:\kodein\kodein.codes\system\View\View.php(246): include('A:\\kodein\\kodei...')
#2 A:\kodein\kodein.codes\system\Common.php(1119): CodeIgniter\View\View->render('detailkelas', Array, true)
#3 A:\kodein\kodein.codes\app\Controllers\Home.php(233): view('detailkelas', Array)
#4 A:\kodein\kodein.codes\system\CodeIgniter.php(918): App\Controllers\Home->detailsKelas('materi', 'css-1')
#5 A:\kodein\kodein.codes\system\CodeIgniter.php(404): CodeIgniter\CodeIgniter->runController(Object(App\Controllers\Home))
#6 A:\kodein\kodein.codes\system\CodeIgniter.php(312): CodeIgniter\CodeIgniter->handleRequest(NULL, Object(Config\Cache), false)
#7 A:\kodein\kodein.codes\public\index.php(45): CodeIgniter\CodeIgniter->run()
#8 A:\kodein\kodein.codes\system\Commands\Server\rewrite.php(34): require_once('A:\\kodein\\kodei...')
#9 {main}
CRITICAL - 2021-09-16 20:45:30 --> Division by zero
#0 A:\kodein\kodein.codes\app\Views\detailkelas.php(3): CodeIgniter\Debug\Exceptions->errorHandler(2, 'Division by zer...', 'A:\\kodein\\kodei...', 3, Array)
#1 A:\kodein\kodein.codes\system\View\View.php(246): include('A:\\kodein\\kodei...')
#2 A:\kodein\kodein.codes\system\Common.php(1119): CodeIgniter\View\View->render('detailkelas', Array, true)
#3 A:\kodein\kodein.codes\app\Controllers\Home.php(233): view('detailkelas', Array)
#4 A:\kodein\kodein.codes\system\CodeIgniter.php(918): App\Controllers\Home->detailsKelas('materi', 'css-1')
#5 A:\kodein\kodein.codes\system\CodeIgniter.php(404): CodeIgniter\CodeIgniter->runController(Object(App\Controllers\Home))
#6 A:\kodein\kodein.codes\system\CodeIgniter.php(312): CodeIgniter\CodeIgniter->handleRequest(NULL, Object(Config\Cache), false)
#7 A:\kodein\kodein.codes\public\index.php(45): CodeIgniter\CodeIgniter->run()
#8 A:\kodein\kodein.codes\system\Commands\Server\rewrite.php(34): require_once('A:\\kodein\\kodei...')
#9 {main}
CRITICAL - 2021-09-16 20:47:25 --> Division by zero
#0 A:\kodein\kodein.codes\app\Views\detailkelas.php(3): CodeIgniter\Debug\Exceptions->errorHandler(2, 'Division by zer...', 'A:\\kodein\\kodei...', 3, Array)
#1 A:\kodein\kodein.codes\system\View\View.php(246): include('A:\\kodein\\kodei...')
#2 A:\kodein\kodein.codes\system\Common.php(1119): CodeIgniter\View\View->render('detailkelas', Array, true)
#3 A:\kodein\kodein.codes\app\Controllers\Home.php(233): view('detailkelas', Array)
#4 A:\kodein\kodein.codes\system\CodeIgniter.php(918): App\Controllers\Home->detailsKelas('materi', 'css-1')
#5 A:\kodein\kodein.codes\system\CodeIgniter.php(404): CodeIgniter\CodeIgniter->runController(Object(App\Controllers\Home))
#6 A:\kodein\kodein.codes\system\CodeIgniter.php(312): CodeIgniter\CodeIgniter->handleRequest(NULL, Object(Config\Cache), false)
#7 A:\kodein\kodein.codes\public\index.php(45): CodeIgniter\CodeIgniter->run()
#8 A:\kodein\kodein.codes\system\Commands\Server\rewrite.php(34): require_once('A:\\kodein\\kodei...')
#9 {main}
CRITICAL - 2021-09-16 20:50:35 --> Division by zero
#0 A:\kodein\kodein.codes\app\Views\detailkelas.php(3): CodeIgniter\Debug\Exceptions->errorHandler(2, 'Division by zer...', 'A:\\kodein\\kodei...', 3, Array)
#1 A:\kodein\kodein.codes\system\View\View.php(246): include('A:\\kodein\\kodei...')
#2 A:\kodein\kodein.codes\system\Common.php(1119): CodeIgniter\View\View->render('detailkelas', Array, true)
#3 A:\kodein\kodein.codes\app\Controllers\Home.php(233): view('detailkelas', Array)
#4 A:\kodein\kodein.codes\system\CodeIgniter.php(918): App\Controllers\Home->detailsKelas('materi', 'css-1')
#5 A:\kodein\kodein.codes\system\CodeIgniter.php(404): CodeIgniter\CodeIgniter->runController(Object(App\Controllers\Home))
#6 A:\kodein\kodein.codes\system\CodeIgniter.php(312): CodeIgniter\CodeIgniter->handleRequest(NULL, Object(Config\Cache), false)
#7 A:\kodein\kodein.codes\public\index.php(45): CodeIgniter\CodeIgniter->run()
#8 A:\kodein\kodein.codes\system\Commands\Server\rewrite.php(34): require_once('A:\\kodein\\kodei...')
#9 {main}
CRITICAL - 2021-09-16 20:51:14 --> Division by zero
#0 A:\kodein\kodein.codes\app\Views\detailkelas.php(3): CodeIgniter\Debug\Exceptions->errorHandler(2, 'Division by zer...', 'A:\\kodein\\kodei...', 3, Array)
#1 A:\kodein\kodein.codes\system\View\View.php(246): include('A:\\kodein\\kodei...')
#2 A:\kodein\kodein.codes\system\Common.php(1119): CodeIgniter\View\View->render('detailkelas', Array, true)
#3 A:\kodein\kodein.codes\app\Controllers\Home.php(233): view('detailkelas', Array)
#4 A:\kodein\kodein.codes\system\CodeIgniter.php(918): App\Controllers\Home->detailsKelas('materi', 'css-1')
#5 A:\kodein\kodein.codes\system\CodeIgniter.php(404): CodeIgniter\CodeIgniter->runController(Object(App\Controllers\Home))
#6 A:\kodein\kodein.codes\system\CodeIgniter.php(312): CodeIgniter\CodeIgniter->handleRequest(NULL, Object(Config\Cache), false)
#7 A:\kodein\kodein.codes\public\index.php(45): CodeIgniter\CodeIgniter->run()
#8 A:\kodein\kodein.codes\system\Commands\Server\rewrite.php(34): require_once('A:\\kodein\\kodei...')
#9 {main}
CRITICAL - 2021-09-16 20:51:51 --> Division by zero
#0 A:\kodein\kodein.codes\app\Views\detailkelas.php(3): CodeIgniter\Debug\Exceptions->errorHandler(2, 'Division by zer...', 'A:\\kodein\\kodei...', 3, Array)
#1 A:\kodein\kodein.codes\system\View\View.php(246): include('A:\\kodein\\kodei...')
#2 A:\kodein\kodein.codes\system\Common.php(1119): CodeIgniter\View\View->render('detailkelas', Array, true)
#3 A:\kodein\kodein.codes\app\Controllers\Home.php(233): view('detailkelas', Array)
#4 A:\kodein\kodein.codes\system\CodeIgniter.php(918): App\Controllers\Home->detailsKelas('materi', 'css-1')
#5 A:\kodein\kodein.codes\system\CodeIgniter.php(404): CodeIgniter\CodeIgniter->runController(Object(App\Controllers\Home))
#6 A:\kodein\kodein.codes\system\CodeIgniter.php(312): CodeIgniter\CodeIgniter->handleRequest(NULL, Object(Config\Cache), false)
#7 A:\kodein\kodein.codes\public\index.php(45): CodeIgniter\CodeIgniter->run()
#8 A:\kodein\kodein.codes\system\Commands\Server\rewrite.php(34): require_once('A:\\kodein\\kodei...')
#9 {main}
CRITICAL - 2021-09-16 20:52:04 --> Division by zero
#0 A:\kodein\kodein.codes\app\Views\detailkelas.php(3): CodeIgniter\Debug\Exceptions->errorHandler(2, 'Division by zer...', 'A:\\kodein\\kodei...', 3, Array)
#1 A:\kodein\kodein.codes\system\View\View.php(246): include('A:\\kodein\\kodei...')
#2 A:\kodein\kodein.codes\system\Common.php(1119): CodeIgniter\View\View->render('detailkelas', Array, true)
#3 A:\kodein\kodein.codes\app\Controllers\Home.php(233): view('detailkelas', Array)
#4 A:\kodein\kodein.codes\system\CodeIgniter.php(918): App\Controllers\Home->detailsKelas('materi', 'css-1')
#5 A:\kodein\kodein.codes\system\CodeIgniter.php(404): CodeIgniter\CodeIgniter->runController(Object(App\Controllers\Home))
#6 A:\kodein\kodein.codes\system\CodeIgniter.php(312): CodeIgniter\CodeIgniter->handleRequest(NULL, Object(Config\Cache), false)
#7 A:\kodein\kodein.codes\public\index.php(45): CodeIgniter\CodeIgniter->run()
#8 A:\kodein\kodein.codes\system\Commands\Server\rewrite.php(34): require_once('A:\\kodein\\kodei...')
#9 {main}
CRITICAL - 2021-09-16 20:52:42 --> Division by zero
#0 A:\kodein\kodein.codes\app\Views\detailkelas.php(3): CodeIgniter\Debug\Exceptions->errorHandler(2, 'Division by zer...', 'A:\\kodein\\kodei...', 3, Array)
#1 A:\kodein\kodein.codes\system\View\View.php(246): include('A:\\kodein\\kodei...')
#2 A:\kodein\kodein.codes\system\Common.php(1119): CodeIgniter\View\View->render('detailkelas', Array, true)
#3 A:\kodein\kodein.codes\app\Controllers\Home.php(233): view('detailkelas', Array)
#4 A:\kodein\kodein.codes\system\CodeIgniter.php(918): App\Controllers\Home->detailsKelas('materi', 'css-1')
#5 A:\kodein\kodein.codes\system\CodeIgniter.php(404): CodeIgniter\CodeIgniter->runController(Object(App\Controllers\Home))
#6 A:\kodein\kodein.codes\system\CodeIgniter.php(312): CodeIgniter\CodeIgniter->handleRequest(NULL, Object(Config\Cache), false)
#7 A:\kodein\kodein.codes\public\index.php(45): CodeIgniter\CodeIgniter->run()
#8 A:\kodein\kodein.codes\system\Commands\Server\rewrite.php(34): require_once('A:\\kodein\\kodei...')
#9 {main}
CRITICAL - 2021-09-16 20:53:31 --> Division by zero
#0 A:\kodein\kodein.codes\app\Views\detailkelas.php(3): CodeIgniter\Debug\Exceptions->errorHandler(2, 'Division by zer...', 'A:\\kodein\\kodei...', 3, Array)
#1 A:\kodein\kodein.codes\system\View\View.php(246): include('A:\\kodein\\kodei...')
#2 A:\kodein\kodein.codes\system\Common.php(1119): CodeIgniter\View\View->render('detailkelas', Array, true)
#3 A:\kodein\kodein.codes\app\Controllers\Home.php(233): view('detailkelas', Array)
#4 A:\kodein\kodein.codes\system\CodeIgniter.php(918): App\Controllers\Home->detailsKelas('materi', 'css-1')
#5 A:\kodein\kodein.codes\system\CodeIgniter.php(404): CodeIgniter\CodeIgniter->runController(Object(App\Controllers\Home))
#6 A:\kodein\kodein.codes\system\CodeIgniter.php(312): CodeIgniter\CodeIgniter->handleRequest(NULL, Object(Config\Cache), false)
#7 A:\kodein\kodein.codes\public\index.php(45): CodeIgniter\CodeIgniter->run()
#8 A:\kodein\kodein.codes\system\Commands\Server\rewrite.php(34): require_once('A:\\kodein\\kodei...')
#9 {main}
CRITICAL - 2021-09-16 20:59:29 --> Call to a member function get() on null
#0 A:\kodein\kodein.codes\system\CodeIgniter.php(918): App\Controllers\Home->mulaiKelas('css-1')
#1 A:\kodein\kodein.codes\system\CodeIgniter.php(404): CodeIgniter\CodeIgniter->runController(Object(App\Controllers\Home))
#2 A:\kodein\kodein.codes\system\CodeIgniter.php(312): CodeIgniter\CodeIgniter->handleRequest(NULL, Object(Config\Cache), false)
#3 A:\kodein\kodein.codes\public\index.php(45): CodeIgniter\CodeIgniter->run()
#4 A:\kodein\kodein.codes\system\Commands\Server\rewrite.php(34): require_once('A:\\kodein\\kodei...')
#5 {main}
CRITICAL - 2021-09-16 21:00:08 --> Division by zero
#0 A:\kodein\kodein.codes\app\Views\detailkelas.php(3): CodeIgniter\Debug\Exceptions->errorHandler(2, 'Division by zer...', 'A:\\kodein\\kodei...', 3, Array)
#1 A:\kodein\kodein.codes\system\View\View.php(246): include('A:\\kodein\\kodei...')
#2 A:\kodein\kodein.codes\system\Common.php(1119): CodeIgniter\View\View->render('detailkelas', Array, true)
#3 A:\kodein\kodein.codes\app\Controllers\Home.php(233): view('detailkelas', Array)
#4 A:\kodein\kodein.codes\system\CodeIgniter.php(918): App\Controllers\Home->detailsKelas('index.html')
#5 A:\kodein\kodein.codes\system\CodeIgniter.php(404): CodeIgniter\CodeIgniter->runController(Object(App\Controllers\Home))
#6 A:\kodein\kodein.codes\system\CodeIgniter.php(312): CodeIgniter\CodeIgniter->handleRequest(NULL, Object(Config\Cache), false)
#7 A:\kodein\kodein.codes\public\index.php(45): CodeIgniter\CodeIgniter->run()
#8 A:\kodein\kodein.codes\system\Commands\Server\rewrite.php(34): require_once('A:\\kodein\\kodei...')
#9 {main}
CRITICAL - 2021-09-16 21:46:15 --> Use of undefined constant c - assumed 'c' (this will throw an Error in a future version of PHP)
#0 A:\kodein\kodein.codes\app\Controllers\Home.php(247): CodeIgniter\Debug\Exceptions->errorHandler(2, 'Use of undefine...', 'A:\\kodein\\kodei...', 247, Array)
#1 A:\kodein\kodein.codes\system\CodeIgniter.php(918): App\Controllers\Home->mulaiKelas('html-1')
#2 A:\kodein\kodein.codes\system\CodeIgniter.php(404): CodeIgniter\CodeIgniter->runController(Object(App\Controllers\Home))
#3 A:\kodein\kodein.codes\system\CodeIgniter.php(312): CodeIgniter\CodeIgniter->handleRequest(NULL, Object(Config\Cache), false)
#4 A:\kodein\kodein.codes\public\index.php(45): CodeIgniter\CodeIgniter->run()
#5 A:\kodein\kodein.codes\system\Commands\Server\rewrite.php(34): require_once('A:\\kodein\\kodei...')
#6 {main}
