CRITICAL - 2022-03-03 09:54:56 --> Call to a member function setContentType() on null
#0 A:\kodein\kodein.codes\system\API\ResponseTrait.php(134): CodeIgniter\RESTful\ResourceController->format(Array)
#1 A:\kodein\kodein.codes\app\Controllers\Home.php(285): CodeIgniter\RESTful\ResourceController->respond(Array, 200)
#2 A:\kodein\kodein.codes\system\CodeIgniter.php(918): App\Controllers\Home->cekBenarSoal('1', '1', '1')
#3 A:\kodein\kodein.codes\system\CodeIgniter.php(404): CodeIgniter\CodeIgniter->runController(Object(App\Controllers\Home))
#4 A:\kodein\kodein.codes\system\CodeIgniter.php(312): CodeIgniter\CodeIgniter->handleRequest(NULL, Object(Config\Cache), false)
#5 A:\kodein\kodein.codes\public\index.php(45): CodeIgniter\CodeIgniter->run()
#6 A:\kodein\kodein.codes\system\Commands\Server\rewrite.php(34): require_once('A:\\kodein\\kodei...')
#7 {main}
CRITICAL - 2022-03-03 09:55:08 --> Call to a member function setContentType() on null
#0 A:\kodein\kodein.codes\system\API\ResponseTrait.php(134): CodeIgniter\RESTful\ResourceController->format(Array)
#1 A:\kodein\kodein.codes\app\Controllers\Home.php(285): CodeIgniter\RESTful\ResourceController->respond(Array, 200)
#2 A:\kodein\kodein.codes\system\CodeIgniter.php(918): App\Controllers\Home->cekBenarSoal('html-1', '1', '1')
#3 A:\kodein\kodein.codes\system\CodeIgniter.php(404): CodeIgniter\CodeIgniter->runController(Object(App\Controllers\Home))
#4 A:\kodein\kodein.codes\system\CodeIgniter.php(312): CodeIgniter\CodeIgniter->handleRequest(NULL, Object(Config\Cache), false)
#5 A:\kodein\kodein.codes\public\index.php(45): CodeIgniter\CodeIgniter->run()
#6 A:\kodein\kodein.codes\system\Commands\Server\rewrite.php(34): require_once('A:\\kodein\\kodei...')
#7 {main}
CRITICAL - 2022-03-03 09:56:25 --> Call to a member function setContentType() on null
#0 A:\kodein\kodein.codes\system\API\ResponseTrait.php(134): CodeIgniter\RESTful\ResourceController->format(Array)
#1 A:\kodein\kodein.codes\app\Controllers\Home.php(285): CodeIgniter\RESTful\ResourceController->respond(Array, 200)
#2 A:\kodein\kodein.codes\system\CodeIgniter.php(918): App\Controllers\Home->cekBenarSoal('html-1', '1', '1')
#3 A:\kodein\kodein.codes\system\CodeIgniter.php(404): CodeIgniter\CodeIgniter->runController(Object(App\Controllers\Home))
#4 A:\kodein\kodein.codes\system\CodeIgniter.php(312): CodeIgniter\CodeIgniter->handleRequest(NULL, Object(Config\Cache), false)
#5 A:\kodein\kodein.codes\public\index.php(45): CodeIgniter\CodeIgniter->run()
#6 A:\kodein\kodein.codes\system\Commands\Server\rewrite.php(34): require_once('A:\\kodein\\kodei...')
#7 {main}
CRITICAL - 2022-03-03 09:57:03 --> Call to undefined method CodeIgniter\RESTful\ResourceController::setContentType()
#0 A:\kodein\kodein.codes\system\CodeIgniter.php(918): App\Controllers\Home->cekBenarSoal('html-1', '1', '1')
#1 A:\kodein\kodein.codes\system\CodeIgniter.php(404): CodeIgniter\CodeIgniter->runController(Object(App\Controllers\Home))
#2 A:\kodein\kodein.codes\system\CodeIgniter.php(312): CodeIgniter\CodeIgniter->handleRequest(NULL, Object(Config\Cache), false)
#3 A:\kodein\kodein.codes\public\index.php(45): CodeIgniter\CodeIgniter->run()
#4 A:\kodein\kodein.codes\system\Commands\Server\rewrite.php(34): require_once('A:\\kodein\\kodei...')
#5 {main}
CRITICAL - 2022-03-03 10:15:42 --> Call to undefined method App\Models\KelasModel::cekKebeneran
#0 A:\kodein\kodein.codes\app\Controllers\Home.php(286): CodeIgniter\Model->__call('cekKebeneran', Array)
#1 A:\kodein\kodein.codes\system\CodeIgniter.php(918): App\Controllers\Home->cekBenarSoal('1', '1', '1')
#2 A:\kodein\kodein.codes\system\CodeIgniter.php(404): CodeIgniter\CodeIgniter->runController(Object(App\Controllers\Home))
#3 A:\kodein\kodein.codes\system\CodeIgniter.php(312): CodeIgniter\CodeIgniter->handleRequest(NULL, Object(Config\Cache), false)
#4 A:\kodein\kodein.codes\public\index.php(45): CodeIgniter\CodeIgniter->run()
#5 A:\kodein\kodein.codes\system\Commands\Server\rewrite.php(34): require_once('A:\\kodein\\kodei...')
#6 {main}
CRITICAL - 2022-03-03 10:17:12 --> Too few arguments to function App\Models\KelasModel::cekKebenaran(), 3 passed in A:\kodein\kodein.codes\app\Controllers\Home.php on line 286 and exactly 4 expected
#0 A:\kodein\kodein.codes\app\Controllers\Home.php(286): App\Models\KelasModel->cekKebenaran('1', '1', '1')
#1 A:\kodein\kodein.codes\system\CodeIgniter.php(918): App\Controllers\Home->cekBenarSoal('1', '1', '1')
#2 A:\kodein\kodein.codes\system\CodeIgniter.php(404): CodeIgniter\CodeIgniter->runController(Object(App\Controllers\Home))
#3 A:\kodein\kodein.codes\system\CodeIgniter.php(312): CodeIgniter\CodeIgniter->handleRequest(NULL, Object(Config\Cache), false)
#4 A:\kodein\kodein.codes\public\index.php(45): CodeIgniter\CodeIgniter->run()
#5 A:\kodein\kodein.codes\system\Commands\Server\rewrite.php(34): require_once('A:\\kodein\\kodei...')
#6 {main}
CRITICAL - 2022-03-03 10:17:16 --> Too few arguments to function App\Models\KelasModel::cekKebenaran(), 3 passed in A:\kodein\kodein.codes\app\Controllers\Home.php on line 286 and exactly 4 expected
#0 A:\kodein\kodein.codes\app\Controllers\Home.php(286): App\Models\KelasModel->cekKebenaran('1', '1', '1')
#1 A:\kodein\kodein.codes\system\CodeIgniter.php(918): App\Controllers\Home->cekBenarSoal('1', '1', '1')
#2 A:\kodein\kodein.codes\system\CodeIgniter.php(404): CodeIgniter\CodeIgniter->runController(Object(App\Controllers\Home))
#3 A:\kodein\kodein.codes\system\CodeIgniter.php(312): CodeIgniter\CodeIgniter->handleRequest(NULL, Object(Config\Cache), false)
#4 A:\kodein\kodein.codes\public\index.php(45): CodeIgniter\CodeIgniter->run()
#5 A:\kodein\kodein.codes\system\Commands\Server\rewrite.php(34): require_once('A:\\kodein\\kodei...')
#6 {main}
