CRITICAL - 2021-07-14 20:06:35 --> Use of undefined constant datas - assumed 'datas' (this will throw an Error in a future version of PHP)
#0 A:\kodein\kodein.codes\app\Views\inCoder.php(63): CodeIgniter\Debug\Exceptions->errorHandler(2, 'Use of undefine...', 'A:\\kodein\\kodei...', 63, Array)
#1 A:\kodein\kodein.codes\system\View\View.php(246): include('A:\\kodein\\kodei...')
#2 A:\kodein\kodein.codes\system\Common.php(1119): CodeIgniter\View\View->render('inCoder', Array, true)
#3 A:\kodein\kodein.codes\app\Controllers\Home.php(183): view('inCoder')
#4 A:\kodein\kodein.codes\system\CodeIgniter.php(918): App\Controllers\Home->inCoder()
#5 A:\kodein\kodein.codes\system\CodeIgniter.php(404): CodeIgniter\CodeIgniter->runController(Object(App\Controllers\Home))
#6 A:\kodein\kodein.codes\system\CodeIgniter.php(312): CodeIgniter\CodeIgniter->handleRequest(NULL, Object(Config\Cache), false)
#7 A:\kodein\kodein.codes\public\index.php(45): CodeIgniter\CodeIgniter->run()
#8 A:\kodein\kodein.codes\system\Commands\Server\rewrite.php(34): require_once('A:\\kodein\\kodei...')
#9 {main}
CRITICAL - 2021-07-14 20:07:37 --> Use of undefined constant datas - assumed 'datas' (this will throw an Error in a future version of PHP)
#0 A:\kodein\kodein.codes\app\Views\inCoder.php(63): CodeIgniter\Debug\Exceptions->errorHandler(2, 'Use of undefine...', 'A:\\kodein\\kodei...', 63, Array)
#1 A:\kodein\kodein.codes\system\View\View.php(246): include('A:\\kodein\\kodei...')
#2 A:\kodein\kodein.codes\system\Common.php(1119): CodeIgniter\View\View->render('inCoder', Array, true)
#3 A:\kodein\kodein.codes\app\Controllers\Home.php(183): view('inCoder')
#4 A:\kodein\kodein.codes\system\CodeIgniter.php(918): App\Controllers\Home->inCoder()
#5 A:\kodein\kodein.codes\system\CodeIgniter.php(404): CodeIgniter\CodeIgniter->runController(Object(App\Controllers\Home))
#6 A:\kodein\kodein.codes\system\CodeIgniter.php(312): CodeIgniter\CodeIgniter->handleRequest(NULL, Object(Config\Cache), false)
#7 A:\kodein\kodein.codes\public\index.php(45): CodeIgniter\CodeIgniter->run()
#8 A:\kodein\kodein.codes\system\Commands\Server\rewrite.php(34): require_once('A:\\kodein\\kodei...')
#9 {main}
CRITICAL - 2021-07-14 20:19:43 --> htmlspecialchars() expects parameter 1 to be string, object given
#0 [internal function]: CodeIgniter\Debug\Exceptions->errorHandler(2, 'htmlspecialchar...', 'A:\\kodein\\kodei...', 197, Array)
#1 A:\kodein\kodein.codes\app\Controllers\Home.php(197): htmlspecialchars(Object(CodeIgniter\HTTP\IncomingRequest))
#2 A:\kodein\kodein.codes\system\CodeIgniter.php(918): App\Controllers\Home->inCoder()
#3 A:\kodein\kodein.codes\system\CodeIgniter.php(404): CodeIgniter\CodeIgniter->runController(Object(App\Controllers\Home))
#4 A:\kodein\kodein.codes\system\CodeIgniter.php(312): CodeIgniter\CodeIgniter->handleRequest(NULL, Object(Config\Cache), false)
#5 A:\kodein\kodein.codes\public\index.php(45): CodeIgniter\CodeIgniter->run()
#6 A:\kodein\kodein.codes\system\Commands\Server\rewrite.php(34): require_once('A:\\kodein\\kodei...')
#7 {main}
