CRITICAL - 2021-05-25 00:35:57 --> require(hit.php): failed to open stream: No such file or directory
#0 A:\kodein\kodein\app\Views\index.php(3): CodeIgniter\Debug\Exceptions->errorHandler(2, 'require(hit.php...', 'A:\\kodein\\kodei...', 3, Array)
#1 A:\kodein\kodein\app\Views\index.php(3): require()
#2 A:\kodein\kodein\system\View\View.php(246): include('A:\\kodein\\kodei...')
#3 A:\kodein\kodein\system\Common.php(1119): CodeIgniter\View\View->render('index', Array, true)
#4 A:\kodein\kodein\app\Controllers\Home.php(10): view('index')
#5 A:\kodein\kodein\system\CodeIgniter.php(918): App\Controllers\Home->index()
#6 A:\kodein\kodein\system\CodeIgniter.php(404): CodeIgniter\CodeIgniter->runController(Object(App\Controllers\Home))
#7 A:\kodein\kodein\system\CodeIgniter.php(312): CodeIgniter\CodeIgniter->handleRequest(NULL, Object(Config\Cache), false)
#8 A:\kodein\kodein\public\index.php(45): CodeIgniter\CodeIgniter->run()
#9 A:\kodein\kodein\system\Commands\Server\rewrite.php(34): require_once('A:\\kodein\\kodei...')
#10 {main}
CRITICAL - 2021-05-25 00:36:10 --> require(hit.php): failed to open stream: No such file or directory
#0 A:\kodein\kodein\app\Views\index.php(3): CodeIgniter\Debug\Exceptions->errorHandler(2, 'require(hit.php...', 'A:\\kodein\\kodei...', 3, Array)
#1 A:\kodein\kodein\app\Views\index.php(3): require()
#2 A:\kodein\kodein\system\View\View.php(246): include('A:\\kodein\\kodei...')
#3 A:\kodein\kodein\system\Common.php(1119): CodeIgniter\View\View->render('index', Array, true)
#4 A:\kodein\kodein\app\Controllers\Home.php(10): view('index')
#5 A:\kodein\kodein\system\CodeIgniter.php(918): App\Controllers\Home->index()
#6 A:\kodein\kodein\system\CodeIgniter.php(404): CodeIgniter\CodeIgniter->runController(Object(App\Controllers\Home))
#7 A:\kodein\kodein\system\CodeIgniter.php(312): CodeIgniter\CodeIgniter->handleRequest(NULL, Object(Config\Cache), false)
#8 A:\kodein\kodein\public\index.php(45): CodeIgniter\CodeIgniter->run()
#9 A:\kodein\kodein\system\Commands\Server\rewrite.php(34): require_once('A:\\kodein\\kodei...')
#10 {main}
CRITICAL - 2021-05-25 00:58:06 --> require(hit.php): failed to open stream: No such file or directory
#0 A:\kodein\kodein\app\Views\index.php(3): CodeIgniter\Debug\Exceptions->errorHandler(2, 'require(hit.php...', 'A:\\kodein\\kodei...', 3, Array)
#1 A:\kodein\kodein\app\Views\index.php(3): require()
#2 A:\kodein\kodein\system\View\View.php(246): include('A:\\kodein\\kodei...')
#3 A:\kodein\kodein\system\Common.php(1119): CodeIgniter\View\View->render('index', Array, true)
#4 A:\kodein\kodein\app\Controllers\Home.php(10): view('index')
#5 A:\kodein\kodein\system\CodeIgniter.php(918): App\Controllers\Home->index()
#6 A:\kodein\kodein\system\CodeIgniter.php(404): CodeIgniter\CodeIgniter->runController(Object(App\Controllers\Home))
#7 A:\kodein\kodein\system\CodeIgniter.php(312): CodeIgniter\CodeIgniter->handleRequest(NULL, Object(Config\Cache), false)
#8 A:\kodein\kodein\public\index.php(45): CodeIgniter\CodeIgniter->run()
#9 A:\kodein\kodein\system\Commands\Server\rewrite.php(34): require_once('A:\\kodein\\kodei...')
#10 {main}
CRITICAL - 2021-05-25 00:58:40 --> require(App\Controllers\hit.php): failed to open stream: No such file or directory
#0 A:\kodein\kodein\app\Views\index.php(3): CodeIgniter\Debug\Exceptions->errorHandler(2, 'require(App\\Con...', 'A:\\kodein\\kodei...', 3, Array)
#1 A:\kodein\kodein\app\Views\index.php(3): require()
#2 A:\kodein\kodein\system\View\View.php(246): include('A:\\kodein\\kodei...')
#3 A:\kodein\kodein\system\Common.php(1119): CodeIgniter\View\View->render('index', Array, true)
#4 A:\kodein\kodein\app\Controllers\Home.php(10): view('index')
#5 A:\kodein\kodein\system\CodeIgniter.php(918): App\Controllers\Home->index()
#6 A:\kodein\kodein\system\CodeIgniter.php(404): CodeIgniter\CodeIgniter->runController(Object(App\Controllers\Home))
#7 A:\kodein\kodein\system\CodeIgniter.php(312): CodeIgniter\CodeIgniter->handleRequest(NULL, Object(Config\Cache), false)
#8 A:\kodein\kodein\public\index.php(45): CodeIgniter\CodeIgniter->run()
#9 A:\kodein\kodein\system\Commands\Server\rewrite.php(34): require_once('A:\\kodein\\kodei...')
#10 {main}
CRITICAL - 2021-05-25 01:00:48 --> Class 'HitCounter' not found
#0 A:\kodein\kodein\system\View\View.php(246): include()
#1 A:\kodein\kodein\system\Common.php(1119): CodeIgniter\View\View->render('index', Array, true)
#2 A:\kodein\kodein\app\Controllers\Home.php(10): view('index')
#3 A:\kodein\kodein\system\CodeIgniter.php(918): App\Controllers\Home->index()
#4 A:\kodein\kodein\system\CodeIgniter.php(404): CodeIgniter\CodeIgniter->runController(Object(App\Controllers\Home))
#5 A:\kodein\kodein\system\CodeIgniter.php(312): CodeIgniter\CodeIgniter->handleRequest(NULL, Object(Config\Cache), false)
#6 A:\kodein\kodein\public\index.php(45): CodeIgniter\CodeIgniter->run()
#7 A:\kodein\kodein\system\Commands\Server\rewrite.php(34): require_once('A:\\kodein\\kodei...')
#8 {main}
CRITICAL - 2021-05-25 01:01:22 --> Use of undefined constant console - assumed 'console' (this will throw an Error in a future version of PHP)
#0 A:\kodein\kodein\app\Views\index.php(4): CodeIgniter\Debug\Exceptions->errorHandler(2, 'Use of undefine...', 'A:\\kodein\\kodei...', 4, Array)
#1 A:\kodein\kodein\system\View\View.php(246): include('A:\\kodein\\kodei...')
#2 A:\kodein\kodein\system\Common.php(1119): CodeIgniter\View\View->render('index', Array, true)
#3 A:\kodein\kodein\app\Controllers\Home.php(10): view('index')
#4 A:\kodein\kodein\system\CodeIgniter.php(918): App\Controllers\Home->index()
#5 A:\kodein\kodein\system\CodeIgniter.php(404): CodeIgniter\CodeIgniter->runController(Object(App\Controllers\Home))
#6 A:\kodein\kodein\system\CodeIgniter.php(312): CodeIgniter\CodeIgniter->handleRequest(NULL, Object(Config\Cache), false)
#7 A:\kodein\kodein\public\index.php(45): CodeIgniter\CodeIgniter->run()
#8 A:\kodein\kodein\system\Commands\Server\rewrite.php(34): require_once('A:\\kodein\\kodei...')
#9 {main}
CRITICAL - 2021-05-25 01:02:39 --> Class 'HitCounter' not found
#0 A:\kodein\kodein\system\View\View.php(246): include()
#1 A:\kodein\kodein\system\Common.php(1119): CodeIgniter\View\View->render('index', Array, true)
#2 A:\kodein\kodein\app\Controllers\Home.php(10): view('index')
#3 A:\kodein\kodein\system\CodeIgniter.php(918): App\Controllers\Home->index()
#4 A:\kodein\kodein\system\CodeIgniter.php(404): CodeIgniter\CodeIgniter->runController(Object(App\Controllers\Home))
#5 A:\kodein\kodein\system\CodeIgniter.php(312): CodeIgniter\CodeIgniter->handleRequest(NULL, Object(Config\Cache), false)
#6 A:\kodein\kodein\public\index.php(45): CodeIgniter\CodeIgniter->run()
#7 A:\kodein\kodein\system\Commands\Server\rewrite.php(34): require_once('A:\\kodein\\kodei...')
#8 {main}
CRITICAL - 2021-05-25 01:40:32 --> strpos() expects at least 2 parameters, 1 given
#0 [internal function]: CodeIgniter\Debug\Exceptions->errorHandler(2, 'strpos() expect...', 'A:\\kodein\\kodei...', 7, Array)
#1 A:\kodein\kodein\app\Views\index.php(7): strpos('Mozilla/5.0 (Li...')
#2 A:\kodein\kodein\system\View\View.php(246): include('A:\\kodein\\kodei...')
#3 A:\kodein\kodein\system\Common.php(1119): CodeIgniter\View\View->render('index', Array, true)
#4 A:\kodein\kodein\app\Controllers\Home.php(10): view('index')
#5 A:\kodein\kodein\system\CodeIgniter.php(918): App\Controllers\Home->index()
#6 A:\kodein\kodein\system\CodeIgniter.php(404): CodeIgniter\CodeIgniter->runController(Object(App\Controllers\Home))
#7 A:\kodein\kodein\system\CodeIgniter.php(312): CodeIgniter\CodeIgniter->handleRequest(NULL, Object(Config\Cache), false)
#8 A:\kodein\kodein\public\index.php(45): CodeIgniter\CodeIgniter->run()
#9 A:\kodein\kodein\system\Commands\Server\rewrite.php(34): require_once('A:\\kodein\\kodei...')
#10 {main}
CRITICAL - 2021-05-25 01:44:26 --> Call to a member function getUserAgent() on null
#0 A:\kodein\kodein\system\View\View.php(246): include()
#1 A:\kodein\kodein\system\Common.php(1119): CodeIgniter\View\View->render('index', Array, true)
#2 A:\kodein\kodein\app\Controllers\Home.php(10): view('index')
#3 A:\kodein\kodein\system\CodeIgniter.php(918): App\Controllers\Home->index()
#4 A:\kodein\kodein\system\CodeIgniter.php(404): CodeIgniter\CodeIgniter->runController(Object(App\Controllers\Home))
#5 A:\kodein\kodein\system\CodeIgniter.php(312): CodeIgniter\CodeIgniter->handleRequest(NULL, Object(Config\Cache), false)
#6 A:\kodein\kodein\public\index.php(45): CodeIgniter\CodeIgniter->run()
#7 A:\kodein\kodein\system\Commands\Server\rewrite.php(34): require_once('A:\\kodein\\kodei...')
#8 {main}
CRITICAL - 2021-05-25 01:46:28 --> Call to a member function getUserAgent() on null
#0 A:\kodein\kodein\app\Views\index.php(7): HitCounter->tampil()
#1 A:\kodein\kodein\system\View\View.php(246): include('A:\\kodein\\kodei...')
#2 A:\kodein\kodein\system\Common.php(1119): CodeIgniter\View\View->render('index', Array, true)
#3 A:\kodein\kodein\app\Controllers\Home.php(10): view('index')
#4 A:\kodein\kodein\system\CodeIgniter.php(918): App\Controllers\Home->index()
#5 A:\kodein\kodein\system\CodeIgniter.php(404): CodeIgniter\CodeIgniter->runController(Object(App\Controllers\Home))
#6 A:\kodein\kodein\system\CodeIgniter.php(312): CodeIgniter\CodeIgniter->handleRequest(NULL, Object(Config\Cache), false)
#7 A:\kodein\kodein\public\index.php(45): CodeIgniter\CodeIgniter->run()
#8 A:\kodein\kodein\system\Commands\Server\rewrite.php(34): require_once('A:\\kodein\\kodei...')
#9 {main}
CRITICAL - 2021-05-25 01:47:08 --> Class 'HitCounter' not found
#0 A:\kodein\kodein\system\View\View.php(246): include()
#1 A:\kodein\kodein\system\Common.php(1119): CodeIgniter\View\View->render('index', Array, true)
#2 A:\kodein\kodein\app\Controllers\Home.php(10): view('index')
#3 A:\kodein\kodein\system\CodeIgniter.php(918): App\Controllers\Home->index()
#4 A:\kodein\kodein\system\CodeIgniter.php(404): CodeIgniter\CodeIgniter->runController(Object(App\Controllers\Home))
#5 A:\kodein\kodein\system\CodeIgniter.php(312): CodeIgniter\CodeIgniter->handleRequest(NULL, Object(Config\Cache), false)
#6 A:\kodein\kodein\public\index.php(45): CodeIgniter\CodeIgniter->run()
#7 A:\kodein\kodein\system\Commands\Server\rewrite.php(34): require_once('A:\\kodein\\kodei...')
#8 {main}
CRITICAL - 2021-05-25 01:48:14 --> Call to a member function getUserAgent() on null
#0 A:\kodein\kodein\app\Views\index.php(7): HitCounter->tampil()
#1 A:\kodein\kodein\system\View\View.php(246): include('A:\\kodein\\kodei...')
#2 A:\kodein\kodein\system\Common.php(1119): CodeIgniter\View\View->render('index', Array, true)
#3 A:\kodein\kodein\app\Controllers\Home.php(10): view('index')
#4 A:\kodein\kodein\system\CodeIgniter.php(918): App\Controllers\Home->index()
#5 A:\kodein\kodein\system\CodeIgniter.php(404): CodeIgniter\CodeIgniter->runController(Object(App\Controllers\Home))
#6 A:\kodein\kodein\system\CodeIgniter.php(312): CodeIgniter\CodeIgniter->handleRequest(NULL, Object(Config\Cache), false)
#7 A:\kodein\kodein\public\index.php(45): CodeIgniter\CodeIgniter->run()
#8 A:\kodein\kodein\system\Commands\Server\rewrite.php(34): require_once('A:\\kodein\\kodei...')
#9 {main}
CRITICAL - 2021-05-25 01:48:47 --> Call to undefined function getUserAgent()
#0 A:\kodein\kodein\app\Views\index.php(7): HitCounter->tampil()
#1 A:\kodein\kodein\system\View\View.php(246): include('A:\\kodein\\kodei...')
#2 A:\kodein\kodein\system\Common.php(1119): CodeIgniter\View\View->render('index', Array, true)
#3 A:\kodein\kodein\app\Controllers\Home.php(10): view('index')
#4 A:\kodein\kodein\system\CodeIgniter.php(918): App\Controllers\Home->index()
#5 A:\kodein\kodein\system\CodeIgniter.php(404): CodeIgniter\CodeIgniter->runController(Object(App\Controllers\Home))
#6 A:\kodein\kodein\system\CodeIgniter.php(312): CodeIgniter\CodeIgniter->handleRequest(NULL, Object(Config\Cache), false)
#7 A:\kodein\kodein\public\index.php(45): CodeIgniter\CodeIgniter->run()
#8 A:\kodein\kodein\system\Commands\Server\rewrite.php(34): require_once('A:\\kodein\\kodei...')
#9 {main}
CRITICAL - 2021-05-25 01:53:23 --> strpos(): Empty needle
#0 [internal function]: CodeIgniter\Debug\Exceptions->errorHandler(2, 'strpos(): Empty...', 'A:\\kodein\\kodei...', 9, Array)
#1 A:\kodein\kodein\app\Views\index.php(9): strpos('Mozilla/5.0 (Li...', '')
#2 A:\kodein\kodein\system\View\View.php(246): include('A:\\kodein\\kodei...')
#3 A:\kodein\kodein\system\Common.php(1119): CodeIgniter\View\View->render('index', Array, true)
#4 A:\kodein\kodein\app\Controllers\Home.php(10): view('index')
#5 A:\kodein\kodein\system\CodeIgniter.php(918): App\Controllers\Home->index()
#6 A:\kodein\kodein\system\CodeIgniter.php(404): CodeIgniter\CodeIgniter->runController(Object(App\Controllers\Home))
#7 A:\kodein\kodein\system\CodeIgniter.php(312): CodeIgniter\CodeIgniter->handleRequest(NULL, Object(Config\Cache), false)
#8 A:\kodein\kodein\public\index.php(45): CodeIgniter\CodeIgniter->run()
#9 A:\kodein\kodein\system\Commands\Server\rewrite.php(34): require_once('A:\\kodein\\kodei...')
#10 {main}
CRITICAL - 2021-05-25 02:05:02 --> Unable to connect to the database.
#0 A:\kodein\kodein\system\Database\BaseConnection.php(646): CodeIgniter\Database\BaseConnection->initialize()
#1 A:\kodein\kodein\system\Database\BaseBuilder.php(2249): CodeIgniter\Database\BaseConnection->query('INSERT INTO `pe...', Array, false)
#2 A:\kodein\kodein\system\Model.php(755): CodeIgniter\Database\BaseBuilder->insert()
#3 A:\kodein\kodein\app\Controllers\hit.php(38): CodeIgniter\Model->insert(Array)
#4 A:\kodein\kodein\app\Views\index.php(14): HitCounter->Hitung(NULL, 'Win64; x64')
#5 A:\kodein\kodein\system\View\View.php(246): include('A:\\kodein\\kodei...')
#6 A:\kodein\kodein\system\Common.php(1119): CodeIgniter\View\View->render('index', Array, true)
#7 A:\kodein\kodein\app\Controllers\Home.php(10): view('index')
#8 A:\kodein\kodein\system\CodeIgniter.php(918): App\Controllers\Home->index()
#9 A:\kodein\kodein\system\CodeIgniter.php(404): CodeIgniter\CodeIgniter->runController(Object(App\Controllers\Home))
#10 A:\kodein\kodein\system\CodeIgniter.php(312): CodeIgniter\CodeIgniter->handleRequest(NULL, Object(Config\Cache), false)
#11 A:\kodein\kodein\public\index.php(45): CodeIgniter\CodeIgniter->run()
#12 A:\kodein\kodein\system\Commands\Server\rewrite.php(34): require_once('A:\\kodein\\kodei...')
#13 {main}
CRITICAL - 2021-05-25 02:12:53 --> Unable to connect to the database.
#0 A:\kodein\kodein\system\Database\BaseConnection.php(646): CodeIgniter\Database\BaseConnection->initialize()
#1 A:\kodein\kodein\system\Database\BaseBuilder.php(2249): CodeIgniter\Database\BaseConnection->query('INSERT INTO `pe...', Array, false)
#2 A:\kodein\kodein\system\Model.php(755): CodeIgniter\Database\BaseBuilder->insert()
#3 A:\kodein\kodein\app\Controllers\hit.php(38): CodeIgniter\Model->insert(Array)
#4 A:\kodein\kodein\app\Views\index.php(14): HitCounter->Hitung(NULL, 'Nexus 5')
#5 A:\kodein\kodein\system\View\View.php(246): include('A:\\kodein\\kodei...')
#6 A:\kodein\kodein\system\Common.php(1119): CodeIgniter\View\View->render('index', Array, true)
#7 A:\kodein\kodein\app\Controllers\Home.php(10): view('index')
#8 A:\kodein\kodein\system\CodeIgniter.php(918): App\Controllers\Home->index()
#9 A:\kodein\kodein\system\CodeIgniter.php(404): CodeIgniter\CodeIgniter->runController(Object(App\Controllers\Home))
#10 A:\kodein\kodein\system\CodeIgniter.php(312): CodeIgniter\CodeIgniter->handleRequest(NULL, Object(Config\Cache), false)
#11 A:\kodein\kodein\public\index.php(45): CodeIgniter\CodeIgniter->run()
#12 A:\kodein\kodein\system\Commands\Server\rewrite.php(34): require_once('A:\\kodein\\kodei...')
#13 {main}
CRITICAL - 2021-05-25 02:13:41 --> Unable to connect to the database.
#0 A:\kodein\kodein\system\Database\BaseConnection.php(646): CodeIgniter\Database\BaseConnection->initialize()
#1 A:\kodein\kodein\system\Database\BaseBuilder.php(2249): CodeIgniter\Database\BaseConnection->query('INSERT INTO `pe...', Array, false)
#2 A:\kodein\kodein\system\Model.php(755): CodeIgniter\Database\BaseBuilder->insert()
#3 A:\kodein\kodein\app\Controllers\hit.php(38): CodeIgniter\Model->insert(Array)
#4 A:\kodein\kodein\app\Views\index.php(14): HitCounter->Hitung(NULL, 'Nexus 5')
#5 A:\kodein\kodein\system\View\View.php(246): include('A:\\kodein\\kodei...')
#6 A:\kodein\kodein\system\Common.php(1119): CodeIgniter\View\View->render('index', Array, true)
#7 A:\kodein\kodein\app\Controllers\Home.php(10): view('index')
#8 A:\kodein\kodein\system\CodeIgniter.php(918): App\Controllers\Home->index()
#9 A:\kodein\kodein\system\CodeIgniter.php(404): CodeIgniter\CodeIgniter->runController(Object(App\Controllers\Home))
#10 A:\kodein\kodein\system\CodeIgniter.php(312): CodeIgniter\CodeIgniter->handleRequest(NULL, Object(Config\Cache), false)
#11 A:\kodein\kodein\public\index.php(45): CodeIgniter\CodeIgniter->run()
#12 A:\kodein\kodein\system\Commands\Server\rewrite.php(34): require_once('A:\\kodein\\kodei...')
#13 {main}
CRITICAL - 2021-05-25 02:15:08 --> Unable to connect to the database.
#0 A:\kodein\kodein\system\Database\BaseConnection.php(646): CodeIgniter\Database\BaseConnection->initialize()
#1 A:\kodein\kodein\system\Database\BaseBuilder.php(2249): CodeIgniter\Database\BaseConnection->query('INSERT INTO `pe...', Array, false)
#2 A:\kodein\kodein\app\Models\PengunjungModel.php(14): CodeIgniter\Database\BaseBuilder->insert(Array)
#3 A:\kodein\kodein\app\Controllers\hit.php(38): App\Models\PengunjungModel->add(Array)
#4 A:\kodein\kodein\app\Views\index.php(14): HitCounter->Hitung(NULL, 'Nexus 5')
#5 A:\kodein\kodein\system\View\View.php(246): include('A:\\kodein\\kodei...')
#6 A:\kodein\kodein\system\Common.php(1119): CodeIgniter\View\View->render('index', Array, true)
#7 A:\kodein\kodein\app\Controllers\Home.php(10): view('index')
#8 A:\kodein\kodein\system\CodeIgniter.php(918): App\Controllers\Home->index()
#9 A:\kodein\kodein\system\CodeIgniter.php(404): CodeIgniter\CodeIgniter->runController(Object(App\Controllers\Home))
#10 A:\kodein\kodein\system\CodeIgniter.php(312): CodeIgniter\CodeIgniter->handleRequest(NULL, Object(Config\Cache), false)
#11 A:\kodein\kodein\public\index.php(45): CodeIgniter\CodeIgniter->run()
#12 A:\kodein\kodein\system\Commands\Server\rewrite.php(34): require_once('A:\\kodein\\kodei...')
#13 {main}
CRITICAL - 2021-05-25 02:15:25 --> Unable to connect to the database.
#0 A:\kodein\kodein\system\Database\BaseConnection.php(646): CodeIgniter\Database\BaseConnection->initialize()
#1 A:\kodein\kodein\system\Database\BaseBuilder.php(2249): CodeIgniter\Database\BaseConnection->query('INSERT INTO `pe...', Array, false)
#2 A:\kodein\kodein\app\Models\PengunjungModel.php(14): CodeIgniter\Database\BaseBuilder->insert(Array)
#3 A:\kodein\kodein\app\Controllers\hit.php(38): App\Models\PengunjungModel->add(Array)
#4 A:\kodein\kodein\app\Views\index.php(14): HitCounter->Hitung(NULL, 'Nexus 5')
#5 A:\kodein\kodein\system\View\View.php(246): include('A:\\kodein\\kodei...')
#6 A:\kodein\kodein\system\Common.php(1119): CodeIgniter\View\View->render('index', Array, true)
#7 A:\kodein\kodein\app\Controllers\Home.php(10): view('index')
#8 A:\kodein\kodein\system\CodeIgniter.php(918): App\Controllers\Home->index()
#9 A:\kodein\kodein\system\CodeIgniter.php(404): CodeIgniter\CodeIgniter->runController(Object(App\Controllers\Home))
#10 A:\kodein\kodein\system\CodeIgniter.php(312): CodeIgniter\CodeIgniter->handleRequest(NULL, Object(Config\Cache), false)
#11 A:\kodein\kodein\public\index.php(45): CodeIgniter\CodeIgniter->run()
#12 A:\kodein\kodein\system\Commands\Server\rewrite.php(34): require_once('A:\\kodein\\kodei...')
#13 {main}
CRITICAL - 2021-05-25 02:16:32 --> Unable to connect to the database.
#0 A:\kodein\kodein\system\Database\BaseConnection.php(646): CodeIgniter\Database\BaseConnection->initialize()
#1 A:\kodein\kodein\system\Database\BaseBuilder.php(2249): CodeIgniter\Database\BaseConnection->query('INSERT INTO `pe...', Array, false)
#2 A:\kodein\kodein\app\Models\PengunjungModel.php(14): CodeIgniter\Database\BaseBuilder->insert(Array)
#3 A:\kodein\kodein\app\Controllers\hit.php(38): App\Models\PengunjungModel->add(Array)
#4 A:\kodein\kodein\app\Views\index.php(14): HitCounter->Hitung(NULL, 'Nexus 5')
#5 A:\kodein\kodein\system\View\View.php(246): include('A:\\kodein\\kodei...')
#6 A:\kodein\kodein\system\Common.php(1119): CodeIgniter\View\View->render('index', Array, true)
#7 A:\kodein\kodein\app\Controllers\Home.php(10): view('index')
#8 A:\kodein\kodein\system\CodeIgniter.php(918): App\Controllers\Home->index()
#9 A:\kodein\kodein\system\CodeIgniter.php(404): CodeIgniter\CodeIgniter->runController(Object(App\Controllers\Home))
#10 A:\kodein\kodein\system\CodeIgniter.php(312): CodeIgniter\CodeIgniter->handleRequest(NULL, Object(Config\Cache), false)
#11 A:\kodein\kodein\public\index.php(45): CodeIgniter\CodeIgniter->run()
#12 A:\kodein\kodein\system\Commands\Server\rewrite.php(34): require_once('A:\\kodein\\kodei...')
#13 {main}
CRITICAL - 2021-05-25 02:18:27 --> Unable to connect to the database.
#0 A:\kodein\kodein\system\Database\BaseConnection.php(646): CodeIgniter\Database\BaseConnection->initialize()
#1 A:\kodein\kodein\system\Database\BaseBuilder.php(2249): CodeIgniter\Database\BaseConnection->query('INSERT INTO `pe...', Array, false)
#2 A:\kodein\kodein\app\Models\PengunjungModel.php(14): CodeIgniter\Database\BaseBuilder->insert(Array)
#3 A:\kodein\kodein\app\Controllers\hit.php(39): App\Models\PengunjungModel->add(Array)
#4 A:\kodein\kodein\app\Views\index.php(14): HitCounter->Hitung(NULL, 'Nexus 5')
#5 A:\kodein\kodein\system\View\View.php(246): include('A:\\kodein\\kodei...')
#6 A:\kodein\kodein\system\Common.php(1119): CodeIgniter\View\View->render('index', Array, true)
#7 A:\kodein\kodein\app\Controllers\Home.php(10): view('index')
#8 A:\kodein\kodein\system\CodeIgniter.php(918): App\Controllers\Home->index()
#9 A:\kodein\kodein\system\CodeIgniter.php(404): CodeIgniter\CodeIgniter->runController(Object(App\Controllers\Home))
#10 A:\kodein\kodein\system\CodeIgniter.php(312): CodeIgniter\CodeIgniter->handleRequest(NULL, Object(Config\Cache), false)
#11 A:\kodein\kodein\public\index.php(45): CodeIgniter\CodeIgniter->run()
#12 A:\kodein\kodein\system\Commands\Server\rewrite.php(34): require_once('A:\\kodein\\kodei...')
#13 {main}
CRITICAL - 2021-05-25 02:21:27 --> Unable to connect to the database.
#0 A:\kodein\kodein\system\Database\BaseConnection.php(646): CodeIgniter\Database\BaseConnection->initialize()
#1 A:\kodein\kodein\system\Database\BaseBuilder.php(2249): CodeIgniter\Database\BaseConnection->query('INSERT INTO `pe...', Array, false)
#2 A:\kodein\kodein\app\Models\PengunjungModel.php(14): CodeIgniter\Database\BaseBuilder->insert(Array)
#3 A:\kodein\kodein\app\Controllers\hit.php(38): App\Models\PengunjungModel->add(Array)
#4 A:\kodein\kodein\app\Views\index.php(14): HitCounter->Hitung(NULL, 'Nexus 5')
#5 A:\kodein\kodein\system\View\View.php(246): include('A:\\kodein\\kodei...')
#6 A:\kodein\kodein\system\Common.php(1119): CodeIgniter\View\View->render('index', Array, true)
#7 A:\kodein\kodein\app\Controllers\Home.php(10): view('index')
#8 A:\kodein\kodein\system\CodeIgniter.php(918): App\Controllers\Home->index()
#9 A:\kodein\kodein\system\CodeIgniter.php(404): CodeIgniter\CodeIgniter->runController(Object(App\Controllers\Home))
#10 A:\kodein\kodein\system\CodeIgniter.php(312): CodeIgniter\CodeIgniter->handleRequest(NULL, Object(Config\Cache), false)
#11 A:\kodein\kodein\public\index.php(45): CodeIgniter\CodeIgniter->run()
#12 A:\kodein\kodein\system\Commands\Server\rewrite.php(34): require_once('A:\\kodein\\kodei...')
#13 {main}
CRITICAL - 2021-05-25 02:22:35 --> Unable to connect to the database.
#0 A:\kodein\kodein\system\Database\BaseConnection.php(646): CodeIgniter\Database\BaseConnection->initialize()
#1 A:\kodein\kodein\system\Database\BaseBuilder.php(2249): CodeIgniter\Database\BaseConnection->query('INSERT INTO `pe...', Array, false)
#2 A:\kodein\kodein\app\Models\PengunjungModel.php(14): CodeIgniter\Database\BaseBuilder->insert(Array)
#3 A:\kodein\kodein\app\Controllers\hit.php(38): App\Models\PengunjungModel->add(Array)
#4 A:\kodein\kodein\app\Views\index.php(14): HitCounter->Hitung(NULL, 'Nexus 5')
#5 A:\kodein\kodein\system\View\View.php(246): include('A:\\kodein\\kodei...')
#6 A:\kodein\kodein\system\Common.php(1119): CodeIgniter\View\View->render('index', Array, true)
#7 A:\kodein\kodein\app\Controllers\Home.php(10): view('index')
#8 A:\kodein\kodein\system\CodeIgniter.php(918): App\Controllers\Home->index()
#9 A:\kodein\kodein\system\CodeIgniter.php(404): CodeIgniter\CodeIgniter->runController(Object(App\Controllers\Home))
#10 A:\kodein\kodein\system\CodeIgniter.php(312): CodeIgniter\CodeIgniter->handleRequest(NULL, Object(Config\Cache), false)
#11 A:\kodein\kodein\public\index.php(45): CodeIgniter\CodeIgniter->run()
#12 A:\kodein\kodein\system\Commands\Server\rewrite.php(34): require_once('A:\\kodein\\kodei...')
#13 {main}
CRITICAL - 2021-05-25 02:25:57 --> Unable to connect to the database.
#0 A:\kodein\kodein\system\Database\BaseConnection.php(646): CodeIgniter\Database\BaseConnection->initialize()
#1 A:\kodein\kodein\system\Database\BaseBuilder.php(2249): CodeIgniter\Database\BaseConnection->query('INSERT INTO `pe...', Array, false)
#2 A:\kodein\kodein\app\Models\PengunjungModel.php(14): CodeIgniter\Database\BaseBuilder->insert(Array)
#3 A:\kodein\kodein\app\Controllers\hit.php(38): App\Models\PengunjungModel->add_visit(Array)
#4 A:\kodein\kodein\app\Views\index.php(14): HitCounter->Hitung(NULL, 'Nexus 5')
#5 A:\kodein\kodein\system\View\View.php(246): include('A:\\kodein\\kodei...')
#6 A:\kodein\kodein\system\Common.php(1119): CodeIgniter\View\View->render('index', Array, true)
#7 A:\kodein\kodein\app\Controllers\Home.php(10): view('index')
#8 A:\kodein\kodein\system\CodeIgniter.php(918): App\Controllers\Home->index()
#9 A:\kodein\kodein\system\CodeIgniter.php(404): CodeIgniter\CodeIgniter->runController(Object(App\Controllers\Home))
#10 A:\kodein\kodein\system\CodeIgniter.php(312): CodeIgniter\CodeIgniter->handleRequest(NULL, Object(Config\Cache), false)
#11 A:\kodein\kodein\public\index.php(45): CodeIgniter\CodeIgniter->run()
#12 A:\kodein\kodein\system\Commands\Server\rewrite.php(34): require_once('A:\\kodein\\kodei...')
#13 {main}
CRITICAL - 2021-05-25 02:27:15 --> Unable to connect to the database.
#0 A:\kodein\kodein\system\Database\BaseConnection.php(646): CodeIgniter\Database\BaseConnection->initialize()
#1 A:\kodein\kodein\system\Database\BaseBuilder.php(2249): CodeIgniter\Database\BaseConnection->query('INSERT INTO `pe...', Array, false)
#2 A:\kodein\kodein\app\Models\PengunjungModel.php(14): CodeIgniter\Database\BaseBuilder->insert(Array)
#3 A:\kodein\kodein\app\Controllers\hit.php(37): App\Models\PengunjungModel->add_visit(Array)
#4 A:\kodein\kodein\app\Views\index.php(14): HitCounter->Hitung(NULL, 'Nexus 5')
#5 A:\kodein\kodein\system\View\View.php(246): include('A:\\kodein\\kodei...')
#6 A:\kodein\kodein\system\Common.php(1119): CodeIgniter\View\View->render('index', Array, true)
#7 A:\kodein\kodein\app\Controllers\Home.php(10): view('index')
#8 A:\kodein\kodein\system\CodeIgniter.php(918): App\Controllers\Home->index()
#9 A:\kodein\kodein\system\CodeIgniter.php(404): CodeIgniter\CodeIgniter->runController(Object(App\Controllers\Home))
#10 A:\kodein\kodein\system\CodeIgniter.php(312): CodeIgniter\CodeIgniter->handleRequest(NULL, Object(Config\Cache), false)
#11 A:\kodein\kodein\public\index.php(45): CodeIgniter\CodeIgniter->run()
#12 A:\kodein\kodein\system\Commands\Server\rewrite.php(34): require_once('A:\\kodein\\kodei...')
#13 {main}
CRITICAL - 2021-05-25 02:30:35 --> Call to undefined method CodeIgniter\Database\MySQLi\Connection::insert()
#0 A:\kodein\kodein\app\Controllers\hit.php(37): App\Models\PengunjungModel->add_visit(Array)
#1 A:\kodein\kodein\app\Views\index.php(14): HitCounter->Hitung(NULL, 'Nexus 5')
#2 A:\kodein\kodein\system\View\View.php(246): include('A:\\kodein\\kodei...')
#3 A:\kodein\kodein\system\Common.php(1119): CodeIgniter\View\View->render('index', Array, true)
#4 A:\kodein\kodein\app\Controllers\Home.php(10): view('index')
#5 A:\kodein\kodein\system\CodeIgniter.php(918): App\Controllers\Home->index()
#6 A:\kodein\kodein\system\CodeIgniter.php(404): CodeIgniter\CodeIgniter->runController(Object(App\Controllers\Home))
#7 A:\kodein\kodein\system\CodeIgniter.php(312): CodeIgniter\CodeIgniter->handleRequest(NULL, Object(Config\Cache), false)
#8 A:\kodein\kodein\public\index.php(45): CodeIgniter\CodeIgniter->run()
#9 A:\kodein\kodein\system\Commands\Server\rewrite.php(34): require_once('A:\\kodein\\kodei...')
#10 {main}
CRITICAL - 2021-05-25 02:33:20 --> Unable to connect to the database.
#0 A:\kodein\kodein\system\Database\BaseConnection.php(646): CodeIgniter\Database\BaseConnection->initialize()
#1 A:\kodein\kodein\system\Model.php(1814): CodeIgniter\Database\BaseConnection->query('insert into pen...')
#2 A:\kodein\kodein\app\Controllers\hit.php(37): CodeIgniter\Model->__call('query', Array)
#3 A:\kodein\kodein\app\Views\index.php(14): HitCounter->Hitung(NULL, 'Nexus 5')
#4 A:\kodein\kodein\system\View\View.php(246): include('A:\\kodein\\kodei...')
#5 A:\kodein\kodein\system\Common.php(1119): CodeIgniter\View\View->render('index', Array, true)
#6 A:\kodein\kodein\app\Controllers\Home.php(10): view('index')
#7 A:\kodein\kodein\system\CodeIgniter.php(918): App\Controllers\Home->index()
#8 A:\kodein\kodein\system\CodeIgniter.php(404): CodeIgniter\CodeIgniter->runController(Object(App\Controllers\Home))
#9 A:\kodein\kodein\system\CodeIgniter.php(312): CodeIgniter\CodeIgniter->handleRequest(NULL, Object(Config\Cache), false)
#10 A:\kodein\kodein\public\index.php(45): CodeIgniter\CodeIgniter->run()
#11 A:\kodein\kodein\system\Commands\Server\rewrite.php(34): require_once('A:\\kodein\\kodei...')
#12 {main}
CRITICAL - 2021-05-25 02:37:21 --> Unable to connect to the database.
#0 A:\kodein\kodein\system\Database\BaseConnection.php(646): CodeIgniter\Database\BaseConnection->initialize()
#1 A:\kodein\kodein\system\Model.php(1814): CodeIgniter\Database\BaseConnection->query('insert into pen...')
#2 A:\kodein\kodein\app\Controllers\hit.php(41): CodeIgniter\Model->__call('query', Array)
#3 A:\kodein\kodein\app\Views\index.php(14): HitCounter->Hitung(NULL, 'Nexus 5')
#4 A:\kodein\kodein\system\View\View.php(246): include('A:\\kodein\\kodei...')
#5 A:\kodein\kodein\system\Common.php(1119): CodeIgniter\View\View->render('index', Array, true)
#6 A:\kodein\kodein\app\Controllers\Home.php(10): view('index')
#7 A:\kodein\kodein\system\CodeIgniter.php(918): App\Controllers\Home->index()
#8 A:\kodein\kodein\system\CodeIgniter.php(404): CodeIgniter\CodeIgniter->runController(Object(App\Controllers\Home))
#9 A:\kodein\kodein\system\CodeIgniter.php(312): CodeIgniter\CodeIgniter->handleRequest(NULL, Object(Config\Cache), false)
#10 A:\kodein\kodein\public\index.php(45): CodeIgniter\CodeIgniter->run()
#11 A:\kodein\kodein\system\Commands\Server\rewrite.php(34): require_once('A:\\kodein\\kodei...')
#12 {main}
CRITICAL - 2021-05-25 02:37:29 --> Unable to connect to the database.
#0 A:\kodein\kodein\system\Database\BaseConnection.php(646): CodeIgniter\Database\BaseConnection->initialize()
#1 A:\kodein\kodein\system\Model.php(1814): CodeIgniter\Database\BaseConnection->query('insert into pen...')
#2 A:\kodein\kodein\app\Controllers\hit.php(41): CodeIgniter\Model->__call('query', Array)
#3 A:\kodein\kodein\app\Views\index.php(14): HitCounter->Hitung(NULL, 'Nexus 5')
#4 A:\kodein\kodein\system\View\View.php(246): include('A:\\kodein\\kodei...')
#5 A:\kodein\kodein\system\Common.php(1119): CodeIgniter\View\View->render('index', Array, true)
#6 A:\kodein\kodein\app\Controllers\Home.php(10): view('index')
#7 A:\kodein\kodein\system\CodeIgniter.php(918): App\Controllers\Home->index()
#8 A:\kodein\kodein\system\CodeIgniter.php(404): CodeIgniter\CodeIgniter->runController(Object(App\Controllers\Home))
#9 A:\kodein\kodein\system\CodeIgniter.php(312): CodeIgniter\CodeIgniter->handleRequest(NULL, Object(Config\Cache), false)
#10 A:\kodein\kodein\public\index.php(45): CodeIgniter\CodeIgniter->run()
#11 A:\kodein\kodein\system\Commands\Server\rewrite.php(34): require_once('A:\\kodein\\kodei...')
#12 {main}
CRITICAL - 2021-05-25 02:39:46 --> Class 'HitCounter' not found
#0 A:\kodein\kodein\system\View\View.php(246): include()
#1 A:\kodein\kodein\system\Common.php(1119): CodeIgniter\View\View->render('index', Array, true)
#2 A:\kodein\kodein\app\Controllers\Home.php(10): view('index')
#3 A:\kodein\kodein\system\CodeIgniter.php(918): App\Controllers\Home->index()
#4 A:\kodein\kodein\system\CodeIgniter.php(404): CodeIgniter\CodeIgniter->runController(Object(App\Controllers\Home))
#5 A:\kodein\kodein\system\CodeIgniter.php(312): CodeIgniter\CodeIgniter->handleRequest(NULL, Object(Config\Cache), false)
#6 A:\kodein\kodein\public\index.php(45): CodeIgniter\CodeIgniter->run()
#7 A:\kodein\kodein\system\Commands\Server\rewrite.php(34): require_once('A:\\kodein\\kodei...')
#8 {main}
CRITICAL - 2021-05-25 02:42:32 --> Class 'App\Controllers\PengunjungModel' not found
#0 A:\kodein\kodein\system\CodeIgniter.php(918): App\Controllers\Home->index()
#1 A:\kodein\kodein\system\CodeIgniter.php(404): CodeIgniter\CodeIgniter->runController(Object(App\Controllers\Home))
#2 A:\kodein\kodein\system\CodeIgniter.php(312): CodeIgniter\CodeIgniter->handleRequest(NULL, Object(Config\Cache), false)
#3 A:\kodein\kodein\public\index.php(45): CodeIgniter\CodeIgniter->run()
#4 A:\kodein\kodein\system\Commands\Server\rewrite.php(34): require_once('A:\\kodein\\kodei...')
#5 {main}
CRITICAL - 2021-05-25 02:43:43 --> Class 'App\Controllers\PengunjungModel' not found
#0 A:\kodein\kodein\system\CodeIgniter.php(918): App\Controllers\Home->index()
#1 A:\kodein\kodein\system\CodeIgniter.php(404): CodeIgniter\CodeIgniter->runController(Object(App\Controllers\Home))
#2 A:\kodein\kodein\system\CodeIgniter.php(312): CodeIgniter\CodeIgniter->handleRequest(NULL, Object(Config\Cache), false)
#3 A:\kodein\kodein\public\index.php(45): CodeIgniter\CodeIgniter->run()
#4 A:\kodein\kodein\system\Commands\Server\rewrite.php(34): require_once('A:\\kodein\\kodei...')
#5 {main}
CRITICAL - 2021-05-25 02:43:58 --> Class 'App\Controllers\PengunjungModel' not found
#0 A:\kodein\kodein\system\CodeIgniter.php(918): App\Controllers\Home->index()
#1 A:\kodein\kodein\system\CodeIgniter.php(404): CodeIgniter\CodeIgniter->runController(Object(App\Controllers\Home))
#2 A:\kodein\kodein\system\CodeIgniter.php(312): CodeIgniter\CodeIgniter->handleRequest(NULL, Object(Config\Cache), false)
#3 A:\kodein\kodein\public\index.php(45): CodeIgniter\CodeIgniter->run()
#4 A:\kodein\kodein\system\Commands\Server\rewrite.php(34): require_once('A:\\kodein\\kodei...')
#5 {main}
CRITICAL - 2021-05-25 02:45:00 --> Class 'App\Controllers\PengunjungModel' not found
#0 A:\kodein\kodein\system\CodeIgniter.php(918): App\Controllers\Home->index()
#1 A:\kodein\kodein\system\CodeIgniter.php(404): CodeIgniter\CodeIgniter->runController(Object(App\Controllers\Home))
#2 A:\kodein\kodein\system\CodeIgniter.php(312): CodeIgniter\CodeIgniter->handleRequest(NULL, Object(Config\Cache), false)
#3 A:\kodein\kodein\public\index.php(45): CodeIgniter\CodeIgniter->run()
#4 A:\kodein\kodein\system\Commands\Server\rewrite.php(34): require_once('A:\\kodein\\kodei...')
#5 {main}
CRITICAL - 2021-05-25 02:46:18 --> Class 'App\Controllers\PengunjungModel' not found
#0 A:\kodein\kodein\system\CodeIgniter.php(918): App\Controllers\Home->index()
#1 A:\kodein\kodein\system\CodeIgniter.php(404): CodeIgniter\CodeIgniter->runController(Object(App\Controllers\Home))
#2 A:\kodein\kodein\system\CodeIgniter.php(312): CodeIgniter\CodeIgniter->handleRequest(NULL, Object(Config\Cache), false)
#3 A:\kodein\kodein\public\index.php(45): CodeIgniter\CodeIgniter->run()
#4 A:\kodein\kodein\system\Commands\Server\rewrite.php(34): require_once('A:\\kodein\\kodei...')
#5 {main}
CRITICAL - 2021-05-25 02:48:10 --> Unable to connect to the database.
#0 A:\kodein\kodein\system\Database\BaseConnection.php(646): CodeIgniter\Database\BaseConnection->initialize()
#1 A:\kodein\kodein\system\Model.php(1814): CodeIgniter\Database\BaseConnection->query('insert into pen...')
#2 A:\kodein\kodein\app\Controllers\Home.php(18): CodeIgniter\Model->__call('query', Array)
#3 A:\kodein\kodein\system\CodeIgniter.php(918): App\Controllers\Home->index()
#4 A:\kodein\kodein\system\CodeIgniter.php(404): CodeIgniter\CodeIgniter->runController(Object(App\Controllers\Home))
#5 A:\kodein\kodein\system\CodeIgniter.php(312): CodeIgniter\CodeIgniter->handleRequest(NULL, Object(Config\Cache), false)
#6 A:\kodein\kodein\public\index.php(45): CodeIgniter\CodeIgniter->run()
#7 A:\kodein\kodein\system\Commands\Server\rewrite.php(34): require_once('A:\\kodein\\kodei...')
#8 {main}
