CRITICAL - 2021-07-05 20:17:32 --> Call to undefined function App\Controllers\levelUp()
#0 A:\kodein\kodein.codes\system\CodeIgniter.php(918): App\Controllers\Home->dashboard_user()
#1 A:\kodein\kodein.codes\system\CodeIgniter.php(404): CodeIgniter\CodeIgniter->runController(Object(App\Controllers\Home))
#2 A:\kodein\kodein.codes\system\CodeIgniter.php(312): CodeIgniter\CodeIgniter->handleRequest(NULL, Object(Config\Cache), false)
#3 A:\kodein\kodein.codes\public\index.php(45): CodeIgniter\CodeIgniter->run()
#4 A:\kodein\kodein.codes\system\Commands\Server\rewrite.php(34): require_once('A:\\kodein\\kodei...')
#5 {main}
CRITICAL - 2021-07-05 20:17:55 --> Call to undefined function App\Controllers\levelUp()
#0 A:\kodein\kodein.codes\system\CodeIgniter.php(918): App\Controllers\Home->dashboard_user()
#1 A:\kodein\kodein.codes\system\CodeIgniter.php(404): CodeIgniter\CodeIgniter->runController(Object(App\Controllers\Home))
#2 A:\kodein\kodein.codes\system\CodeIgniter.php(312): CodeIgniter\CodeIgniter->handleRequest(NULL, Object(Config\Cache), false)
#3 A:\kodein\kodein.codes\public\index.php(45): CodeIgniter\CodeIgniter->run()
#4 A:\kodein\kodein.codes\system\Commands\Server\rewrite.php(34): require_once('A:\\kodein\\kodei...')
#5 {main}
CRITICAL - 2021-07-05 20:29:11 --> "continue" targeting switch is equivalent to "break". Did you mean to use "continue 2"?
#0 A:\kodein\kodein.codes\system\Autoloader\Autoloader.php(365): CodeIgniter\Debug\Exceptions->errorHandler(2, '"continue" targ...', 'A:\\kodein\\kodei...', 24, Array)
#1 A:\kodein\kodein.codes\system\Autoloader\Autoloader.php(365): require_once()
#2 A:\kodein\kodein.codes\system\Autoloader\Autoloader.php(296): CodeIgniter\Autoloader\Autoloader->requireFile('A:\\kodein\\kodei...')
#3 A:\kodein\kodein.codes\system\Autoloader\Autoloader.php(258): CodeIgniter\Autoloader\Autoloader->loadInNamespace('App\\Models\\Logi...')
#4 [internal function]: CodeIgniter\Autoloader\Autoloader->loadClass('App\\Models\\Logi...')
#5 A:\kodein\kodein.codes\app\Controllers\Home.php(120): spl_autoload_call('App\\Models\\Logi...')
#6 A:\kodein\kodein.codes\system\CodeIgniter.php(918): App\Controllers\Home->dashboard_user()
#7 A:\kodein\kodein.codes\system\CodeIgniter.php(404): CodeIgniter\CodeIgniter->runController(Object(App\Controllers\Home))
#8 A:\kodein\kodein.codes\system\CodeIgniter.php(312): CodeIgniter\CodeIgniter->handleRequest(NULL, Object(Config\Cache), false)
#9 A:\kodein\kodein.codes\public\index.php(45): CodeIgniter\CodeIgniter->run()
#10 A:\kodein\kodein.codes\system\Commands\Server\rewrite.php(34): require_once('A:\\kodein\\kodei...')
#11 {main}
CRITICAL - 2021-07-05 20:30:15 --> "continue" targeting switch is equivalent to "break". Did you mean to use "continue 2"?
#0 A:\kodein\kodein.codes\system\Autoloader\Autoloader.php(365): CodeIgniter\Debug\Exceptions->errorHandler(2, '"continue" targ...', 'A:\\kodein\\kodei...', 24, Array)
#1 A:\kodein\kodein.codes\system\Autoloader\Autoloader.php(365): require_once()
#2 A:\kodein\kodein.codes\system\Autoloader\Autoloader.php(296): CodeIgniter\Autoloader\Autoloader->requireFile('A:\\kodein\\kodei...')
#3 A:\kodein\kodein.codes\system\Autoloader\Autoloader.php(258): CodeIgniter\Autoloader\Autoloader->loadInNamespace('App\\Models\\Logi...')
#4 [internal function]: CodeIgniter\Autoloader\Autoloader->loadClass('App\\Models\\Logi...')
#5 A:\kodein\kodein.codes\app\Controllers\Home.php(120): spl_autoload_call('App\\Models\\Logi...')
#6 A:\kodein\kodein.codes\system\CodeIgniter.php(918): App\Controllers\Home->dashboard_user()
#7 A:\kodein\kodein.codes\system\CodeIgniter.php(404): CodeIgniter\CodeIgniter->runController(Object(App\Controllers\Home))
#8 A:\kodein\kodein.codes\system\CodeIgniter.php(312): CodeIgniter\CodeIgniter->handleRequest(NULL, Object(Config\Cache), false)
#9 A:\kodein\kodein.codes\public\index.php(45): CodeIgniter\CodeIgniter->run()
#10 A:\kodein\kodein.codes\system\Commands\Server\rewrite.php(34): require_once('A:\\kodein\\kodei...')
#11 {main}
CRITICAL - 2021-07-05 20:30:17 --> "continue" targeting switch is equivalent to "break". Did you mean to use "continue 2"?
#0 A:\kodein\kodein.codes\system\Autoloader\Autoloader.php(365): CodeIgniter\Debug\Exceptions->errorHandler(2, '"continue" targ...', 'A:\\kodein\\kodei...', 24, Array)
#1 A:\kodein\kodein.codes\system\Autoloader\Autoloader.php(365): require_once()
#2 A:\kodein\kodein.codes\system\Autoloader\Autoloader.php(296): CodeIgniter\Autoloader\Autoloader->requireFile('A:\\kodein\\kodei...')
#3 A:\kodein\kodein.codes\system\Autoloader\Autoloader.php(258): CodeIgniter\Autoloader\Autoloader->loadInNamespace('App\\Models\\Logi...')
#4 [internal function]: CodeIgniter\Autoloader\Autoloader->loadClass('App\\Models\\Logi...')
#5 A:\kodein\kodein.codes\app\Controllers\Home.php(120): spl_autoload_call('App\\Models\\Logi...')
#6 A:\kodein\kodein.codes\system\CodeIgniter.php(918): App\Controllers\Home->dashboard_user()
#7 A:\kodein\kodein.codes\system\CodeIgniter.php(404): CodeIgniter\CodeIgniter->runController(Object(App\Controllers\Home))
#8 A:\kodein\kodein.codes\system\CodeIgniter.php(312): CodeIgniter\CodeIgniter->handleRequest(NULL, Object(Config\Cache), false)
#9 A:\kodein\kodein.codes\public\index.php(45): CodeIgniter\CodeIgniter->run()
#10 A:\kodein\kodein.codes\system\Commands\Server\rewrite.php(34): require_once('A:\\kodein\\kodei...')
#11 {main}
CRITICAL - 2021-07-05 20:42:02 --> Use of undefined constant rookie - assumed 'rookie' (this will throw an Error in a future version of PHP)
#0 A:\kodein\kodein.codes\app\Models\LoginModel.php(26): CodeIgniter\Debug\Exceptions->errorHandler(2, 'Use of undefine...', 'A:\\kodein\\kodei...', 26, Array)
#1 A:\kodein\kodein.codes\app\Controllers\Home.php(12): App\Models\LoginModel->levelingUp(Array)
#2 A:\kodein\kodein.codes\app\Controllers\Home.php(139): App\Controllers\levelUp(Array)
#3 A:\kodein\kodein.codes\system\CodeIgniter.php(918): App\Controllers\Home->dashboard_user()
#4 A:\kodein\kodein.codes\system\CodeIgniter.php(404): CodeIgniter\CodeIgniter->runController(Object(App\Controllers\Home))
#5 A:\kodein\kodein.codes\system\CodeIgniter.php(312): CodeIgniter\CodeIgniter->handleRequest(NULL, Object(Config\Cache), false)
#6 A:\kodein\kodein.codes\public\index.php(45): CodeIgniter\CodeIgniter->run()
#7 A:\kodein\kodein.codes\system\Commands\Server\rewrite.php(34): require_once('A:\\kodein\\kodei...')
#8 {main}
