CRITICAL - 2022-05-11 09:21:51 --> A non-numeric value encountered
#0 A:\kodein\kodein.codes\app\Controllers\Home.php(63): CodeIgniter\Debug\Exceptions->errorHandler(2, 'A non-numeric v...', 'A:\\kodein\\kodei...', 63, Array)
#1 A:\kodein\kodein.codes\app\Controllers\Home.php(90): App\Controllers\Home->expiredToken('b0c048', 'mikhael.hosea@g...')
#2 A:\kodein\kodein.codes\system\CodeIgniter.php(918): App\Controllers\Home->cekTokenPost()
#3 A:\kodein\kodein.codes\system\CodeIgniter.php(404): CodeIgniter\CodeIgniter->runController(Object(App\Controllers\Home))
#4 A:\kodein\kodein.codes\system\CodeIgniter.php(312): CodeIgniter\CodeIgniter->handleRequest(NULL, Object(Config\Cache), false)
#5 A:\kodein\kodein.codes\public\index.php(45): CodeIgniter\CodeIgniter->run()
#6 A:\kodein\kodein.codes\system\Commands\Server\rewrite.php(34): require_once('A:\\kodein\\kodei...')
#7 {main}
CRITICAL - 2022-05-11 09:22:32 --> A non-numeric value encountered
#0 A:\kodein\kodein.codes\app\Controllers\Home.php(63): CodeIgniter\Debug\Exceptions->errorHandler(2, 'A non-numeric v...', 'A:\\kodein\\kodei...', 63, Array)
#1 A:\kodein\kodein.codes\app\Controllers\Home.php(90): App\Controllers\Home->expiredToken('b0c048', 'mikhael.hosea@g...')
#2 A:\kodein\kodein.codes\system\CodeIgniter.php(918): App\Controllers\Home->cekTokenPost()
#3 A:\kodein\kodein.codes\system\CodeIgniter.php(404): CodeIgniter\CodeIgniter->runController(Object(App\Controllers\Home))
#4 A:\kodein\kodein.codes\system\CodeIgniter.php(312): CodeIgniter\CodeIgniter->handleRequest(NULL, Object(Config\Cache), false)
#5 A:\kodein\kodein.codes\public\index.php(45): CodeIgniter\CodeIgniter->run()
#6 A:\kodein\kodein.codes\system\Commands\Server\rewrite.php(34): require_once('A:\\kodein\\kodei...')
#7 {main}
CRITICAL - 2022-05-11 09:22:55 --> A non-numeric value encountered
#0 A:\kodein\kodein.codes\app\Controllers\Home.php(63): CodeIgniter\Debug\Exceptions->errorHandler(2, 'A non-numeric v...', 'A:\\kodein\\kodei...', 63, Array)
#1 A:\kodein\kodein.codes\app\Controllers\Home.php(90): App\Controllers\Home->expiredToken('b0c048', 'mikhael.hosea@g...')
#2 A:\kodein\kodein.codes\system\CodeIgniter.php(918): App\Controllers\Home->cekTokenPost()
#3 A:\kodein\kodein.codes\system\CodeIgniter.php(404): CodeIgniter\CodeIgniter->runController(Object(App\Controllers\Home))
#4 A:\kodein\kodein.codes\system\CodeIgniter.php(312): CodeIgniter\CodeIgniter->handleRequest(NULL, Object(Config\Cache), false)
#5 A:\kodein\kodein.codes\public\index.php(45): CodeIgniter\CodeIgniter->run()
#6 A:\kodein\kodein.codes\system\Commands\Server\rewrite.php(34): require_once('A:\\kodein\\kodei...')
#7 {main}
CRITICAL - 2022-05-11 09:23:44 --> explode(): Empty delimiter
#0 [internal function]: CodeIgniter\Debug\Exceptions->errorHandler(2, 'explode(): Empt...', 'A:\\kodein\\kodei...', 59, Array)
#1 A:\kodein\kodein.codes\app\Controllers\Home.php(59): explode('', '2022-05-11 09:2...')
#2 A:\kodein\kodein.codes\app\Controllers\Home.php(90): App\Controllers\Home->expiredToken('b0c048', 'mikhael.hosea@g...')
#3 A:\kodein\kodein.codes\system\CodeIgniter.php(918): App\Controllers\Home->cekTokenPost()
#4 A:\kodein\kodein.codes\system\CodeIgniter.php(404): CodeIgniter\CodeIgniter->runController(Object(App\Controllers\Home))
#5 A:\kodein\kodein.codes\system\CodeIgniter.php(312): CodeIgniter\CodeIgniter->handleRequest(NULL, Object(Config\Cache), false)
#6 A:\kodein\kodein.codes\public\index.php(45): CodeIgniter\CodeIgniter->run()
#7 A:\kodein\kodein.codes\system\Commands\Server\rewrite.php(34): require_once('A:\\kodein\\kodei...')
#8 {main}
CRITICAL - 2022-05-11 09:26:35 --> A non-numeric value encountered
#0 A:\kodein\kodein.codes\app\Controllers\Home.php(63): CodeIgniter\Debug\Exceptions->errorHandler(2, 'A non-numeric v...', 'A:\\kodein\\kodei...', 63, Array)
#1 A:\kodein\kodein.codes\app\Controllers\Home.php(90): App\Controllers\Home->expiredToken('b0c048', 'mikhael.hosea@g...')
#2 A:\kodein\kodein.codes\system\CodeIgniter.php(918): App\Controllers\Home->cekTokenPost()
#3 A:\kodein\kodein.codes\system\CodeIgniter.php(404): CodeIgniter\CodeIgniter->runController(Object(App\Controllers\Home))
#4 A:\kodein\kodein.codes\system\CodeIgniter.php(312): CodeIgniter\CodeIgniter->handleRequest(NULL, Object(Config\Cache), false)
#5 A:\kodein\kodein.codes\public\index.php(45): CodeIgniter\CodeIgniter->run()
#6 A:\kodein\kodein.codes\system\Commands\Server\rewrite.php(34): require_once('A:\\kodein\\kodei...')
#7 {main}
CRITICAL - 2022-05-11 09:27:21 --> A non-numeric value encountered
#0 A:\kodein\kodein.codes\app\Controllers\Home.php(63): CodeIgniter\Debug\Exceptions->errorHandler(2, 'A non-numeric v...', 'A:\\kodein\\kodei...', 63, Array)
#1 A:\kodein\kodein.codes\app\Controllers\Home.php(90): App\Controllers\Home->expiredToken('b0c048', 'mikhael.hosea@g...')
#2 A:\kodein\kodein.codes\system\CodeIgniter.php(918): App\Controllers\Home->cekTokenPost()
#3 A:\kodein\kodein.codes\system\CodeIgniter.php(404): CodeIgniter\CodeIgniter->runController(Object(App\Controllers\Home))
#4 A:\kodein\kodein.codes\system\CodeIgniter.php(312): CodeIgniter\CodeIgniter->handleRequest(NULL, Object(Config\Cache), false)
#5 A:\kodein\kodein.codes\public\index.php(45): CodeIgniter\CodeIgniter->run()
#6 A:\kodein\kodein.codes\system\Commands\Server\rewrite.php(34): require_once('A:\\kodein\\kodei...')
#7 {main}
CRITICAL - 2022-05-11 09:27:37 --> A non-numeric value encountered
#0 A:\kodein\kodein.codes\app\Controllers\Home.php(63): CodeIgniter\Debug\Exceptions->errorHandler(2, 'A non-numeric v...', 'A:\\kodein\\kodei...', 63, Array)
#1 A:\kodein\kodein.codes\app\Controllers\Home.php(90): App\Controllers\Home->expiredToken('b0c048', 'mikhael.hosea@g...')
#2 A:\kodein\kodein.codes\system\CodeIgniter.php(918): App\Controllers\Home->cekTokenPost()
#3 A:\kodein\kodein.codes\system\CodeIgniter.php(404): CodeIgniter\CodeIgniter->runController(Object(App\Controllers\Home))
#4 A:\kodein\kodein.codes\system\CodeIgniter.php(312): CodeIgniter\CodeIgniter->handleRequest(NULL, Object(Config\Cache), false)
#5 A:\kodein\kodein.codes\public\index.php(45): CodeIgniter\CodeIgniter->run()
#6 A:\kodein\kodein.codes\system\Commands\Server\rewrite.php(34): require_once('A:\\kodein\\kodei...')
#7 {main}
CRITICAL - 2022-05-11 09:28:29 --> A non-numeric value encountered
#0 A:\kodein\kodein.codes\app\Controllers\Home.php(63): CodeIgniter\Debug\Exceptions->errorHandler(2, 'A non-numeric v...', 'A:\\kodein\\kodei...', 63, Array)
#1 A:\kodein\kodein.codes\app\Controllers\Home.php(90): App\Controllers\Home->expiredToken('b0c048', 'mikhael.hosea@g...')
#2 A:\kodein\kodein.codes\system\CodeIgniter.php(918): App\Controllers\Home->cekTokenPost()
#3 A:\kodein\kodein.codes\system\CodeIgniter.php(404): CodeIgniter\CodeIgniter->runController(Object(App\Controllers\Home))
#4 A:\kodein\kodein.codes\system\CodeIgniter.php(312): CodeIgniter\CodeIgniter->handleRequest(NULL, Object(Config\Cache), false)
#5 A:\kodein\kodein.codes\public\index.php(45): CodeIgniter\CodeIgniter->run()
#6 A:\kodein\kodein.codes\system\Commands\Server\rewrite.php(34): require_once('A:\\kodein\\kodei...')
#7 {main}
CRITICAL - 2022-05-11 09:28:45 --> A non-numeric value encountered
#0 A:\kodein\kodein.codes\app\Controllers\Home.php(63): CodeIgniter\Debug\Exceptions->errorHandler(2, 'A non-numeric v...', 'A:\\kodein\\kodei...', 63, Array)
#1 A:\kodein\kodein.codes\app\Controllers\Home.php(90): App\Controllers\Home->expiredToken('b0c048', 'mikhael.hosea@g...')
#2 A:\kodein\kodein.codes\system\CodeIgniter.php(918): App\Controllers\Home->cekTokenPost()
#3 A:\kodein\kodein.codes\system\CodeIgniter.php(404): CodeIgniter\CodeIgniter->runController(Object(App\Controllers\Home))
#4 A:\kodein\kodein.codes\system\CodeIgniter.php(312): CodeIgniter\CodeIgniter->handleRequest(NULL, Object(Config\Cache), false)
#5 A:\kodein\kodein.codes\public\index.php(45): CodeIgniter\CodeIgniter->run()
#6 A:\kodein\kodein.codes\system\Commands\Server\rewrite.php(34): require_once('A:\\kodein\\kodei...')
#7 {main}
CRITICAL - 2022-05-11 09:28:51 --> explode(): Empty delimiter
#0 [internal function]: CodeIgniter\Debug\Exceptions->errorHandler(2, 'explode(): Empt...', 'A:\\kodein\\kodei...', 59, Array)
#1 A:\kodein\kodein.codes\app\Controllers\Home.php(59): explode('', '2022-05-11 09:2...')
#2 A:\kodein\kodein.codes\app\Controllers\Home.php(90): App\Controllers\Home->expiredToken('b0c048', 'mikhael.hosea@g...')
#3 A:\kodein\kodein.codes\system\CodeIgniter.php(918): App\Controllers\Home->cekTokenPost()
#4 A:\kodein\kodein.codes\system\CodeIgniter.php(404): CodeIgniter\CodeIgniter->runController(Object(App\Controllers\Home))
#5 A:\kodein\kodein.codes\system\CodeIgniter.php(312): CodeIgniter\CodeIgniter->handleRequest(NULL, Object(Config\Cache), false)
#6 A:\kodein\kodein.codes\public\index.php(45): CodeIgniter\CodeIgniter->run()
#7 A:\kodein\kodein.codes\system\Commands\Server\rewrite.php(34): require_once('A:\\kodein\\kodei...')
#8 {main}
CRITICAL - 2022-05-11 09:29:08 --> A non-numeric value encountered
#0 A:\kodein\kodein.codes\app\Controllers\Home.php(63): CodeIgniter\Debug\Exceptions->errorHandler(2, 'A non-numeric v...', 'A:\\kodein\\kodei...', 63, Array)
#1 A:\kodein\kodein.codes\app\Controllers\Home.php(90): App\Controllers\Home->expiredToken('b0c048', 'mikhael.hosea@g...')
#2 A:\kodein\kodein.codes\system\CodeIgniter.php(918): App\Controllers\Home->cekTokenPost()
#3 A:\kodein\kodein.codes\system\CodeIgniter.php(404): CodeIgniter\CodeIgniter->runController(Object(App\Controllers\Home))
#4 A:\kodein\kodein.codes\system\CodeIgniter.php(312): CodeIgniter\CodeIgniter->handleRequest(NULL, Object(Config\Cache), false)
#5 A:\kodein\kodein.codes\public\index.php(45): CodeIgniter\CodeIgniter->run()
#6 A:\kodein\kodein.codes\system\Commands\Server\rewrite.php(34): require_once('A:\\kodein\\kodei...')
#7 {main}
CRITICAL - 2022-05-11 09:29:14 --> A non-numeric value encountered
#0 A:\kodein\kodein.codes\app\Controllers\Home.php(63): CodeIgniter\Debug\Exceptions->errorHandler(2, 'A non-numeric v...', 'A:\\kodein\\kodei...', 63, Array)
#1 A:\kodein\kodein.codes\app\Controllers\Home.php(90): App\Controllers\Home->expiredToken('b0c048', 'mikhael.hosea@g...')
#2 A:\kodein\kodein.codes\system\CodeIgniter.php(918): App\Controllers\Home->cekTokenPost()
#3 A:\kodein\kodein.codes\system\CodeIgniter.php(404): CodeIgniter\CodeIgniter->runController(Object(App\Controllers\Home))
#4 A:\kodein\kodein.codes\system\CodeIgniter.php(312): CodeIgniter\CodeIgniter->handleRequest(NULL, Object(Config\Cache), false)
#5 A:\kodein\kodein.codes\public\index.php(45): CodeIgniter\CodeIgniter->run()
#6 A:\kodein\kodein.codes\system\Commands\Server\rewrite.php(34): require_once('A:\\kodein\\kodei...')
#7 {main}
CRITICAL - 2022-05-11 09:32:18 --> A non-numeric value encountered
#0 A:\kodein\kodein.codes\app\Controllers\Home.php(63): CodeIgniter\Debug\Exceptions->errorHandler(2, 'A non-numeric v...', 'A:\\kodein\\kodei...', 63, Array)
#1 A:\kodein\kodein.codes\app\Controllers\Home.php(91): App\Controllers\Home->expiredToken('b0c048', 'mikhael.hosea@g...')
#2 A:\kodein\kodein.codes\system\CodeIgniter.php(918): App\Controllers\Home->cekTokenPost()
#3 A:\kodein\kodein.codes\system\CodeIgniter.php(404): CodeIgniter\CodeIgniter->runController(Object(App\Controllers\Home))
#4 A:\kodein\kodein.codes\system\CodeIgniter.php(312): CodeIgniter\CodeIgniter->handleRequest(NULL, Object(Config\Cache), false)
#5 A:\kodein\kodein.codes\public\index.php(45): CodeIgniter\CodeIgniter->run()
#6 A:\kodein\kodein.codes\system\Commands\Server\rewrite.php(34): require_once('A:\\kodein\\kodei...')
#7 {main}
CRITICAL - 2022-05-11 09:32:47 --> A non-numeric value encountered
#0 A:\kodein\kodein.codes\app\Controllers\Home.php(64): CodeIgniter\Debug\Exceptions->errorHandler(2, 'A non-numeric v...', 'A:\\kodein\\kodei...', 64, Array)
#1 A:\kodein\kodein.codes\app\Controllers\Home.php(91): App\Controllers\Home->expiredToken('b0c048', 'mikhael.hosea@g...')
#2 A:\kodein\kodein.codes\system\CodeIgniter.php(918): App\Controllers\Home->cekTokenPost()
#3 A:\kodein\kodein.codes\system\CodeIgniter.php(404): CodeIgniter\CodeIgniter->runController(Object(App\Controllers\Home))
#4 A:\kodein\kodein.codes\system\CodeIgniter.php(312): CodeIgniter\CodeIgniter->handleRequest(NULL, Object(Config\Cache), false)
#5 A:\kodein\kodein.codes\public\index.php(45): CodeIgniter\CodeIgniter->run()
#6 A:\kodein\kodein.codes\system\Commands\Server\rewrite.php(34): require_once('A:\\kodein\\kodei...')
#7 {main}
CRITICAL - 2022-05-11 09:33:00 --> A non-numeric value encountered
#0 A:\kodein\kodein.codes\app\Controllers\Home.php(64): CodeIgniter\Debug\Exceptions->errorHandler(2, 'A non-numeric v...', 'A:\\kodein\\kodei...', 64, Array)
#1 A:\kodein\kodein.codes\app\Controllers\Home.php(91): App\Controllers\Home->expiredToken('b0c048', 'mikhael.hosea@g...')
#2 A:\kodein\kodein.codes\system\CodeIgniter.php(918): App\Controllers\Home->cekTokenPost()
#3 A:\kodein\kodein.codes\system\CodeIgniter.php(404): CodeIgniter\CodeIgniter->runController(Object(App\Controllers\Home))
#4 A:\kodein\kodein.codes\system\CodeIgniter.php(312): CodeIgniter\CodeIgniter->handleRequest(NULL, Object(Config\Cache), false)
#5 A:\kodein\kodein.codes\public\index.php(45): CodeIgniter\CodeIgniter->run()
#6 A:\kodein\kodein.codes\system\Commands\Server\rewrite.php(34): require_once('A:\\kodein\\kodei...')
#7 {main}
CRITICAL - 2022-05-11 19:48:58 --> A non-numeric value encountered
#0 A:\kodein\kodein.codes\app\Controllers\Home.php(65): CodeIgniter\Debug\Exceptions->errorHandler(2, 'A non-numeric v...', 'A:\\kodein\\kodei...', 65, Array)
#1 A:\kodein\kodein.codes\app\Controllers\Home.php(93): App\Controllers\Home->expiredToken('d78eff', 'mikhael.hosea@g...')
#2 A:\kodein\kodein.codes\system\CodeIgniter.php(918): App\Controllers\Home->cekTokenPost()
#3 A:\kodein\kodein.codes\system\CodeIgniter.php(404): CodeIgniter\CodeIgniter->runController(Object(App\Controllers\Home))
#4 A:\kodein\kodein.codes\system\CodeIgniter.php(312): CodeIgniter\CodeIgniter->handleRequest(NULL, Object(Config\Cache), false)
#5 A:\kodein\kodein.codes\public\index.php(45): CodeIgniter\CodeIgniter->run()
#6 A:\kodein\kodein.codes\system\Commands\Server\rewrite.php(34): require_once('A:\\kodein\\kodei...')
#7 {main}
CRITICAL - 2022-05-11 19:49:22 --> A non-numeric value encountered
#0 A:\kodein\kodein.codes\app\Controllers\Home.php(65): CodeIgniter\Debug\Exceptions->errorHandler(2, 'A non-numeric v...', 'A:\\kodein\\kodei...', 65, Array)
#1 A:\kodein\kodein.codes\app\Controllers\Home.php(93): App\Controllers\Home->expiredToken('d78eff', 'mikhael.hosea@g...')
#2 A:\kodein\kodein.codes\system\CodeIgniter.php(918): App\Controllers\Home->cekTokenPost()
#3 A:\kodein\kodein.codes\system\CodeIgniter.php(404): CodeIgniter\CodeIgniter->runController(Object(App\Controllers\Home))
#4 A:\kodein\kodein.codes\system\CodeIgniter.php(312): CodeIgniter\CodeIgniter->handleRequest(NULL, Object(Config\Cache), false)
#5 A:\kodein\kodein.codes\public\index.php(45): CodeIgniter\CodeIgniter->run()
#6 A:\kodein\kodein.codes\system\Commands\Server\rewrite.php(34): require_once('A:\\kodein\\kodei...')
#7 {main}
