CRITICAL - 2021-07-09 18:47:35 --> Call to undefined method CodeIgniter\Validation\Validation::errors()
#0 A:\kodein\kodein.codes\system\CodeIgniter.php(918): App\Controllers\Home->register()
#1 A:\kodein\kodein.codes\system\CodeIgniter.php(404): CodeIgniter\CodeIgniter->runController(Object(App\Controllers\Home))
#2 A:\kodein\kodein.codes\system\CodeIgniter.php(312): CodeIgniter\CodeIgniter->handleRequest(NULL, Object(Config\Cache), false)
#3 A:\kodein\kodein.codes\public\index.php(45): CodeIgniter\CodeIgniter->run()
#4 A:\kodein\kodein.codes\system\Commands\Server\rewrite.php(34): require_once('A:\\kodein\\kodei...')
#5 {main}
CRITICAL - 2021-07-09 18:48:00 --> Call to undefined method App\Controllers\Home::errors()
#0 A:\kodein\kodein.codes\system\CodeIgniter.php(918): App\Controllers\Home->register()
#1 A:\kodein\kodein.codes\system\CodeIgniter.php(404): CodeIgniter\CodeIgniter->runController(Object(App\Controllers\Home))
#2 A:\kodein\kodein.codes\system\CodeIgniter.php(312): CodeIgniter\CodeIgniter->handleRequest(NULL, Object(Config\Cache), false)
#3 A:\kodein\kodein.codes\public\index.php(45): CodeIgniter\CodeIgniter->run()
#4 A:\kodein\kodein.codes\system\Commands\Server\rewrite.php(34): require_once('A:\\kodein\\kodei...')
#5 {main}
CRITICAL - 2021-07-09 18:50:33 --> Call to undefined method CodeIgniter\Validation\Validation::errors()
#0 A:\kodein\kodein.codes\system\CodeIgniter.php(918): App\Controllers\Home->register()
#1 A:\kodein\kodein.codes\system\CodeIgniter.php(404): CodeIgniter\CodeIgniter->runController(Object(App\Controllers\Home))
#2 A:\kodein\kodein.codes\system\CodeIgniter.php(312): CodeIgniter\CodeIgniter->handleRequest(NULL, Object(Config\Cache), false)
#3 A:\kodein\kodein.codes\public\index.php(45): CodeIgniter\CodeIgniter->run()
#4 A:\kodein\kodein.codes\system\Commands\Server\rewrite.php(34): require_once('A:\\kodein\\kodei...')
#5 {main}
CRITICAL - 2021-07-09 18:52:26 --> Call to protected method CodeIgniter\Validation\Validation::getErrorMessage() from context 'App\Controllers\Home'
#0 A:\kodein\kodein.codes\system\CodeIgniter.php(918): App\Controllers\Home->register()
#1 A:\kodein\kodein.codes\system\CodeIgniter.php(404): CodeIgniter\CodeIgniter->runController(Object(App\Controllers\Home))
#2 A:\kodein\kodein.codes\system\CodeIgniter.php(312): CodeIgniter\CodeIgniter->handleRequest(NULL, Object(Config\Cache), false)
#3 A:\kodein\kodein.codes\public\index.php(45): CodeIgniter\CodeIgniter->run()
#4 A:\kodein\kodein.codes\system\Commands\Server\rewrite.php(34): require_once('A:\\kodein\\kodei...')
#5 {main}
CRITICAL - 2021-07-09 18:52:44 --> Too few arguments to function CodeIgniter\Validation\Validation::showError(), 0 passed in A:\kodein\kodein.codes\app\Controllers\Home.php on line 70 and at least 1 expected
#0 A:\kodein\kodein.codes\app\Controllers\Home.php(70): CodeIgniter\Validation\Validation->showError()
#1 A:\kodein\kodein.codes\system\CodeIgniter.php(918): App\Controllers\Home->register()
#2 A:\kodein\kodein.codes\system\CodeIgniter.php(404): CodeIgniter\CodeIgniter->runController(Object(App\Controllers\Home))
#3 A:\kodein\kodein.codes\system\CodeIgniter.php(312): CodeIgniter\CodeIgniter->handleRequest(NULL, Object(Config\Cache), false)
#4 A:\kodein\kodein.codes\public\index.php(45): CodeIgniter\CodeIgniter->run()
#5 A:\kodein\kodein.codes\system\Commands\Server\rewrite.php(34): require_once('A:\\kodein\\kodei...')
#6 {main}
