CRITICAL - 2021-08-25 00:04:45 --> Cannot use object of type App\Models\LoginModel as array
#0 A:\kodein\kodein.codes\system\CodeIgniter.php(918): App\Controllers\AdminController->login()
#1 A:\kodein\kodein.codes\system\CodeIgniter.php(404): CodeIgniter\CodeIgniter->runController(Object(App\Controllers\AdminController))
#2 A:\kodein\kodein.codes\system\CodeIgniter.php(312): CodeIgniter\CodeIgniter->handleRequest(NULL, Object(Config\Cache), false)
#3 A:\kodein\kodein.codes\public\index.php(45): CodeIgniter\CodeIgniter->run()
#4 A:\kodein\kodein.codes\system\Commands\Server\rewrite.php(34): require_once('A:\\kodein\\kodei...')
#5 {main}
CRITICAL - 2021-08-25 00:04:53 --> Cannot use object of type App\Models\LoginModel as array
#0 A:\kodein\kodein.codes\system\CodeIgniter.php(918): App\Controllers\AdminController->login()
#1 A:\kodein\kodein.codes\system\CodeIgniter.php(404): CodeIgniter\CodeIgniter->runController(Object(App\Controllers\AdminController))
#2 A:\kodein\kodein.codes\system\CodeIgniter.php(312): CodeIgniter\CodeIgniter->handleRequest(NULL, Object(Config\Cache), false)
#3 A:\kodein\kodein.codes\public\index.php(45): CodeIgniter\CodeIgniter->run()
#4 A:\kodein\kodein.codes\system\Commands\Server\rewrite.php(34): require_once('A:\\kodein\\kodei...')
#5 {main}
CRITICAL - 2021-08-25 00:05:32 --> Cannot use object of type App\Models\LoginModel as array
#0 A:\kodein\kodein.codes\system\CodeIgniter.php(918): App\Controllers\AdminController->login()
#1 A:\kodein\kodein.codes\system\CodeIgniter.php(404): CodeIgniter\CodeIgniter->runController(Object(App\Controllers\AdminController))
#2 A:\kodein\kodein.codes\system\CodeIgniter.php(312): CodeIgniter\CodeIgniter->handleRequest(NULL, Object(Config\Cache), false)
#3 A:\kodein\kodein.codes\public\index.php(45): CodeIgniter\CodeIgniter->run()
#4 A:\kodein\kodein.codes\system\Commands\Server\rewrite.php(34): require_once('A:\\kodein\\kodei...')
#5 {main}
CRITICAL - 2021-08-25 00:06:20 --> Cannot use object of type App\Models\LoginModel as array
#0 A:\kodein\kodein.codes\system\CodeIgniter.php(918): App\Controllers\AdminController->login()
#1 A:\kodein\kodein.codes\system\CodeIgniter.php(404): CodeIgniter\CodeIgniter->runController(Object(App\Controllers\AdminController))
#2 A:\kodein\kodein.codes\system\CodeIgniter.php(312): CodeIgniter\CodeIgniter->handleRequest(NULL, Object(Config\Cache), false)
#3 A:\kodein\kodein.codes\public\index.php(45): CodeIgniter\CodeIgniter->run()
#4 A:\kodein\kodein.codes\system\Commands\Server\rewrite.php(34): require_once('A:\\kodein\\kodei...')
#5 {main}
CRITICAL - 2021-08-25 00:09:02 --> Call to a member function query() on null
#0 A:\kodein\kodein.codes\system\View\View.php(246): include()
#1 A:\kodein\kodein.codes\system\Common.php(1119): CodeIgniter\View\View->render('admins/dashboar...', Array, true)
#2 A:\kodein\kodein.codes\app\Controllers\AdminController.php(41): view('admins/dashboar...')
#3 A:\kodein\kodein.codes\system\CodeIgniter.php(918): App\Controllers\AdminController->dashboardAdmin()
#4 A:\kodein\kodein.codes\system\CodeIgniter.php(404): CodeIgniter\CodeIgniter->runController(Object(App\Controllers\AdminController))
#5 A:\kodein\kodein.codes\system\CodeIgniter.php(312): CodeIgniter\CodeIgniter->handleRequest(NULL, Object(Config\Cache), false)
#6 A:\kodein\kodein.codes\public\index.php(45): CodeIgniter\CodeIgniter->run()
#7 A:\kodein\kodein.codes\system\Commands\Server\rewrite.php(34): require_once('A:\\kodein\\kodei...')
#8 {main}
CRITICAL - 2021-08-25 00:10:22 --> mysqli_fetch_assoc() expects parameter 1 to be mysqli_result, string given
#0 [internal function]: CodeIgniter\Debug\Exceptions->errorHandler(2, 'mysqli_fetch_as...', 'A:\\kodein\\kodei...', 386, Array)
#1 A:\kodein\kodein.codes\app\Views\admins\dashboard.php(386): mysqli_fetch_assoc('')
#2 A:\kodein\kodein.codes\system\View\View.php(246): include('A:\\kodein\\kodei...')
#3 A:\kodein\kodein.codes\system\Common.php(1119): CodeIgniter\View\View->render('admins/dashboar...', Array, true)
#4 A:\kodein\kodein.codes\app\Controllers\AdminController.php(41): view('admins/dashboar...')
#5 A:\kodein\kodein.codes\system\CodeIgniter.php(918): App\Controllers\AdminController->dashboardAdmin()
#6 A:\kodein\kodein.codes\system\CodeIgniter.php(404): CodeIgniter\CodeIgniter->runController(Object(App\Controllers\AdminController))
#7 A:\kodein\kodein.codes\system\CodeIgniter.php(312): CodeIgniter\CodeIgniter->handleRequest(NULL, Object(Config\Cache), false)
#8 A:\kodein\kodein.codes\public\index.php(45): CodeIgniter\CodeIgniter->run()
#9 A:\kodein\kodein.codes\system\Commands\Server\rewrite.php(34): require_once('A:\\kodein\\kodei...')
#10 {main}
CRITICAL - 2021-08-25 06:39:50 --> Call to a member function query() on null
#0 A:\kodein\kodein.codes\system\View\View.php(246): include()
#1 A:\kodein\kodein.codes\system\Common.php(1119): CodeIgniter\View\View->render('admins/update_a...', Array, true)
#2 A:\kodein\kodein.codes\app\Controllers\AdminController.php(47): view('admins/update_a...', Array)
#3 A:\kodein\kodein.codes\system\CodeIgniter.php(918): App\Controllers\AdminController->updateSiswa('pelajar-2021061...')
#4 A:\kodein\kodein.codes\system\CodeIgniter.php(404): CodeIgniter\CodeIgniter->runController(Object(App\Controllers\AdminController))
#5 A:\kodein\kodein.codes\system\CodeIgniter.php(312): CodeIgniter\CodeIgniter->handleRequest(NULL, Object(Config\Cache), false)
#6 A:\kodein\kodein.codes\public\index.php(45): CodeIgniter\CodeIgniter->run()
#7 A:\kodein\kodein.codes\system\Commands\Server\rewrite.php(34): require_once('A:\\kodein\\kodei...')
#8 {main}
CRITICAL - 2021-08-25 07:27:59 --> Call to undefined method CodeIgniter\Database\MySQLi\Builder::save()
#0 A:\kodein\kodein.codes\app\Controllers\AdminController.php(63): App\Models\LoginModel->adminUpdateSiswa(Array)
#1 A:\kodein\kodein.codes\system\CodeIgniter.php(918): App\Controllers\AdminController->prosesUpdatesSiswa()
#2 A:\kodein\kodein.codes\system\CodeIgniter.php(404): CodeIgniter\CodeIgniter->runController(Object(App\Controllers\AdminController))
#3 A:\kodein\kodein.codes\system\CodeIgniter.php(312): CodeIgniter\CodeIgniter->handleRequest(NULL, Object(Config\Cache), false)
#4 A:\kodein\kodein.codes\public\index.php(45): CodeIgniter\CodeIgniter->run()
#5 A:\kodein\kodein.codes\system\Commands\Server\rewrite.php(34): require_once('A:\\kodein\\kodei...')
#6 {main}
CRITICAL - 2021-08-25 07:47:01 --> Too few arguments to function CodeIgniter\Router\RouteCollection::get(), 1 passed in A:\kodein\kodein.codes\app\Config\Routes.php on line 57 and at least 2 expected
#0 A:\kodein\kodein.codes\app\Config\Routes.php(57): CodeIgniter\Router\RouteCollection->get('/admin/deleteSi...')
#1 A:\kodein\kodein.codes\system\CodeIgniter.php(780): require('A:\\kodein\\kodei...')
#2 A:\kodein\kodein.codes\system\CodeIgniter.php(364): CodeIgniter\CodeIgniter->tryToRouteIt(Object(CodeIgniter\Router\RouteCollection))
#3 A:\kodein\kodein.codes\system\CodeIgniter.php(312): CodeIgniter\CodeIgniter->handleRequest(NULL, Object(Config\Cache), false)
#4 A:\kodein\kodein.codes\public\index.php(45): CodeIgniter\CodeIgniter->run()
#5 A:\kodein\kodein.codes\system\Commands\Server\rewrite.php(34): require_once('A:\\kodein\\kodei...')
#6 {main}
CRITICAL - 2021-08-25 07:47:36 --> Cannot use object of type mysqli_result as array
#0 A:\kodein\kodein.codes\system\View\View.php(246): include()
#1 A:\kodein\kodein.codes\system\Common.php(1119): CodeIgniter\View\View->render('admins/dashboar...', Array, true)
#2 A:\kodein\kodein.codes\app\Controllers\AdminController.php(41): view('admins/dashboar...')
#3 A:\kodein\kodein.codes\system\CodeIgniter.php(918): App\Controllers\AdminController->dashboardAdmin()
#4 A:\kodein\kodein.codes\system\CodeIgniter.php(404): CodeIgniter\CodeIgniter->runController(Object(App\Controllers\AdminController))
#5 A:\kodein\kodein.codes\system\CodeIgniter.php(312): CodeIgniter\CodeIgniter->handleRequest(NULL, Object(Config\Cache), false)
#6 A:\kodein\kodein.codes\public\index.php(45): CodeIgniter\CodeIgniter->run()
#7 A:\kodein\kodein.codes\system\Commands\Server\rewrite.php(34): require_once('A:\\kodein\\kodei...')
#8 {main}
CRITICAL - 2021-08-25 07:50:02 --> Cannot use object of type mysqli_result as array
#0 A:\kodein\kodein.codes\system\View\View.php(246): include()
#1 A:\kodein\kodein.codes\system\Common.php(1119): CodeIgniter\View\View->render('admins/dashboar...', Array, true)
#2 A:\kodein\kodein.codes\app\Controllers\AdminController.php(41): view('admins/dashboar...')
#3 A:\kodein\kodein.codes\system\CodeIgniter.php(918): App\Controllers\AdminController->dashboardAdmin()
#4 A:\kodein\kodein.codes\system\CodeIgniter.php(404): CodeIgniter\CodeIgniter->runController(Object(App\Controllers\AdminController))
#5 A:\kodein\kodein.codes\system\CodeIgniter.php(312): CodeIgniter\CodeIgniter->handleRequest(NULL, Object(Config\Cache), false)
#6 A:\kodein\kodein.codes\public\index.php(45): CodeIgniter\CodeIgniter->run()
#7 A:\kodein\kodein.codes\system\Commands\Server\rewrite.php(34): require_once('A:\\kodein\\kodei...')
#8 {main}
CRITICAL - 2021-08-25 07:50:45 --> Cannot use object of type mysqli_result as array
#0 A:\kodein\kodein.codes\system\View\View.php(246): include()
#1 A:\kodein\kodein.codes\system\Common.php(1119): CodeIgniter\View\View->render('admins/dashboar...', Array, true)
#2 A:\kodein\kodein.codes\app\Controllers\AdminController.php(41): view('admins/dashboar...')
#3 A:\kodein\kodein.codes\system\CodeIgniter.php(918): App\Controllers\AdminController->dashboardAdmin()
#4 A:\kodein\kodein.codes\system\CodeIgniter.php(404): CodeIgniter\CodeIgniter->runController(Object(App\Controllers\AdminController))
#5 A:\kodein\kodein.codes\system\CodeIgniter.php(312): CodeIgniter\CodeIgniter->handleRequest(NULL, Object(Config\Cache), false)
#6 A:\kodein\kodein.codes\public\index.php(45): CodeIgniter\CodeIgniter->run()
#7 A:\kodein\kodein.codes\system\Commands\Server\rewrite.php(34): require_once('A:\\kodein\\kodei...')
#8 {main}
CRITICAL - 2021-08-25 07:52:47 --> Cannot use object of type mysqli_result as array
#0 A:\kodein\kodein.codes\system\View\View.php(246): include()
#1 A:\kodein\kodein.codes\system\Common.php(1119): CodeIgniter\View\View->render('admins/dashboar...', Array, true)
#2 A:\kodein\kodein.codes\app\Controllers\AdminController.php(41): view('admins/dashboar...')
#3 A:\kodein\kodein.codes\system\CodeIgniter.php(918): App\Controllers\AdminController->dashboardAdmin()
#4 A:\kodein\kodein.codes\system\CodeIgniter.php(404): CodeIgniter\CodeIgniter->runController(Object(App\Controllers\AdminController))
#5 A:\kodein\kodein.codes\system\CodeIgniter.php(312): CodeIgniter\CodeIgniter->handleRequest(NULL, Object(Config\Cache), false)
#6 A:\kodein\kodein.codes\public\index.php(45): CodeIgniter\CodeIgniter->run()
#7 A:\kodein\kodein.codes\system\Commands\Server\rewrite.php(34): require_once('A:\\kodein\\kodei...')
#8 {main}
CRITICAL - 2021-08-25 07:53:09 --> Cannot use object of type mysqli_result as array
#0 A:\kodein\kodein.codes\system\View\View.php(246): include()
#1 A:\kodein\kodein.codes\system\Common.php(1119): CodeIgniter\View\View->render('admins/dashboar...', Array, true)
#2 A:\kodein\kodein.codes\app\Controllers\AdminController.php(41): view('admins/dashboar...')
#3 A:\kodein\kodein.codes\system\CodeIgniter.php(918): App\Controllers\AdminController->dashboardAdmin()
#4 A:\kodein\kodein.codes\system\CodeIgniter.php(404): CodeIgniter\CodeIgniter->runController(Object(App\Controllers\AdminController))
#5 A:\kodein\kodein.codes\system\CodeIgniter.php(312): CodeIgniter\CodeIgniter->handleRequest(NULL, Object(Config\Cache), false)
#6 A:\kodein\kodein.codes\public\index.php(45): CodeIgniter\CodeIgniter->run()
#7 A:\kodein\kodein.codes\system\Commands\Server\rewrite.php(34): require_once('A:\\kodein\\kodei...')
#8 {main}
CRITICAL - 2021-08-25 07:53:39 --> Cannot use object of type mysqli_result as array
#0 A:\kodein\kodein.codes\system\View\View.php(246): include()
#1 A:\kodein\kodein.codes\system\Common.php(1119): CodeIgniter\View\View->render('admins/dashboar...', Array, true)
#2 A:\kodein\kodein.codes\app\Controllers\AdminController.php(41): view('admins/dashboar...')
#3 A:\kodein\kodein.codes\system\CodeIgniter.php(918): App\Controllers\AdminController->dashboardAdmin()
#4 A:\kodein\kodein.codes\system\CodeIgniter.php(404): CodeIgniter\CodeIgniter->runController(Object(App\Controllers\AdminController))
#5 A:\kodein\kodein.codes\system\CodeIgniter.php(312): CodeIgniter\CodeIgniter->handleRequest(NULL, Object(Config\Cache), false)
#6 A:\kodein\kodein.codes\public\index.php(45): CodeIgniter\CodeIgniter->run()
#7 A:\kodein\kodein.codes\system\Commands\Server\rewrite.php(34): require_once('A:\\kodein\\kodei...')
#8 {main}
CRITICAL - 2021-08-25 07:54:16 --> Cannot use object of type mysqli_result as array
#0 A:\kodein\kodein.codes\system\View\View.php(246): include()
#1 A:\kodein\kodein.codes\system\Common.php(1119): CodeIgniter\View\View->render('admins/dashboar...', Array, true)
#2 A:\kodein\kodein.codes\app\Controllers\AdminController.php(41): view('admins/dashboar...')
#3 A:\kodein\kodein.codes\system\CodeIgniter.php(918): App\Controllers\AdminController->dashboardAdmin()
#4 A:\kodein\kodein.codes\system\CodeIgniter.php(404): CodeIgniter\CodeIgniter->runController(Object(App\Controllers\AdminController))
#5 A:\kodein\kodein.codes\system\CodeIgniter.php(312): CodeIgniter\CodeIgniter->handleRequest(NULL, Object(Config\Cache), false)
#6 A:\kodein\kodein.codes\public\index.php(45): CodeIgniter\CodeIgniter->run()
#7 A:\kodein\kodein.codes\system\Commands\Server\rewrite.php(34): require_once('A:\\kodein\\kodei...')
#8 {main}
CRITICAL - 2021-08-25 07:55:01 --> Cannot use object of type mysqli_result as array
#0 A:\kodein\kodein.codes\system\View\View.php(246): include()
#1 A:\kodein\kodein.codes\system\Common.php(1119): CodeIgniter\View\View->render('admins/dashboar...', Array, true)
#2 A:\kodein\kodein.codes\app\Controllers\AdminController.php(41): view('admins/dashboar...')
#3 A:\kodein\kodein.codes\system\CodeIgniter.php(918): App\Controllers\AdminController->dashboardAdmin()
#4 A:\kodein\kodein.codes\system\CodeIgniter.php(404): CodeIgniter\CodeIgniter->runController(Object(App\Controllers\AdminController))
#5 A:\kodein\kodein.codes\system\CodeIgniter.php(312): CodeIgniter\CodeIgniter->handleRequest(NULL, Object(Config\Cache), false)
#6 A:\kodein\kodein.codes\public\index.php(45): CodeIgniter\CodeIgniter->run()
#7 A:\kodein\kodein.codes\system\Commands\Server\rewrite.php(34): require_once('A:\\kodein\\kodei...')
#8 {main}
CRITICAL - 2021-08-25 07:55:11 --> Cannot use object of type mysqli_result as array
#0 A:\kodein\kodein.codes\system\View\View.php(246): include()
#1 A:\kodein\kodein.codes\system\Common.php(1119): CodeIgniter\View\View->render('admins/dashboar...', Array, true)
#2 A:\kodein\kodein.codes\app\Controllers\AdminController.php(41): view('admins/dashboar...')
#3 A:\kodein\kodein.codes\system\CodeIgniter.php(918): App\Controllers\AdminController->dashboardAdmin()
#4 A:\kodein\kodein.codes\system\CodeIgniter.php(404): CodeIgniter\CodeIgniter->runController(Object(App\Controllers\AdminController))
#5 A:\kodein\kodein.codes\system\CodeIgniter.php(312): CodeIgniter\CodeIgniter->handleRequest(NULL, Object(Config\Cache), false)
#6 A:\kodein\kodein.codes\public\index.php(45): CodeIgniter\CodeIgniter->run()
#7 A:\kodein\kodein.codes\system\Commands\Server\rewrite.php(34): require_once('A:\\kodein\\kodei...')
#8 {main}
CRITICAL - 2021-08-25 07:55:21 --> Cannot use object of type mysqli_result as array
#0 A:\kodein\kodein.codes\system\View\View.php(246): include()
#1 A:\kodein\kodein.codes\system\Common.php(1119): CodeIgniter\View\View->render('admins/dashboar...', Array, true)
#2 A:\kodein\kodein.codes\app\Controllers\AdminController.php(41): view('admins/dashboar...')
#3 A:\kodein\kodein.codes\system\CodeIgniter.php(918): App\Controllers\AdminController->dashboardAdmin()
#4 A:\kodein\kodein.codes\system\CodeIgniter.php(404): CodeIgniter\CodeIgniter->runController(Object(App\Controllers\AdminController))
#5 A:\kodein\kodein.codes\system\CodeIgniter.php(312): CodeIgniter\CodeIgniter->handleRequest(NULL, Object(Config\Cache), false)
#6 A:\kodein\kodein.codes\public\index.php(45): CodeIgniter\CodeIgniter->run()
#7 A:\kodein\kodein.codes\system\Commands\Server\rewrite.php(34): require_once('A:\\kodein\\kodei...')
#8 {main}
