CRITICAL - 2022-06-18 09:08:25 --> readfile(../Views/Template/navbar.php): failed to open stream: No such file or directory
#0 [internal function]: CodeIgniter\Debug\Exceptions->errorHandler(2, 'readfile(../Vie...', 'A:\\kodein\\kodei...', 89, Array)
#1 A:\kodein\kodein.codes\app\Views\index.php(89): readfile('../Views/Templa...')
#2 A:\kodein\kodein.codes\system\View\View.php(246): include('A:\\kodein\\kodei...')
#3 A:\kodein\kodein.codes\system\Common.php(1119): CodeIgniter\View\View->render('index', Array, true)
#4 A:\kodein\kodein.codes\app\Controllers\Home.php(27): view('index', Array)
#5 A:\kodein\kodein.codes\system\CodeIgniter.php(918): App\Controllers\Home->index()
#6 A:\kodein\kodein.codes\system\CodeIgniter.php(404): CodeIgniter\CodeIgniter->runController(Object(App\Controllers\Home))
#7 A:\kodein\kodein.codes\system\CodeIgniter.php(312): CodeIgniter\CodeIgniter->handleRequest(NULL, Object(Config\Cache), false)
#8 A:\kodein\kodein.codes\public\index.php(45): CodeIgniter\CodeIgniter->run()
#9 A:\kodein\kodein.codes\system\Commands\Server\rewrite.php(34): require_once('A:\\kodein\\kodei...')
#10 {main}
CRITICAL - 2022-06-18 09:08:30 --> readfile(../Views/Template/navbar.php): failed to open stream: No such file or directory
#0 [internal function]: CodeIgniter\Debug\Exceptions->errorHandler(2, 'readfile(../Vie...', 'A:\\kodein\\kodei...', 89, Array)
#1 A:\kodein\kodein.codes\app\Views\index.php(89): readfile('../Views/Templa...')
#2 A:\kodein\kodein.codes\system\View\View.php(246): include('A:\\kodein\\kodei...')
#3 A:\kodein\kodein.codes\system\Common.php(1119): CodeIgniter\View\View->render('index', Array, true)
#4 A:\kodein\kodein.codes\app\Controllers\Home.php(27): view('index', Array)
#5 A:\kodein\kodein.codes\system\CodeIgniter.php(918): App\Controllers\Home->index()
#6 A:\kodein\kodein.codes\system\CodeIgniter.php(404): CodeIgniter\CodeIgniter->runController(Object(App\Controllers\Home))
#7 A:\kodein\kodein.codes\system\CodeIgniter.php(312): CodeIgniter\CodeIgniter->handleRequest(NULL, Object(Config\Cache), false)
#8 A:\kodein\kodein.codes\public\index.php(45): CodeIgniter\CodeIgniter->run()
#9 A:\kodein\kodein.codes\system\Commands\Server\rewrite.php(34): require_once('A:\\kodein\\kodei...')
#10 {main}
CRITICAL - 2022-06-18 09:10:28 --> require(../Views/Template/navbar.php): failed to open stream: No such file or directory
#0 A:\kodein\kodein.codes\app\Views\index.php(89): CodeIgniter\Debug\Exceptions->errorHandler(2, 'require(../View...', 'A:\\kodein\\kodei...', 89, Array)
#1 A:\kodein\kodein.codes\app\Views\index.php(89): require()
#2 A:\kodein\kodein.codes\system\View\View.php(246): include('A:\\kodein\\kodei...')
#3 A:\kodein\kodein.codes\system\Common.php(1119): CodeIgniter\View\View->render('index', Array, true)
#4 A:\kodein\kodein.codes\app\Controllers\Home.php(27): view('index', Array)
#5 A:\kodein\kodein.codes\system\CodeIgniter.php(918): App\Controllers\Home->index()
#6 A:\kodein\kodein.codes\system\CodeIgniter.php(404): CodeIgniter\CodeIgniter->runController(Object(App\Controllers\Home))
#7 A:\kodein\kodein.codes\system\CodeIgniter.php(312): CodeIgniter\CodeIgniter->handleRequest(NULL, Object(Config\Cache), false)
#8 A:\kodein\kodein.codes\public\index.php(45): CodeIgniter\CodeIgniter->run()
#9 A:\kodein\kodein.codes\system\Commands\Server\rewrite.php(34): require_once('A:\\kodein\\kodei...')
#10 {main}
CRITICAL - 2022-06-18 09:10:41 --> require(./Template/navbar): failed to open stream: No such file or directory
#0 A:\kodein\kodein.codes\app\Views\index.php(89): CodeIgniter\Debug\Exceptions->errorHandler(2, 'require(./Templ...', 'A:\\kodein\\kodei...', 89, Array)
#1 A:\kodein\kodein.codes\app\Views\index.php(89): require()
#2 A:\kodein\kodein.codes\system\View\View.php(246): include('A:\\kodein\\kodei...')
#3 A:\kodein\kodein.codes\system\Common.php(1119): CodeIgniter\View\View->render('index', Array, true)
#4 A:\kodein\kodein.codes\app\Controllers\Home.php(27): view('index', Array)
#5 A:\kodein\kodein.codes\system\CodeIgniter.php(918): App\Controllers\Home->index()
#6 A:\kodein\kodein.codes\system\CodeIgniter.php(404): CodeIgniter\CodeIgniter->runController(Object(App\Controllers\Home))
#7 A:\kodein\kodein.codes\system\CodeIgniter.php(312): CodeIgniter\CodeIgniter->handleRequest(NULL, Object(Config\Cache), false)
#8 A:\kodein\kodein.codes\public\index.php(45): CodeIgniter\CodeIgniter->run()
#9 A:\kodein\kodein.codes\system\Commands\Server\rewrite.php(34): require_once('A:\\kodein\\kodei...')
#10 {main}
CRITICAL - 2022-06-18 09:12:50 --> require(./Template/navbar.php): failed to open stream: No such file or directory
#0 A:\kodein\kodein.codes\app\Views\index.php(89): CodeIgniter\Debug\Exceptions->errorHandler(2, 'require(./Templ...', 'A:\\kodein\\kodei...', 89, Array)
#1 A:\kodein\kodein.codes\app\Views\index.php(89): require()
#2 A:\kodein\kodein.codes\system\View\View.php(246): include('A:\\kodein\\kodei...')
#3 A:\kodein\kodein.codes\system\Common.php(1119): CodeIgniter\View\View->render('index', Array, true)
#4 A:\kodein\kodein.codes\app\Controllers\Home.php(27): view('index', Array)
#5 A:\kodein\kodein.codes\system\CodeIgniter.php(918): App\Controllers\Home->index()
#6 A:\kodein\kodein.codes\system\CodeIgniter.php(404): CodeIgniter\CodeIgniter->runController(Object(App\Controllers\Home))
#7 A:\kodein\kodein.codes\system\CodeIgniter.php(312): CodeIgniter\CodeIgniter->handleRequest(NULL, Object(Config\Cache), false)
#8 A:\kodein\kodein.codes\public\index.php(45): CodeIgniter\CodeIgniter->run()
#9 A:\kodein\kodein.codes\system\Commands\Server\rewrite.php(34): require_once('A:\\kodein\\kodei...')
#10 {main}
CRITICAL - 2022-06-18 09:13:22 --> require(./Template/navbar.php): failed to open stream: No such file or directory
#0 A:\kodein\kodein.codes\app\Views\index.php(89): CodeIgniter\Debug\Exceptions->errorHandler(2, 'require(./Templ...', 'A:\\kodein\\kodei...', 89, Array)
#1 A:\kodein\kodein.codes\app\Views\index.php(89): require()
#2 A:\kodein\kodein.codes\system\View\View.php(246): include('A:\\kodein\\kodei...')
#3 A:\kodein\kodein.codes\system\Common.php(1119): CodeIgniter\View\View->render('index', Array, true)
#4 A:\kodein\kodein.codes\app\Controllers\Home.php(27): view('index', Array)
#5 A:\kodein\kodein.codes\system\CodeIgniter.php(918): App\Controllers\Home->index()
#6 A:\kodein\kodein.codes\system\CodeIgniter.php(404): CodeIgniter\CodeIgniter->runController(Object(App\Controllers\Home))
#7 A:\kodein\kodein.codes\system\CodeIgniter.php(312): CodeIgniter\CodeIgniter->handleRequest(NULL, Object(Config\Cache), false)
#8 A:\kodein\kodein.codes\public\index.php(45): CodeIgniter\CodeIgniter->run()
#9 A:\kodein\kodein.codes\system\Commands\Server\rewrite.php(34): require_once('A:\\kodein\\kodei...')
#10 {main}
CRITICAL - 2022-06-18 09:13:23 --> require(./Template/navbar.php): failed to open stream: No such file or directory
#0 A:\kodein\kodein.codes\app\Views\index.php(89): CodeIgniter\Debug\Exceptions->errorHandler(2, 'require(./Templ...', 'A:\\kodein\\kodei...', 89, Array)
#1 A:\kodein\kodein.codes\app\Views\index.php(89): require()
#2 A:\kodein\kodein.codes\system\View\View.php(246): include('A:\\kodein\\kodei...')
#3 A:\kodein\kodein.codes\system\Common.php(1119): CodeIgniter\View\View->render('index', Array, true)
#4 A:\kodein\kodein.codes\app\Controllers\Home.php(27): view('index', Array)
#5 A:\kodein\kodein.codes\system\CodeIgniter.php(918): App\Controllers\Home->index()
#6 A:\kodein\kodein.codes\system\CodeIgniter.php(404): CodeIgniter\CodeIgniter->runController(Object(App\Controllers\Home))
#7 A:\kodein\kodein.codes\system\CodeIgniter.php(312): CodeIgniter\CodeIgniter->handleRequest(NULL, Object(Config\Cache), false)
#8 A:\kodein\kodein.codes\public\index.php(45): CodeIgniter\CodeIgniter->run()
#9 A:\kodein\kodein.codes\system\Commands\Server\rewrite.php(34): require_once('A:\\kodein\\kodei...')
#10 {main}
CRITICAL - 2022-06-18 10:06:18 --> Invalid file: dashboard.php
#0 A:\kodein\kodein.codes\system\View\View.php(228): CodeIgniter\Exceptions\FrameworkException::forInvalidFile('dashboard.php')
#1 A:\kodein\kodein.codes\system\Common.php(1119): CodeIgniter\View\View->render('dashboard', Array, true)
#2 A:\kodein\kodein.codes\app\Controllers\Home.php(266): view('dashboard', Array)
#3 A:\kodein\kodein.codes\system\CodeIgniter.php(918): App\Controllers\Home->dashboard_user()
#4 A:\kodein\kodein.codes\system\CodeIgniter.php(404): CodeIgniter\CodeIgniter->runController(Object(App\Controllers\Home))
#5 A:\kodein\kodein.codes\system\CodeIgniter.php(312): CodeIgniter\CodeIgniter->handleRequest(NULL, Object(Config\Cache), false)
#6 A:\kodein\kodein.codes\public\index.php(45): CodeIgniter\CodeIgniter->run()
#7 A:\kodein\kodein.codes\system\Commands\Server\rewrite.php(34): require_once('A:\\kodein\\kodei...')
#8 {main}
