CRITICAL - 2022-02-23 20:56:21 --> Invalid argument supplied for foreach()
#0 A:\kodein\kodein.codes\app\Views\index.php(151): CodeIgniter\Debug\Exceptions->errorHandler(2, 'Invalid argumen...', 'A:\\kodein\\kodei...', 151, Array)
#1 A:\kodein\kodein.codes\system\View\View.php(246): include('A:\\kodein\\kodei...')
#2 A:\kodein\kodein.codes\system\Common.php(1119): CodeIgniter\View\View->render('index', Array, true)
#3 A:\kodein\kodein.codes\app\Controllers\Home.php(21): view('index')
#4 A:\kodein\kodein.codes\system\CodeIgniter.php(918): App\Controllers\Home->index()
#5 A:\kodein\kodein.codes\system\CodeIgniter.php(404): CodeIgniter\CodeIgniter->runController(Object(App\Controllers\Home))
#6 A:\kodein\kodein.codes\system\CodeIgniter.php(312): CodeIgniter\CodeIgniter->handleRequest(NULL, Object(Config\Cache), false)
#7 A:\kodein\kodein.codes\public\index.php(45): CodeIgniter\CodeIgniter->run()
#8 A:\kodein\kodein.codes\system\Commands\Server\rewrite.php(34): require_once('A:\\kodein\\kodei...')
#9 {main}
CRITICAL - 2022-02-23 20:56:45 --> Undefined variable: kelas
#0 A:\kodein\kodein.codes\app\Views\index.php(151): CodeIgniter\Debug\Exceptions->errorHandler(8, 'Undefined varia...', 'A:\\kodein\\kodei...', 151, Array)
#1 A:\kodein\kodein.codes\system\View\View.php(246): include('A:\\kodein\\kodei...')
#2 A:\kodein\kodein.codes\system\Common.php(1119): CodeIgniter\View\View->render('index', Array, true)
#3 A:\kodein\kodein.codes\app\Controllers\Home.php(21): view('index')
#4 A:\kodein\kodein.codes\system\CodeIgniter.php(918): App\Controllers\Home->index()
#5 A:\kodein\kodein.codes\system\CodeIgniter.php(404): CodeIgniter\CodeIgniter->runController(Object(App\Controllers\Home))
#6 A:\kodein\kodein.codes\system\CodeIgniter.php(312): CodeIgniter\CodeIgniter->handleRequest(NULL, Object(Config\Cache), false)
#7 A:\kodein\kodein.codes\public\index.php(45): CodeIgniter\CodeIgniter->run()
#8 A:\kodein\kodein.codes\system\Commands\Server\rewrite.php(34): require_once('A:\\kodein\\kodei...')
#9 {main}
CRITICAL - 2022-02-23 08:03:35 --> syntax error, unexpected '<<' (T_SL), expecting end of file
#0 A:\kodein\kodein.codes\system\CodeIgniter.php(364): CodeIgniter\CodeIgniter->tryToRouteIt(NULL)
#1 A:\kodein\kodein.codes\system\CodeIgniter.php(312): CodeIgniter\CodeIgniter->handleRequest(NULL, Object(Config\Cache), false)
#2 A:\kodein\kodein.codes\public\index.php(45): CodeIgniter\CodeIgniter->run()
#3 A:\kodein\kodein.codes\system\Commands\Server\rewrite.php(34): require_once('A:\\kodein\\kodei...')
#4 {main}
CRITICAL - 2022-02-23 08:03:56 --> syntax error, unexpected '<<' (T_SL), expecting end of file
#0 A:\kodein\kodein.codes\system\CodeIgniter.php(364): CodeIgniter\CodeIgniter->tryToRouteIt(NULL)
#1 A:\kodein\kodein.codes\system\CodeIgniter.php(312): CodeIgniter\CodeIgniter->handleRequest(NULL, Object(Config\Cache), false)
#2 A:\kodein\kodein.codes\public\index.php(45): CodeIgniter\CodeIgniter->run()
#3 A:\kodein\kodein.codes\system\Commands\Server\rewrite.php(34): require_once('A:\\kodein\\kodei...')
#4 {main}
CRITICAL - 2022-02-23 21:04:07 --> Cannot declare class HitCounter, because the name is already in use
#0 [internal function]: CodeIgniter\Debug\Exceptions->shutdownHandler()
#1 {main}
CRITICAL - 2022-02-23 21:05:25 --> Undefined variable: session
#0 A:\kodein\kodein.codes\app\Views\index.php(57): CodeIgniter\Debug\Exceptions->errorHandler(8, 'Undefined varia...', 'A:\\kodein\\kodei...', 57, Array)
#1 A:\kodein\kodein.codes\system\View\View.php(246): include('A:\\kodein\\kodei...')
#2 A:\kodein\kodein.codes\system\Common.php(1119): CodeIgniter\View\View->render('index', Array, true)
#3 A:\kodein\kodein.codes\app\Controllers\Home.php(28): view('index', Array)
#4 A:\kodein\kodein.codes\system\CodeIgniter.php(918): App\Controllers\Home->index()
#5 A:\kodein\kodein.codes\system\CodeIgniter.php(404): CodeIgniter\CodeIgniter->runController(Object(App\Controllers\Home))
#6 A:\kodein\kodein.codes\system\CodeIgniter.php(312): CodeIgniter\CodeIgniter->handleRequest(NULL, Object(Config\Cache), false)
#7 A:\kodein\kodein.codes\public\index.php(45): CodeIgniter\CodeIgniter->run()
#8 A:\kodein\kodein.codes\system\Commands\Server\rewrite.php(34): require_once('A:\\kodein\\kodei...')
#9 {main}
CRITICAL - 2022-02-23 21:06:03 --> syntax error, unexpected '===' (T_IS_IDENTICAL)
#0 A:\kodein\kodein.codes\system\Common.php(1119): CodeIgniter\View\View->render('login', Array, true)
#1 A:\kodein\kodein.codes\app\Controllers\Home.php(31): view('login')
#2 A:\kodein\kodein.codes\system\CodeIgniter.php(918): App\Controllers\Home->viewLogin()
#3 A:\kodein\kodein.codes\system\CodeIgniter.php(404): CodeIgniter\CodeIgniter->runController(Object(App\Controllers\Home))
#4 A:\kodein\kodein.codes\system\CodeIgniter.php(312): CodeIgniter\CodeIgniter->handleRequest(NULL, Object(Config\Cache), false)
#5 A:\kodein\kodein.codes\public\index.php(45): CodeIgniter\CodeIgniter->run()
#6 A:\kodein\kodein.codes\system\Commands\Server\rewrite.php(34): require_once('A:\\kodein\\kodei...')
#7 {main}
CRITICAL - 2022-02-23 21:07:38 --> Trying to access array offset on value of type null
#0 A:\kodein\kodein.codes\app\Views\detailkelas.php(3): CodeIgniter\Debug\Exceptions->errorHandler(8, 'Trying to acces...', 'A:\\kodein\\kodei...', 3, Array)
#1 A:\kodein\kodein.codes\system\View\View.php(246): include('A:\\kodein\\kodei...')
#2 A:\kodein\kodein.codes\system\Common.php(1119): CodeIgniter\View\View->render('detailkelas', Array, true)
#3 A:\kodein\kodein.codes\app\Controllers\Home.php(233): view('detailkelas', Array)
#4 A:\kodein\kodein.codes\system\CodeIgniter.php(918): App\Controllers\Home->detailsKelas('css-1')
#5 A:\kodein\kodein.codes\system\CodeIgniter.php(404): CodeIgniter\CodeIgniter->runController(Object(App\Controllers\Home))
#6 A:\kodein\kodein.codes\system\CodeIgniter.php(312): CodeIgniter\CodeIgniter->handleRequest(NULL, Object(Config\Cache), false)
#7 A:\kodein\kodein.codes\public\index.php(45): CodeIgniter\CodeIgniter->run()
#8 A:\kodein\kodein.codes\system\Commands\Server\rewrite.php(34): require_once('A:\\kodein\\kodei...')
#9 {main}
CRITICAL - 2022-02-23 21:09:13 --> Trying to access array offset on value of type null
#0 A:\kodein\kodein.codes\app\Views\detailkelas.php(3): CodeIgniter\Debug\Exceptions->errorHandler(8, 'Trying to acces...', 'A:\\kodein\\kodei...', 3, Array)
#1 A:\kodein\kodein.codes\system\View\View.php(246): include('A:\\kodein\\kodei...')
#2 A:\kodein\kodein.codes\system\Common.php(1119): CodeIgniter\View\View->render('detailkelas', Array, true)
#3 A:\kodein\kodein.codes\app\Controllers\Home.php(233): view('detailkelas', Array)
#4 A:\kodein\kodein.codes\system\CodeIgniter.php(918): App\Controllers\Home->detailsKelas('css-1')
#5 A:\kodein\kodein.codes\system\CodeIgniter.php(404): CodeIgniter\CodeIgniter->runController(Object(App\Controllers\Home))
#6 A:\kodein\kodein.codes\system\CodeIgniter.php(312): CodeIgniter\CodeIgniter->handleRequest(NULL, Object(Config\Cache), false)
#7 A:\kodein\kodein.codes\public\index.php(45): CodeIgniter\CodeIgniter->run()
#8 A:\kodein\kodein.codes\system\Commands\Server\rewrite.php(34): require_once('A:\\kodein\\kodei...')
#9 {main}
CRITICAL - 2022-02-23 21:12:23 --> Trying to access array offset on value of type null
#0 A:\kodein\kodein.codes\app\Views\detailkelas.php(104): CodeIgniter\Debug\Exceptions->errorHandler(8, 'Trying to acces...', 'A:\\kodein\\kodei...', 104, Array)
#1 A:\kodein\kodein.codes\system\View\View.php(246): include('A:\\kodein\\kodei...')
#2 A:\kodein\kodein.codes\system\Common.php(1119): CodeIgniter\View\View->render('detailkelas', Array, true)
#3 A:\kodein\kodein.codes\app\Controllers\Home.php(233): view('detailkelas', Array)
#4 A:\kodein\kodein.codes\system\CodeIgniter.php(918): App\Controllers\Home->detailsKelas('css-1')
#5 A:\kodein\kodein.codes\system\CodeIgniter.php(404): CodeIgniter\CodeIgniter->runController(Object(App\Controllers\Home))
#6 A:\kodein\kodein.codes\system\CodeIgniter.php(312): CodeIgniter\CodeIgniter->handleRequest(NULL, Object(Config\Cache), false)
#7 A:\kodein\kodein.codes\public\index.php(45): CodeIgniter\CodeIgniter->run()
#8 A:\kodein\kodein.codes\system\Commands\Server\rewrite.php(34): require_once('A:\\kodein\\kodei...')
#9 {main}
CRITICAL - 2022-02-23 21:12:58 --> Trying to access array offset on value of type null
#0 A:\kodein\kodein.codes\app\Views\detailkelas.php(104): CodeIgniter\Debug\Exceptions->errorHandler(8, 'Trying to acces...', 'A:\\kodein\\kodei...', 104, Array)
#1 A:\kodein\kodein.codes\system\View\View.php(246): include('A:\\kodein\\kodei...')
#2 A:\kodein\kodein.codes\system\Common.php(1119): CodeIgniter\View\View->render('detailkelas', Array, true)
#3 A:\kodein\kodein.codes\app\Controllers\Home.php(233): view('detailkelas', Array)
#4 A:\kodein\kodein.codes\system\CodeIgniter.php(918): App\Controllers\Home->detailsKelas('css-1')
#5 A:\kodein\kodein.codes\system\CodeIgniter.php(404): CodeIgniter\CodeIgniter->runController(Object(App\Controllers\Home))
#6 A:\kodein\kodein.codes\system\CodeIgniter.php(312): CodeIgniter\CodeIgniter->handleRequest(NULL, Object(Config\Cache), false)
#7 A:\kodein\kodein.codes\public\index.php(45): CodeIgniter\CodeIgniter->run()
#8 A:\kodein\kodein.codes\system\Commands\Server\rewrite.php(34): require_once('A:\\kodein\\kodei...')
#9 {main}
