CRITICAL - 2022-04-09 09:23:01 --> A non-numeric value encountered
#0 A:\kodein\kodein.codes\app\Views\playground\inCoders.php(286): CodeIgniter\Debug\Exceptions->errorHandler(2, 'A non-numeric v...', 'A:\\kodein\\kodei...', 286, Array)
#1 A:\kodein\kodein.codes\system\View\View.php(246): include('A:\\kodein\\kodei...')
#2 A:\kodein\kodein.codes\system\Common.php(1119): CodeIgniter\View\View->render('playground/inCo...', Array, true)
#3 A:\kodein\kodein.codes\app\Controllers\Home.php(249): view('playground/inCo...', Array)
#4 A:\kodein\kodein.codes\system\CodeIgniter.php(918): App\Controllers\Home->mulaiKelas('html-1', '2', 'danger')
#5 A:\kodein\kodein.codes\system\CodeIgniter.php(404): CodeIgniter\CodeIgniter->runController(Object(App\Controllers\Home))
#6 A:\kodein\kodein.codes\system\CodeIgniter.php(312): CodeIgniter\CodeIgniter->handleRequest(NULL, Object(Config\Cache), false)
#7 A:\kodein\kodein.codes\public\index.php(45): CodeIgniter\CodeIgniter->run()
#8 A:\kodein\kodein.codes\system\Commands\Server\rewrite.php(34): require_once('A:\\kodein\\kodei...')
#9 {main}
CRITICAL - 2022-04-09 09:35:29 --> A non-numeric value encountered
#0 A:\kodein\kodein.codes\app\Views\playground\inCoders.php(4): CodeIgniter\Debug\Exceptions->errorHandler(2, 'A non-numeric v...', 'A:\\kodein\\kodei...', 4, Array)
#1 A:\kodein\kodein.codes\system\View\View.php(246): include('A:\\kodein\\kodei...')
#2 A:\kodein\kodein.codes\system\Common.php(1119): CodeIgniter\View\View->render('playground/inCo...', Array, true)
#3 A:\kodein\kodein.codes\app\Controllers\Home.php(249): view('playground/inCo...', Array)
#4 A:\kodein\kodein.codes\system\CodeIgniter.php(918): App\Controllers\Home->mulaiKelas('html-1', '2', '0')
#5 A:\kodein\kodein.codes\system\CodeIgniter.php(404): CodeIgniter\CodeIgniter->runController(Object(App\Controllers\Home))
#6 A:\kodein\kodein.codes\system\CodeIgniter.php(312): CodeIgniter\CodeIgniter->handleRequest(NULL, Object(Config\Cache), false)
#7 A:\kodein\kodein.codes\public\index.php(45): CodeIgniter\CodeIgniter->run()
#8 A:\kodein\kodein.codes\system\Commands\Server\rewrite.php(34): require_once('A:\\kodein\\kodei...')
#9 {main}
CRITICAL - 2022-04-09 09:41:31 --> A non-numeric value encountered
#0 A:\kodein\kodein.codes\app\Views\playground\inCoders.php(4): CodeIgniter\Debug\Exceptions->errorHandler(2, 'A non-numeric v...', 'A:\\kodein\\kodei...', 4, Array)
#1 A:\kodein\kodein.codes\system\View\View.php(246): include('A:\\kodein\\kodei...')
#2 A:\kodein\kodein.codes\system\Common.php(1119): CodeIgniter\View\View->render('playground/inCo...', Array, true)
#3 A:\kodein\kodein.codes\app\Controllers\Home.php(249): view('playground/inCo...', Array)
#4 A:\kodein\kodein.codes\system\CodeIgniter.php(918): App\Controllers\Home->mulaiKelas('html-1', '2', '0')
#5 A:\kodein\kodein.codes\system\CodeIgniter.php(404): CodeIgniter\CodeIgniter->runController(Object(App\Controllers\Home))
#6 A:\kodein\kodein.codes\system\CodeIgniter.php(312): CodeIgniter\CodeIgniter->handleRequest(NULL, Object(Config\Cache), false)
#7 A:\kodein\kodein.codes\public\index.php(45): CodeIgniter\CodeIgniter->run()
#8 A:\kodein\kodein.codes\system\Commands\Server\rewrite.php(34): require_once('A:\\kodein\\kodei...')
#9 {main}
