CRITICAL - 2021-07-03 10:35:37 --> Invalid argument supplied for foreach()
#0 A:\kodein\kodein.codes\app\Views\testLeadBoard.php(22): CodeIgniter\Debug\Exceptions->errorHandler(2, 'Invalid argumen...', 'A:\\kodein\\kodei...', 22, Array)
#1 A:\kodein\kodein.codes\system\View\View.php(246): include('A:\\kodein\\kodei...')
#2 A:\kodein\kodein.codes\system\Common.php(1119): CodeIgniter\View\View->render('testLeadBoard', Array, true)
#3 A:\kodein\kodein.codes\app\Controllers\Home.php(165): view('testLeadBoard', Array)
#4 A:\kodein\kodein.codes\system\CodeIgniter.php(918): App\Controllers\Home->leaderboard()
#5 A:\kodein\kodein.codes\system\CodeIgniter.php(404): CodeIgniter\CodeIgniter->runController(Object(App\Controllers\Home))
#6 A:\kodein\kodein.codes\system\CodeIgniter.php(312): CodeIgniter\CodeIgniter->handleRequest(NULL, Object(Config\Cache), false)
#7 A:\kodein\kodein.codes\public\index.php(45): CodeIgniter\CodeIgniter->run()
#8 A:\kodein\kodein.codes\system\Commands\Server\rewrite.php(34): require_once('A:\\kodein\\kodei...')
#9 {main}
CRITICAL - 2021-07-03 10:36:27 --> Invalid argument supplied for foreach()
#0 A:\kodein\kodein.codes\app\Views\testLeadBoard.php(22): CodeIgniter\Debug\Exceptions->errorHandler(2, 'Invalid argumen...', 'A:\\kodein\\kodei...', 22, Array)
#1 A:\kodein\kodein.codes\system\View\View.php(246): include('A:\\kodein\\kodei...')
#2 A:\kodein\kodein.codes\system\Common.php(1119): CodeIgniter\View\View->render('testLeadBoard', Array, true)
#3 A:\kodein\kodein.codes\app\Controllers\Home.php(165): view('testLeadBoard', Array)
#4 A:\kodein\kodein.codes\system\CodeIgniter.php(918): App\Controllers\Home->leaderboard()
#5 A:\kodein\kodein.codes\system\CodeIgniter.php(404): CodeIgniter\CodeIgniter->runController(Object(App\Controllers\Home))
#6 A:\kodein\kodein.codes\system\CodeIgniter.php(312): CodeIgniter\CodeIgniter->handleRequest(NULL, Object(Config\Cache), false)
#7 A:\kodein\kodein.codes\public\index.php(45): CodeIgniter\CodeIgniter->run()
#8 A:\kodein\kodein.codes\system\Commands\Server\rewrite.php(34): require_once('A:\\kodein\\kodei...')
#9 {main}
CRITICAL - 2021-07-03 10:48:44 --> Call to undefined method App\Models\LoginModel::selectAll
#0 A:\kodein\kodein.codes\app\Models\LoginModel.php(17): CodeIgniter\Model->__call('selectAll', Array)
#1 A:\kodein\kodein.codes\app\Controllers\Home.php(162): App\Models\LoginModel->getLeadAkun()
#2 A:\kodein\kodein.codes\system\CodeIgniter.php(918): App\Controllers\Home->leaderboard()
#3 A:\kodein\kodein.codes\system\CodeIgniter.php(404): CodeIgniter\CodeIgniter->runController(Object(App\Controllers\Home))
#4 A:\kodein\kodein.codes\system\CodeIgniter.php(312): CodeIgniter\CodeIgniter->handleRequest(NULL, Object(Config\Cache), false)
#5 A:\kodein\kodein.codes\public\index.php(45): CodeIgniter\CodeIgniter->run()
#6 A:\kodein\kodein.codes\system\Commands\Server\rewrite.php(34): require_once('A:\\kodein\\kodei...')
#7 {main}
CRITICAL - 2021-07-03 10:49:16 --> Call to a member function select() on null
#0 A:\kodein\kodein.codes\system\CodeIgniter.php(918): App\Controllers\Home->leaderboard()
#1 A:\kodein\kodein.codes\system\CodeIgniter.php(404): CodeIgniter\CodeIgniter->runController(Object(App\Controllers\Home))
#2 A:\kodein\kodein.codes\system\CodeIgniter.php(312): CodeIgniter\CodeIgniter->handleRequest(NULL, Object(Config\Cache), false)
#3 A:\kodein\kodein.codes\public\index.php(45): CodeIgniter\CodeIgniter->run()
#4 A:\kodein\kodein.codes\system\Commands\Server\rewrite.php(34): require_once('A:\\kodein\\kodei...')
#5 {main}
CRITICAL - 2021-07-03 10:53:39 --> Maximum execution time of 60 seconds exceeded
#0 [internal function]: CodeIgniter\Debug\Exceptions->shutdownHandler()
#1 {main}
CRITICAL - 2021-07-03 11:04:11 --> Use of undefined constant nama_lengkap - assumed 'nama_lengkap' (this will throw an Error in a future version of PHP)
#0 A:\kodein\kodein.codes\app\Views\testLeadBoard.php(24): CodeIgniter\Debug\Exceptions->errorHandler(2, 'Use of undefine...', 'A:\\kodein\\kodei...', 24, Array)
#1 A:\kodein\kodein.codes\system\View\View.php(246): include('A:\\kodein\\kodei...')
#2 A:\kodein\kodein.codes\system\Common.php(1119): CodeIgniter\View\View->render('testLeadBoard', Array, true)
#3 A:\kodein\kodein.codes\app\Controllers\Home.php(166): view('testLeadBoard', Array)
#4 A:\kodein\kodein.codes\system\CodeIgniter.php(918): App\Controllers\Home->leaderboard()
#5 A:\kodein\kodein.codes\system\CodeIgniter.php(404): CodeIgniter\CodeIgniter->runController(Object(App\Controllers\Home))
#6 A:\kodein\kodein.codes\system\CodeIgniter.php(312): CodeIgniter\CodeIgniter->handleRequest(NULL, Object(Config\Cache), false)
#7 A:\kodein\kodein.codes\public\index.php(45): CodeIgniter\CodeIgniter->run()
#8 A:\kodein\kodein.codes\system\Commands\Server\rewrite.php(34): require_once('A:\\kodein\\kodei...')
#9 {main}
