CRITICAL - 2021-07-02 13:56:50 --> Unable to connect to the database.
#0 A:\kodein\kodein.codes\system\Database\BaseConnection.php(646): CodeIgniter\Database\BaseConnection->initialize()
#1 A:\kodein\kodein.codes\system\Model.php(1814): CodeIgniter\Database\BaseConnection->query('insert into pen...')
#2 A:\kodein\kodein.codes\app\Controllers\hit.php(42): CodeIgniter\Model->__call('query', Array)
#3 A:\kodein\kodein.codes\app\Views\hitCounter.php(16): HitCounter->Hitung('NT', 'Win64; x64', 'Mozilla/5.0 (Wi...')
#4 A:\kodein\kodein.codes\app\Views\index.php(3): require('A:\\kodein\\kodei...')
#5 A:\kodein\kodein.codes\system\View\View.php(246): include('A:\\kodein\\kodei...')
#6 A:\kodein\kodein.codes\system\Common.php(1119): CodeIgniter\View\View->render('index', Array, true)
#7 A:\kodein\kodein.codes\app\Controllers\Home.php(12): view('index')
#8 A:\kodein\kodein.codes\system\CodeIgniter.php(918): App\Controllers\Home->index()
#9 A:\kodein\kodein.codes\system\CodeIgniter.php(404): CodeIgniter\CodeIgniter->runController(Object(App\Controllers\Home))
#10 A:\kodein\kodein.codes\system\CodeIgniter.php(312): CodeIgniter\CodeIgniter->handleRequest(NULL, Object(Config\Cache), false)
#11 A:\kodein\kodein.codes\public\index.php(45): CodeIgniter\CodeIgniter->run()
#12 A:\kodein\kodein.codes\system\Commands\Server\rewrite.php(34): require_once('A:\\kodein\\kodei...')
#13 {main}
CRITICAL - 2021-07-02 08:48:15 --> syntax error, unexpected '}'
#0 A:\kodein\kodein.codes\system\Autoloader\Autoloader.php(296): CodeIgniter\Autoloader\Autoloader->requireFile('A:\\kodein\\kodei...')
#1 A:\kodein\kodein.codes\system\Autoloader\Autoloader.php(258): CodeIgniter\Autoloader\Autoloader->loadInNamespace('App\\Controllers...')
#2 [internal function]: CodeIgniter\Autoloader\Autoloader->loadClass('App\\Controllers...')
#3 [internal function]: spl_autoload_call('App\\Controllers...')
#4 A:\kodein\kodein.codes\system\CodeIgniter.php(869): class_exists('\\App\\Controller...', true)
#5 A:\kodein\kodein.codes\system\CodeIgniter.php(394): CodeIgniter\CodeIgniter->startController()
#6 A:\kodein\kodein.codes\system\CodeIgniter.php(312): CodeIgniter\CodeIgniter->handleRequest(NULL, Object(Config\Cache), false)
#7 A:\kodein\kodein.codes\public\index.php(45): CodeIgniter\CodeIgniter->run()
#8 A:\kodein\kodein.codes\system\Commands\Server\rewrite.php(34): require_once('A:\\kodein\\kodei...')
#9 {main}
CRITICAL - 2021-07-02 21:21:15 --> Call to undefined function App\Models\getAllLeaderboard()
#0 A:\kodein\kodein.codes\app\Controllers\Home.php(171): App\Models\LeaderboardModel->insertLeaderboad(Array)
#1 A:\kodein\kodein.codes\system\CodeIgniter.php(918): App\Controllers\Home->leaderboard()
#2 A:\kodein\kodein.codes\system\CodeIgniter.php(404): CodeIgniter\CodeIgniter->runController(Object(App\Controllers\Home))
#3 A:\kodein\kodein.codes\system\CodeIgniter.php(312): CodeIgniter\CodeIgniter->handleRequest(NULL, Object(Config\Cache), false)
#4 A:\kodein\kodein.codes\public\index.php(45): CodeIgniter\CodeIgniter->run()
#5 A:\kodein\kodein.codes\system\Commands\Server\rewrite.php(34): require_once('A:\\kodein\\kodei...')
#6 {main}
CRITICAL - 2021-07-02 21:25:24 --> Illegal string offset 'id_akun'
#0 A:\kodein\kodein.codes\app\Models\LeaderboardModel.php(16): CodeIgniter\Debug\Exceptions->errorHandler(2, 'Illegal string ...', 'A:\\kodein\\kodei...', 16, Array)
#1 A:\kodein\kodein.codes\app\Controllers\Home.php(171): App\Models\LeaderboardModel->insertLeaderboad(Array)
#2 A:\kodein\kodein.codes\system\CodeIgniter.php(918): App\Controllers\Home->leaderboard()
#3 A:\kodein\kodein.codes\system\CodeIgniter.php(404): CodeIgniter\CodeIgniter->runController(Object(App\Controllers\Home))
#4 A:\kodein\kodein.codes\system\CodeIgniter.php(312): CodeIgniter\CodeIgniter->handleRequest(NULL, Object(Config\Cache), false)
#5 A:\kodein\kodein.codes\public\index.php(45): CodeIgniter\CodeIgniter->run()
#6 A:\kodein\kodein.codes\system\Commands\Server\rewrite.php(34): require_once('A:\\kodein\\kodei...')
#7 {main}
CRITICAL - 2021-07-02 22:32:22 --> Invalid argument supplied for foreach()
#0 A:\kodein\kodein.codes\app\Controllers\Home.php(162): CodeIgniter\Debug\Exceptions->errorHandler(2, 'Invalid argumen...', 'A:\\kodein\\kodei...', 162, Array)
#1 A:\kodein\kodein.codes\system\CodeIgniter.php(918): App\Controllers\Home->leaderboard()
#2 A:\kodein\kodein.codes\system\CodeIgniter.php(404): CodeIgniter\CodeIgniter->runController(Object(App\Controllers\Home))
#3 A:\kodein\kodein.codes\system\CodeIgniter.php(312): CodeIgniter\CodeIgniter->handleRequest(NULL, Object(Config\Cache), false)
#4 A:\kodein\kodein.codes\public\index.php(45): CodeIgniter\CodeIgniter->run()
#5 A:\kodein\kodein.codes\system\Commands\Server\rewrite.php(34): require_once('A:\\kodein\\kodei...')
#6 {main}
