CRITICAL - 2021-07-06 12:57:36 --> Unable to connect to the database.
#0 A:\kodein\kodein.codes\system\Database\BaseConnection.php(646): CodeIgniter\Database\BaseConnection->initialize()
#1 A:\kodein\kodein.codes\system\Database\BaseBuilder.php(1860): CodeIgniter\Database\BaseConnection->query('SELECT *\nFROM `...', Array, false)
#2 A:\kodein\kodein.codes\system\Model.php(506): CodeIgniter\Database\BaseBuilder->get()
#3 A:\kodein\kodein.codes\app\Controllers\Home.php(73): CodeIgniter\Model->first()
#4 A:\kodein\kodein.codes\system\CodeIgniter.php(918): App\Controllers\Home->login()
#5 A:\kodein\kodein.codes\system\CodeIgniter.php(404): CodeIgniter\CodeIgniter->runController(Object(App\Controllers\Home))
#6 A:\kodein\kodein.codes\system\CodeIgniter.php(312): CodeIgniter\CodeIgniter->handleRequest(NULL, Object(Config\Cache), false)
#7 A:\kodein\kodein.codes\public\index.php(45): CodeIgniter\CodeIgniter->run()
#8 A:\kodein\kodein.codes\system\Commands\Server\rewrite.php(34): require_once('A:\\kodein\\kodei...')
#9 {main}
CRITICAL - 2021-07-06 19:48:25 --> readfile(/app/Views/inCoder.php): failed to open stream: No such file or directory
#0 [internal function]: CodeIgniter\Debug\Exceptions->errorHandler(2, 'readfile(/app/V...', 'A:\\kodein\\kodei...', 169, Array)
#1 A:\kodein\kodein.codes\app\Controllers\Home.php(169): readfile('/app/Views/inCo...')
#2 A:\kodein\kodein.codes\system\CodeIgniter.php(918): App\Controllers\Home->inCoder()
#3 A:\kodein\kodein.codes\system\CodeIgniter.php(404): CodeIgniter\CodeIgniter->runController(Object(App\Controllers\Home))
#4 A:\kodein\kodein.codes\system\CodeIgniter.php(312): CodeIgniter\CodeIgniter->handleRequest(NULL, Object(Config\Cache), false)
#5 A:\kodein\kodein.codes\public\index.php(45): CodeIgniter\CodeIgniter->run()
#6 A:\kodein\kodein.codes\system\Commands\Server\rewrite.php(34): require_once('A:\\kodein\\kodei...')
#7 {main}
CRITICAL - 2021-07-06 19:48:56 --> readfile(A:\kodein\kodein.codes\app\/app/Views/inCoder.php): failed to open stream: No such file or directory
#0 [internal function]: CodeIgniter\Debug\Exceptions->errorHandler(2, 'readfile(A:\\kod...', 'A:\\kodein\\kodei...', 169, Array)
#1 A:\kodein\kodein.codes\app\Controllers\Home.php(169): readfile('A:\\kodein\\kodei...')
#2 A:\kodein\kodein.codes\system\CodeIgniter.php(918): App\Controllers\Home->inCoder()
#3 A:\kodein\kodein.codes\system\CodeIgniter.php(404): CodeIgniter\CodeIgniter->runController(Object(App\Controllers\Home))
#4 A:\kodein\kodein.codes\system\CodeIgniter.php(312): CodeIgniter\CodeIgniter->handleRequest(NULL, Object(Config\Cache), false)
#5 A:\kodein\kodein.codes\public\index.php(45): CodeIgniter\CodeIgniter->run()
#6 A:\kodein\kodein.codes\system\Commands\Server\rewrite.php(34): require_once('A:\\kodein\\kodei...')
#7 {main}
CRITICAL - 2021-07-06 19:49:18 --> readfile(\app\Views\inCoder.php): failed to open stream: No such file or directory
#0 [internal function]: CodeIgniter\Debug\Exceptions->errorHandler(2, 'readfile(\\app\\V...', 'A:\\kodein\\kodei...', 169, Array)
#1 A:\kodein\kodein.codes\app\Controllers\Home.php(169): readfile('\\app\\Views\\inCo...')
#2 A:\kodein\kodein.codes\system\CodeIgniter.php(918): App\Controllers\Home->inCoder()
#3 A:\kodein\kodein.codes\system\CodeIgniter.php(404): CodeIgniter\CodeIgniter->runController(Object(App\Controllers\Home))
#4 A:\kodein\kodein.codes\system\CodeIgniter.php(312): CodeIgniter\CodeIgniter->handleRequest(NULL, Object(Config\Cache), false)
#5 A:\kodein\kodein.codes\public\index.php(45): CodeIgniter\CodeIgniter->run()
#6 A:\kodein\kodein.codes\system\Commands\Server\rewrite.php(34): require_once('A:\\kodein\\kodei...')
#7 {main}
CRITICAL - 2021-07-06 19:49:52 --> readfile(app\Views\inCoder.php): failed to open stream: No such file or directory
#0 [internal function]: CodeIgniter\Debug\Exceptions->errorHandler(2, 'readfile(app\\Vi...', 'A:\\kodein\\kodei...', 169, Array)
#1 A:\kodein\kodein.codes\app\Controllers\Home.php(169): readfile('app\\Views\\inCod...')
#2 A:\kodein\kodein.codes\system\CodeIgniter.php(918): App\Controllers\Home->inCoder()
#3 A:\kodein\kodein.codes\system\CodeIgniter.php(404): CodeIgniter\CodeIgniter->runController(Object(App\Controllers\Home))
#4 A:\kodein\kodein.codes\system\CodeIgniter.php(312): CodeIgniter\CodeIgniter->handleRequest(NULL, Object(Config\Cache), false)
#5 A:\kodein\kodein.codes\public\index.php(45): CodeIgniter\CodeIgniter->run()
#6 A:\kodein\kodein.codes\system\Commands\Server\rewrite.php(34): require_once('A:\\kodein\\kodei...')
#7 {main}
CRITICAL - 2021-07-06 19:50:17 --> readfile(/public/visitor.txt): failed to open stream: No such file or directory
#0 [internal function]: CodeIgniter\Debug\Exceptions->errorHandler(2, 'readfile(/publi...', 'A:\\kodein\\kodei...', 169, Array)
#1 A:\kodein\kodein.codes\app\Controllers\Home.php(169): readfile('/public/visitor...')
#2 A:\kodein\kodein.codes\system\CodeIgniter.php(918): App\Controllers\Home->inCoder()
#3 A:\kodein\kodein.codes\system\CodeIgniter.php(404): CodeIgniter\CodeIgniter->runController(Object(App\Controllers\Home))
#4 A:\kodein\kodein.codes\system\CodeIgniter.php(312): CodeIgniter\CodeIgniter->handleRequest(NULL, Object(Config\Cache), false)
#5 A:\kodein\kodein.codes\public\index.php(45): CodeIgniter\CodeIgniter->run()
#6 A:\kodein\kodein.codes\system\Commands\Server\rewrite.php(34): require_once('A:\\kodein\\kodei...')
#7 {main}
CRITICAL - 2021-07-06 19:54:04 --> filesize() expects parameter 1 to be a valid path, resource given
#0 [internal function]: CodeIgniter\Debug\Exceptions->errorHandler(2, 'filesize() expe...', 'A:\\kodein\\kodei...', 170, Array)
#1 A:\kodein\kodein.codes\app\Controllers\Home.php(170): filesize(Resource id #76)
#2 A:\kodein\kodein.codes\system\CodeIgniter.php(918): App\Controllers\Home->inCoder()
#3 A:\kodein\kodein.codes\system\CodeIgniter.php(404): CodeIgniter\CodeIgniter->runController(Object(App\Controllers\Home))
#4 A:\kodein\kodein.codes\system\CodeIgniter.php(312): CodeIgniter\CodeIgniter->handleRequest(NULL, Object(Config\Cache), false)
#5 A:\kodein\kodein.codes\public\index.php(45): CodeIgniter\CodeIgniter->run()
#6 A:\kodein\kodein.codes\system\Commands\Server\rewrite.php(34): require_once('A:\\kodein\\kodei...')
#7 {main}
CRITICAL - 2021-07-06 21:47:40 --> fgetcsv() expects parameter 1 to be resource, string given
#0 [internal function]: CodeIgniter\Debug\Exceptions->errorHandler(2, 'fgetcsv() expec...', 'A:\\kodein\\kodei...', 172, Array)
#1 A:\kodein\kodein.codes\app\Controllers\Home.php(172): fgetcsv('test.txt', NULL)
#2 A:\kodein\kodein.codes\system\CodeIgniter.php(918): App\Controllers\Home->inCoder()
#3 A:\kodein\kodein.codes\system\CodeIgniter.php(404): CodeIgniter\CodeIgniter->runController(Object(App\Controllers\Home))
#4 A:\kodein\kodein.codes\system\CodeIgniter.php(312): CodeIgniter\CodeIgniter->handleRequest(NULL, Object(Config\Cache), false)
#5 A:\kodein\kodein.codes\public\index.php(45): CodeIgniter\CodeIgniter->run()
#6 A:\kodein\kodein.codes\system\Commands\Server\rewrite.php(34): require_once('A:\\kodein\\kodei...')
#7 {main}
CRITICAL - 2021-07-06 21:48:28 --> fgetcsv() expects parameter 1 to be resource, string given
#0 [internal function]: CodeIgniter\Debug\Exceptions->errorHandler(2, 'fgetcsv() expec...', 'A:\\kodein\\kodei...', 172, Array)
#1 A:\kodein\kodein.codes\app\Controllers\Home.php(172): fgetcsv('test.txt', NULL, ':')
#2 A:\kodein\kodein.codes\system\CodeIgniter.php(918): App\Controllers\Home->inCoder()
#3 A:\kodein\kodein.codes\system\CodeIgniter.php(404): CodeIgniter\CodeIgniter->runController(Object(App\Controllers\Home))
#4 A:\kodein\kodein.codes\system\CodeIgniter.php(312): CodeIgniter\CodeIgniter->handleRequest(NULL, Object(Config\Cache), false)
#5 A:\kodein\kodein.codes\public\index.php(45): CodeIgniter\CodeIgniter->run()
#6 A:\kodein\kodein.codes\system\Commands\Server\rewrite.php(34): require_once('A:\\kodein\\kodei...')
#7 {main}
CRITICAL - 2021-07-06 21:48:29 --> fgetcsv() expects parameter 1 to be resource, string given
#0 [internal function]: CodeIgniter\Debug\Exceptions->errorHandler(2, 'fgetcsv() expec...', 'A:\\kodein\\kodei...', 172, Array)
#1 A:\kodein\kodein.codes\app\Controllers\Home.php(172): fgetcsv('test.txt', NULL, ':')
#2 A:\kodein\kodein.codes\system\CodeIgniter.php(918): App\Controllers\Home->inCoder()
#3 A:\kodein\kodein.codes\system\CodeIgniter.php(404): CodeIgniter\CodeIgniter->runController(Object(App\Controllers\Home))
#4 A:\kodein\kodein.codes\system\CodeIgniter.php(312): CodeIgniter\CodeIgniter->handleRequest(NULL, Object(Config\Cache), false)
#5 A:\kodein\kodein.codes\public\index.php(45): CodeIgniter\CodeIgniter->run()
#6 A:\kodein\kodein.codes\system\Commands\Server\rewrite.php(34): require_once('A:\\kodein\\kodei...')
#7 {main}
CRITICAL - 2021-07-06 21:48:47 --> fgetcsv() expects parameter 1 to be resource, string given
#0 [internal function]: CodeIgniter\Debug\Exceptions->errorHandler(2, 'fgetcsv() expec...', 'A:\\kodein\\kodei...', 172, Array)
#1 A:\kodein\kodein.codes\app\Controllers\Home.php(172): fgetcsv('test.txt', NULL, ':')
#2 A:\kodein\kodein.codes\system\CodeIgniter.php(918): App\Controllers\Home->inCoder()
#3 A:\kodein\kodein.codes\system\CodeIgniter.php(404): CodeIgniter\CodeIgniter->runController(Object(App\Controllers\Home))
#4 A:\kodein\kodein.codes\system\CodeIgniter.php(312): CodeIgniter\CodeIgniter->handleRequest(NULL, Object(Config\Cache), false)
#5 A:\kodein\kodein.codes\public\index.php(45): CodeIgniter\CodeIgniter->run()
#6 A:\kodein\kodein.codes\system\Commands\Server\rewrite.php(34): require_once('A:\\kodein\\kodei...')
#7 {main}
