CRITICAL - 2021-05-24 00:07:48 --> Unable to connect to the database.
#0 A:\kodein\local-main\system\Database\BaseConnection.php(646): CodeIgniter\Database\BaseConnection->initialize()
#1 A:\kodein\local-main\system\Database\BaseBuilder.php(1860): CodeIgniter\Database\BaseConnection->query('SELECT *\nFROM `...', Array, false)
#2 A:\kodein\local-main\system\Model.php(462): CodeIgniter\Database\BaseBuilder->get()
#3 A:\kodein\local-main\app\Models\HistoryModel.php(10): CodeIgniter\Model->findAll()
#4 A:\kodein\local-main\app\Controllers\restfulApi.php(12): App\Models\historyModel->getHistory('test1')
#5 A:\kodein\local-main\system\CodeIgniter.php(918): App\Controllers\restfulApi->ApiHistory()
#6 A:\kodein\local-main\system\CodeIgniter.php(404): CodeIgniter\CodeIgniter->runController(Object(App\Controllers\restfulApi))
#7 A:\kodein\local-main\system\CodeIgniter.php(312): CodeIgniter\CodeIgniter->handleRequest(NULL, Object(Config\Cache), false)
#8 A:\kodein\local-main\public\index.php(45): CodeIgniter\CodeIgniter->run()
#9 A:\kodein\local-main\system\Commands\Server\rewrite.php(34): require_once('A:\\kodein\\local...')
#10 {main}
CRITICAL - 2021-05-24 00:08:09 --> Unable to connect to the database.
#0 A:\kodein\local-main\system\Database\BaseConnection.php(646): CodeIgniter\Database\BaseConnection->initialize()
#1 A:\kodein\local-main\system\Database\BaseBuilder.php(1860): CodeIgniter\Database\BaseConnection->query('SELECT *\nFROM `...', Array, false)
#2 A:\kodein\local-main\system\Model.php(462): CodeIgniter\Database\BaseBuilder->get()
#3 A:\kodein\local-main\app\Models\HistoryModel.php(10): CodeIgniter\Model->findAll()
#4 A:\kodein\local-main\app\Controllers\restfulApi.php(12): App\Models\historyModel->getHistory('test1')
#5 A:\kodein\local-main\system\CodeIgniter.php(918): App\Controllers\restfulApi->ApiHistory()
#6 A:\kodein\local-main\system\CodeIgniter.php(404): CodeIgniter\CodeIgniter->runController(Object(App\Controllers\restfulApi))
#7 A:\kodein\local-main\system\CodeIgniter.php(312): CodeIgniter\CodeIgniter->handleRequest(NULL, Object(Config\Cache), false)
#8 A:\kodein\local-main\public\index.php(45): CodeIgniter\CodeIgniter->run()
#9 A:\kodein\local-main\system\Commands\Server\rewrite.php(34): require_once('A:\\kodein\\local...')
#10 {main}
